Removed Member From Class: ClassName=Signal Generator_SCH Member=J2
Change Net Name : Old Net Name=NetP4_5 New Net Name=A0
Change Net Name : Old Net Name=NetP4_6 New Net Name=A1
Change Net Name : Old Net Name=NetP4_7 New Net Name=A2
Change Net Name : Old Net Name=NetP4_8 New Net Name=A3
Change Net Name : Old Net Name=NetP4_11 New Net Name=A6
Change Net Name : Old Net Name=NetP4_12 New Net Name=A7
Change Net Name : Old Net Name=NetP4_14 New Net Name=A9
Change Net Name : Old Net Name=NetP4_15 New Net Name=A10
Change Net Name : Old Net Name=NetP4_16 New Net Name=A11
Change Net Name : Old Net Name=NetP4_17 New Net Name=A12
Change Net Name : Old Net Name=NetP4_20 New Net Name=A15
Change Net Name : Old Net Name=NetP5_4 New Net Name=C13
Change Net Name : Old Net Name=NetP5_5 New Net Name=B0
Change Net Name : Old Net Name=NetP5_6 New Net Name=B1
Change Net Name : Old Net Name=NetP5_7 New Net Name=B2
Change Net Name : Old Net Name=NetP5_8 New Net Name=B3
Change Net Name : Old Net Name=NetP5_9 New Net Name=B4
Change Net Name : Old Net Name=NetP5_10 New Net Name=B5
Change Net Name : Old Net Name=NetP5_11 New Net Name=B6
Change Net Name : Old Net Name=NetP5_12 New Net Name=B7
Change Net Name : Old Net Name=NetP5_13 New Net Name=B8
Change Net Name : Old Net Name=NetP5_14 New Net Name=B9
Change Net Name : Old Net Name=NetP5_15 New Net Name=B10
Change Net Name : Old Net Name=NetP5_16 New Net Name=B11
Change Net Name : Old Net Name=NetP5_17 New Net Name=B12
Change Net Name : Old Net Name=NetP5_18 New Net Name=B13
Change Net Name : Old Net Name=NetP5_19 New Net Name=B14
Change Net Name : Old Net Name=NetP5_20 New Net Name=B15
Change Net Name : Old Net Name=SWDCLK New Net Name=A14
Change Net Name : Old Net Name=SWDIO New Net Name=A13
