Removed Pin From Net: NetName=+4.5 Pin=P4-2
Removed Pin From Net: NetName=+5 Pin=P4-3
Removed Pin From Net: NetName=+3.3 Pin=P4-4
Removed Pin From Net: NetName=A0 Pin=P4-5
Removed Pin From Net: NetName=A1 Pin=P4-6
Removed Pin From Net: NetName=A2 Pin=P4-7
Removed Pin From Net: NetName=A3 Pin=P4-8
Removed Pin From Net: NetName=DAC Pin=P4-9
Removed Pin From Net: NetName=A5 Pin=P4-10
Removed Pin From Net: NetName=A6 Pin=P4-11
Removed Pin From Net: NetName=A7 Pin=P4-12
Removed Pin From Net: NetName=PWM Pin=P4-13
Removed Pin From Net: NetName=A9 Pin=P4-14
Removed Pin From Net: NetName=A10 Pin=P4-15
Removed Pin From Net: NetName=A11 Pin=P4-16
Removed Pin From Net: NetName=A12 Pin=P4-17
Removed Pin From Net: NetName=A13 Pin=P4-18
Removed Pin From Net: NetName=A14 Pin=P4-19
Removed Pin From Net: NetName=A15 Pin=P4-20
Removed Pin From Net: NetName=GROUND Pin=P5-1
Removed Pin From Net: NetName=+9 Pin=P5-2
Removed Pin From Net: NetName=INPUTVOLTAGE Pin=P5-3
Removed Pin From Net: NetName=C13 Pin=P5-4
Removed Pin From Net: NetName=B0 Pin=P5-5
Removed Pin From Net: NetName=B1 Pin=P5-6
Removed Pin From Net: NetName=B2 Pin=P5-7
Removed Pin From Net: NetName=B3 Pin=P5-8
Removed Pin From Net: NetName=B4 Pin=P5-9
Removed Pin From Net: NetName=B5 Pin=P5-10
Removed Pin From Net: NetName=B6 Pin=P5-11
Removed Pin From Net: NetName=B7 Pin=P5-12
Removed Pin From Net: NetName=B8 Pin=P5-13
Removed Pin From Net: NetName=B9 Pin=P5-14
Removed Pin From Net: NetName=B10 Pin=P5-15
Removed Pin From Net: NetName=B11 Pin=P5-16
Removed Pin From Net: NetName=B12 Pin=P5-17
Removed Pin From Net: NetName=B13 Pin=P5-18
Removed Pin From Net: NetName=B14 Pin=P5-19
Removed Pin From Net: NetName=B15 Pin=P5-20
Added Pin To Net: NetName=B9 Pin=P4-2
Added Pin To Net: NetName=B8 Pin=P4-3
Added Pin To Net: NetName=B7 Pin=P4-4
Added Pin To Net: NetName=B6 Pin=P4-5
Added Pin To Net: NetName=B5 Pin=P4-6
Added Pin To Net: NetName=B4 Pin=P4-7
Added Pin To Net: NetName=B3 Pin=P4-8
Added Pin To Net: NetName=A15 Pin=P4-9
Added Pin To Net: NetName=A14 Pin=P4-10
Added Pin To Net: NetName=A13 Pin=P4-11
Added Pin To Net: NetName=A12 Pin=P4-12
Added Pin To Net: NetName=A11 Pin=P4-13
Added Pin To Net: NetName=A10 Pin=P4-14
Added Pin To Net: NetName=A9 Pin=P4-15
Added Pin To Net: NetName=PWM Pin=P4-16
Added Pin To Net: NetName=B15 Pin=P4-17
Added Pin To Net: NetName=B14 Pin=P4-18
Added Pin To Net: NetName=B13 Pin=P4-19
Added Pin To Net: NetName=B12 Pin=P4-20
Added Pin To Net: NetName=INPUTVOLTAGE Pin=P5-1
Added Pin To Net: NetName=+4.5 Pin=P5-2
Added Pin To Net: NetName=+9 Pin=P5-3
Added Pin To Net: NetName=+5 Pin=P5-4
Added Pin To Net: NetName=+3.3 Pin=P5-5
Added Pin To Net: NetName=GROUND Pin=P5-6
Added Pin To Net: NetName=C13 Pin=P5-7
Added Pin To Net: NetName=A0 Pin=P5-8
Added Pin To Net: NetName=A1 Pin=P5-9
Added Pin To Net: NetName=A2 Pin=P5-10
Added Pin To Net: NetName=A3 Pin=P5-11
Added Pin To Net: NetName=DAC Pin=P5-12
Added Pin To Net: NetName=A5 Pin=P5-13
Added Pin To Net: NetName=A6 Pin=P5-14
Added Pin To Net: NetName=A7 Pin=P5-15
Added Pin To Net: NetName=B0 Pin=P5-16
Added Pin To Net: NetName=B1 Pin=P5-17
Added Pin To Net: NetName=B2 Pin=P5-18
Added Pin To Net: NetName=B10 Pin=P5-19
Added Pin To Net: NetName=B11 Pin=P5-20
Change Net Name : Old Net Name=DAC New Net Name=A4
Change Net Name : Old Net Name=PWM New Net Name=A8
Added Member To Class: ClassName=Signal Generator_SCH Member=Component C12 10Uf
Added Member To Class: ClassName=Signal Generator_SCH Member=Component C13 100nF
Added Member To Class: ClassName=Signal Generator_SCH Member=Component C23 100nF
Added Member To Class: ClassName=Signal Generator_SCH Member=Component C24 10Uf
