
AVRASM ver. 2.1.30  C:\Users\Ehsan Shaghaei\Documents\00a\Debug\List\00a.asm Thu Jul 07 00:06:39 2016

C:\Users\Ehsan Shaghaei\Documents\00a\Debug\List\00a.asm(1088): warning: Register r5 already defined by the .DEF directive
C:\Users\Ehsan Shaghaei\Documents\00a\Debug\List\00a.asm(1089): warning: Register r4 already defined by the .DEF directive
C:\Users\Ehsan Shaghaei\Documents\00a\Debug\List\00a.asm(1090): warning: Register r7 already defined by the .DEF directive
C:\Users\Ehsan Shaghaei\Documents\00a\Debug\List\00a.asm(1091): warning: Register r6 already defined by the .DEF directive
C:\Users\Ehsan Shaghaei\Documents\00a\Debug\List\00a.asm(1092): warning: Register r9 already defined by the .DEF directive
C:\Users\Ehsan Shaghaei\Documents\00a\Debug\List\00a.asm(1093): warning: Register r8 already defined by the .DEF directive
C:\Users\Ehsan Shaghaei\Documents\00a\Debug\List\00a.asm(1094): warning: Register r11 already defined by the .DEF directive
C:\Users\Ehsan Shaghaei\Documents\00a\Debug\List\00a.asm(1095): warning: Register r10 already defined by the .DEF directive
C:\Users\Ehsan Shaghaei\Documents\00a\Debug\List\00a.asm(1096): warning: Register r13 already defined by the .DEF directive
                 
                 
                 ;CodeVisionAVR C Compiler V3.12 Advanced
                 ;(C) Copyright 1998-2014 Pavel Haiduc, HP InfoTech s.r.l.
                 ;http://www.hpinfotech.com
                 
                 ;Build configuration    : Debug
                 ;Chip type              : ATmega16A
                 ;Program type           : Application
                 ;Clock frequency        : 8.000000 MHz
                 ;Memory model           : Small
                 ;Optimize for           : Size
                 ;(s)printf features     : int, width
                 ;(s)scanf features      : int, width
                 ;External RAM size      : 0
                 ;Data Stack size        : 256 byte(s)
                 ;Heap size              : 0 byte(s)
                 ;Promote 'char' to 'int': Yes
                 ;'char' is unsigned     : Yes
                 ;8 bit enums            : Yes
                 ;Global 'const' stored in FLASH: Yes
                 ;Enhanced function parameter passing: Yes
                 ;Enhanced core instructions: On
                 ;Automatic register allocation for global variables: On
                 ;Smart register allocation: On
                 
                 	#define _MODEL_SMALL_
                 
                 	#pragma AVRPART ADMIN PART_NAME ATmega16A
                 	#pragma AVRPART MEMORY PROG_FLASH 16384
                 	#pragma AVRPART MEMORY EEPROM 512
                 	#pragma AVRPART MEMORY INT_SRAM SIZE 1024
                 	#pragma AVRPART MEMORY INT_SRAM START_ADDR 0x60
                 
                 	#define CALL_SUPPORTED 1
                 
                 	.LISTMAC
                 	.EQU UDRE=0x5
                 	.EQU RXC=0x7
                 	.EQU USR=0xB
                 	.EQU UDR=0xC
                 	.EQU SPSR=0xE
                 	.EQU SPDR=0xF
                 	.EQU EERE=0x0
                 	.EQU EEWE=0x1
                 	.EQU EEMWE=0x2
                 	.EQU EECR=0x1C
                 	.EQU EEDR=0x1D
                 	.EQU EEARL=0x1E
                 	.EQU EEARH=0x1F
                 	.EQU WDTCR=0x21
                 	.EQU MCUCR=0x35
                 	.EQU GICR=0x3B
                 	.EQU SPL=0x3D
                 	.EQU SPH=0x3E
                 	.EQU SREG=0x3F
                 
                 	.DEF R0X0=R0
                 	.DEF R0X1=R1
                 	.DEF R0X2=R2
                 	.DEF R0X3=R3
                 	.DEF R0X4=R4
                 	.DEF R0X5=R5
                 	.DEF R0X6=R6
                 	.DEF R0X7=R7
                 	.DEF R0X8=R8
                 	.DEF R0X9=R9
                 	.DEF R0XA=R10
                 	.DEF R0XB=R11
                 	.DEF R0XC=R12
                 	.DEF R0XD=R13
                 	.DEF R0XE=R14
                 	.DEF R0XF=R15
                 	.DEF R0X10=R16
                 	.DEF R0X11=R17
                 	.DEF R0X12=R18
                 	.DEF R0X13=R19
                 	.DEF R0X14=R20
                 	.DEF R0X15=R21
                 	.DEF R0X16=R22
                 	.DEF R0X17=R23
                 	.DEF R0X18=R24
                 	.DEF R0X19=R25
                 	.DEF R0X1A=R26
                 	.DEF R0X1B=R27
                 	.DEF R0X1C=R28
                 	.DEF R0X1D=R29
                 	.DEF R0X1E=R30
                 	.DEF R0X1F=R31
                 
                 	.EQU __SRAM_START=0x0060
                 	.EQU __SRAM_END=0x045F
                 	.EQU __DSTACK_SIZE=0x0100
                 	.EQU __HEAP_SIZE=0x0000
                 	.EQU __CLEAR_SRAM_SIZE=__SRAM_END-__SRAM_START+1
                 
                 	.MACRO __CPD1N
                 	CPI  R30,LOW(@0)
                 	LDI  R26,HIGH(@0)
                 	CPC  R31,R26
                 	LDI  R26,BYTE3(@0)
                 	CPC  R22,R26
                 	LDI  R26,BYTE4(@0)
                 	CPC  R23,R26
                 	.ENDM
                 
                 	.MACRO __CPD2N
                 	CPI  R26,LOW(@0)
                 	LDI  R30,HIGH(@0)
                 	CPC  R27,R30
                 	LDI  R30,BYTE3(@0)
                 	CPC  R24,R30
                 	LDI  R30,BYTE4(@0)
                 	CPC  R25,R30
                 	.ENDM
                 
                 	.MACRO __CPWRR
                 	CP   R@0,R@2
                 	CPC  R@1,R@3
                 	.ENDM
                 
                 	.MACRO __CPWRN
                 	CPI  R@0,LOW(@2)
                 	LDI  R30,HIGH(@2)
                 	CPC  R@1,R30
                 	.ENDM
                 
                 	.MACRO __ADDB1MN
                 	SUBI R30,LOW(-@0-(@1))
                 	.ENDM
                 
                 	.MACRO __ADDB2MN
                 	SUBI R26,LOW(-@0-(@1))
                 	.ENDM
                 
                 	.MACRO __ADDW1MN
                 	SUBI R30,LOW(-@0-(@1))
                 	SBCI R31,HIGH(-@0-(@1))
                 	.ENDM
                 
                 	.MACRO __ADDW2MN
                 	SUBI R26,LOW(-@0-(@1))
                 	SBCI R27,HIGH(-@0-(@1))
                 	.ENDM
                 
                 	.MACRO __ADDW1FN
                 	SUBI R30,LOW(-2*@0-(@1))
                 	SBCI R31,HIGH(-2*@0-(@1))
                 	.ENDM
                 
                 	.MACRO __ADDD1FN
                 	SUBI R30,LOW(-2*@0-(@1))
                 	SBCI R31,HIGH(-2*@0-(@1))
                 	SBCI R22,BYTE3(-2*@0-(@1))
                 	.ENDM
                 
                 	.MACRO __ADDD1N
                 	SUBI R30,LOW(-@0)
                 	SBCI R31,HIGH(-@0)
                 	SBCI R22,BYTE3(-@0)
                 	SBCI R23,BYTE4(-@0)
                 	.ENDM
                 
                 	.MACRO __ADDD2N
                 	SUBI R26,LOW(-@0)
                 	SBCI R27,HIGH(-@0)
                 	SBCI R24,BYTE3(-@0)
                 	SBCI R25,BYTE4(-@0)
                 	.ENDM
                 
                 	.MACRO __SUBD1N
                 	SUBI R30,LOW(@0)
                 	SBCI R31,HIGH(@0)
                 	SBCI R22,BYTE3(@0)
                 	SBCI R23,BYTE4(@0)
                 	.ENDM
                 
                 	.MACRO __SUBD2N
                 	SUBI R26,LOW(@0)
                 	SBCI R27,HIGH(@0)
                 	SBCI R24,BYTE3(@0)
                 	SBCI R25,BYTE4(@0)
                 	.ENDM
                 
                 	.MACRO __ANDBMNN
                 	LDS  R30,@0+(@1)
                 	ANDI R30,LOW(@2)
                 	STS  @0+(@1),R30
                 	.ENDM
                 
                 	.MACRO __ANDWMNN
                 	LDS  R30,@0+(@1)
                 	ANDI R30,LOW(@2)
                 	STS  @0+(@1),R30
                 	LDS  R30,@0+(@1)+1
                 	ANDI R30,HIGH(@2)
                 	STS  @0+(@1)+1,R30
                 	.ENDM
                 
                 	.MACRO __ANDD1N
                 	ANDI R30,LOW(@0)
                 	ANDI R31,HIGH(@0)
                 	ANDI R22,BYTE3(@0)
                 	ANDI R23,BYTE4(@0)
                 	.ENDM
                 
                 	.MACRO __ANDD2N
                 	ANDI R26,LOW(@0)
                 	ANDI R27,HIGH(@0)
                 	ANDI R24,BYTE3(@0)
                 	ANDI R25,BYTE4(@0)
                 	.ENDM
                 
                 	.MACRO __ORBMNN
                 	LDS  R30,@0+(@1)
                 	ORI  R30,LOW(@2)
                 	STS  @0+(@1),R30
                 	.ENDM
                 
                 	.MACRO __ORWMNN
                 	LDS  R30,@0+(@1)
                 	ORI  R30,LOW(@2)
                 	STS  @0+(@1),R30
                 	LDS  R30,@0+(@1)+1
                 	ORI  R30,HIGH(@2)
                 	STS  @0+(@1)+1,R30
                 	.ENDM
                 
                 	.MACRO __ORD1N
                 	ORI  R30,LOW(@0)
                 	ORI  R31,HIGH(@0)
                 	ORI  R22,BYTE3(@0)
                 	ORI  R23,BYTE4(@0)
                 	.ENDM
                 
                 	.MACRO __ORD2N
                 	ORI  R26,LOW(@0)
                 	ORI  R27,HIGH(@0)
                 	ORI  R24,BYTE3(@0)
                 	ORI  R25,BYTE4(@0)
                 	.ENDM
                 
                 	.MACRO __DELAY_USB
                 	LDI  R24,LOW(@0)
                 __DELAY_USB_LOOP:
                 	DEC  R24
                 	BRNE __DELAY_USB_LOOP
                 	.ENDM
                 
                 	.MACRO __DELAY_USW
                 	LDI  R24,LOW(@0)
                 	LDI  R25,HIGH(@0)
                 __DELAY_USW_LOOP:
                 	SBIW R24,1
                 	BRNE __DELAY_USW_LOOP
                 	.ENDM
                 
                 	.MACRO __GETD1S
                 	LDD  R30,Y+@0
                 	LDD  R31,Y+@0+1
                 	LDD  R22,Y+@0+2
                 	LDD  R23,Y+@0+3
                 	.ENDM
                 
                 	.MACRO __GETD2S
                 	LDD  R26,Y+@0
                 	LDD  R27,Y+@0+1
                 	LDD  R24,Y+@0+2
                 	LDD  R25,Y+@0+3
                 	.ENDM
                 
                 	.MACRO __PUTD1S
                 	STD  Y+@0,R30
                 	STD  Y+@0+1,R31
                 	STD  Y+@0+2,R22
                 	STD  Y+@0+3,R23
                 	.ENDM
                 
                 	.MACRO __PUTD2S
                 	STD  Y+@0,R26
                 	STD  Y+@0+1,R27
                 	STD  Y+@0+2,R24
                 	STD  Y+@0+3,R25
                 	.ENDM
                 
                 	.MACRO __PUTDZ2
                 	STD  Z+@0,R26
                 	STD  Z+@0+1,R27
                 	STD  Z+@0+2,R24
                 	STD  Z+@0+3,R25
                 	.ENDM
                 
                 	.MACRO __CLRD1S
                 	STD  Y+@0,R30
                 	STD  Y+@0+1,R30
                 	STD  Y+@0+2,R30
                 	STD  Y+@0+3,R30
                 	.ENDM
                 
                 	.MACRO __POINTB1MN
                 	LDI  R30,LOW(@0+(@1))
                 	.ENDM
                 
                 	.MACRO __POINTW1MN
                 	LDI  R30,LOW(@0+(@1))
                 	LDI  R31,HIGH(@0+(@1))
                 	.ENDM
                 
                 	.MACRO __POINTD1M
                 	LDI  R30,LOW(@0)
                 	LDI  R31,HIGH(@0)
                 	LDI  R22,BYTE3(@0)
                 	LDI  R23,BYTE4(@0)
                 	.ENDM
                 
                 	.MACRO __POINTW1FN
                 	LDI  R30,LOW(2*@0+(@1))
                 	LDI  R31,HIGH(2*@0+(@1))
                 	.ENDM
                 
                 	.MACRO __POINTD1FN
                 	LDI  R30,LOW(2*@0+(@1))
                 	LDI  R31,HIGH(2*@0+(@1))
                 	LDI  R22,BYTE3(2*@0+(@1))
                 	LDI  R23,BYTE4(2*@0+(@1))
                 	.ENDM
                 
                 	.MACRO __POINTB2MN
                 	LDI  R26,LOW(@0+(@1))
                 	.ENDM
                 
                 	.MACRO __POINTW2MN
                 	LDI  R26,LOW(@0+(@1))
                 	LDI  R27,HIGH(@0+(@1))
                 	.ENDM
                 
                 	.MACRO __POINTW2FN
                 	LDI  R26,LOW(2*@0+(@1))
                 	LDI  R27,HIGH(2*@0+(@1))
                 	.ENDM
                 
                 	.MACRO __POINTD2FN
                 	LDI  R26,LOW(2*@0+(@1))
                 	LDI  R27,HIGH(2*@0+(@1))
                 	LDI  R24,BYTE3(2*@0+(@1))
                 	LDI  R25,BYTE4(2*@0+(@1))
                 	.ENDM
                 
                 	.MACRO __POINTBRM
                 	LDI  R@0,LOW(@1)
                 	.ENDM
                 
                 	.MACRO __POINTWRM
                 	LDI  R@0,LOW(@2)
                 	LDI  R@1,HIGH(@2)
                 	.ENDM
                 
                 	.MACRO __POINTBRMN
                 	LDI  R@0,LOW(@1+(@2))
                 	.ENDM
                 
                 	.MACRO __POINTWRMN
                 	LDI  R@0,LOW(@2+(@3))
                 	LDI  R@1,HIGH(@2+(@3))
                 	.ENDM
                 
                 	.MACRO __POINTWRFN
                 	LDI  R@0,LOW(@2*2+(@3))
                 	LDI  R@1,HIGH(@2*2+(@3))
                 	.ENDM
                 
                 	.MACRO __GETD1N
                 	LDI  R30,LOW(@0)
                 	LDI  R31,HIGH(@0)
                 	LDI  R22,BYTE3(@0)
                 	LDI  R23,BYTE4(@0)
                 	.ENDM
                 
                 	.MACRO __GETD2N
                 	LDI  R26,LOW(@0)
                 	LDI  R27,HIGH(@0)
                 	LDI  R24,BYTE3(@0)
                 	LDI  R25,BYTE4(@0)
                 	.ENDM
                 
                 	.MACRO __GETB1MN
                 	LDS  R30,@0+(@1)
                 	.ENDM
                 
                 	.MACRO __GETB1HMN
                 	LDS  R31,@0+(@1)
                 	.ENDM
                 
                 	.MACRO __GETW1MN
                 	LDS  R30,@0+(@1)
                 	LDS  R31,@0+(@1)+1
                 	.ENDM
                 
                 	.MACRO __GETD1MN
                 	LDS  R30,@0+(@1)
                 	LDS  R31,@0+(@1)+1
                 	LDS  R22,@0+(@1)+2
                 	LDS  R23,@0+(@1)+3
                 	.ENDM
                 
                 	.MACRO __GETBRMN
                 	LDS  R@0,@1+(@2)
                 	.ENDM
                 
                 	.MACRO __GETWRMN
                 	LDS  R@0,@2+(@3)
                 	LDS  R@1,@2+(@3)+1
                 	.ENDM
                 
                 	.MACRO __GETWRZ
                 	LDD  R@0,Z+@2
                 	LDD  R@1,Z+@2+1
                 	.ENDM
                 
                 	.MACRO __GETD2Z
                 	LDD  R26,Z+@0
                 	LDD  R27,Z+@0+1
                 	LDD  R24,Z+@0+2
                 	LDD  R25,Z+@0+3
                 	.ENDM
                 
                 	.MACRO __GETB2MN
                 	LDS  R26,@0+(@1)
                 	.ENDM
                 
                 	.MACRO __GETW2MN
                 	LDS  R26,@0+(@1)
                 	LDS  R27,@0+(@1)+1
                 	.ENDM
                 
                 	.MACRO __GETD2MN
                 	LDS  R26,@0+(@1)
                 	LDS  R27,@0+(@1)+1
                 	LDS  R24,@0+(@1)+2
                 	LDS  R25,@0+(@1)+3
                 	.ENDM
                 
                 	.MACRO __PUTB1MN
                 	STS  @0+(@1),R30
                 	.ENDM
                 
                 	.MACRO __PUTW1MN
                 	STS  @0+(@1),R30
                 	STS  @0+(@1)+1,R31
                 	.ENDM
                 
                 	.MACRO __PUTD1MN
                 	STS  @0+(@1),R30
                 	STS  @0+(@1)+1,R31
                 	STS  @0+(@1)+2,R22
                 	STS  @0+(@1)+3,R23
                 	.ENDM
                 
                 	.MACRO __PUTB1EN
                 	LDI  R26,LOW(@0+(@1))
                 	LDI  R27,HIGH(@0+(@1))
                 	CALL __EEPROMWRB
                 	.ENDM
                 
                 	.MACRO __PUTW1EN
                 	LDI  R26,LOW(@0+(@1))
                 	LDI  R27,HIGH(@0+(@1))
                 	CALL __EEPROMWRW
                 	.ENDM
                 
                 	.MACRO __PUTD1EN
                 	LDI  R26,LOW(@0+(@1))
                 	LDI  R27,HIGH(@0+(@1))
                 	CALL __EEPROMWRD
                 	.ENDM
                 
                 	.MACRO __PUTBR0MN
                 	STS  @0+(@1),R0
                 	.ENDM
                 
                 	.MACRO __PUTBMRN
                 	STS  @0+(@1),R@2
                 	.ENDM
                 
                 	.MACRO __PUTWMRN
                 	STS  @0+(@1),R@2
                 	STS  @0+(@1)+1,R@3
                 	.ENDM
                 
                 	.MACRO __PUTBZR
                 	STD  Z+@1,R@0
                 	.ENDM
                 
                 	.MACRO __PUTWZR
                 	STD  Z+@2,R@0
                 	STD  Z+@2+1,R@1
                 	.ENDM
                 
                 	.MACRO __GETW1R
                 	MOV  R30,R@0
                 	MOV  R31,R@1
                 	.ENDM
                 
                 	.MACRO __GETW2R
                 	MOV  R26,R@0
                 	MOV  R27,R@1
                 	.ENDM
                 
                 	.MACRO __GETWRN
                 	LDI  R@0,LOW(@2)
                 	LDI  R@1,HIGH(@2)
                 	.ENDM
                 
                 	.MACRO __PUTW1R
                 	MOV  R@0,R30
                 	MOV  R@1,R31
                 	.ENDM
                 
                 	.MACRO __PUTW2R
                 	MOV  R@0,R26
                 	MOV  R@1,R27
                 	.ENDM
                 
                 	.MACRO __ADDWRN
                 	SUBI R@0,LOW(-@2)
                 	SBCI R@1,HIGH(-@2)
                 	.ENDM
                 
                 	.MACRO __ADDWRR
                 	ADD  R@0,R@2
                 	ADC  R@1,R@3
                 	.ENDM
                 
                 	.MACRO __SUBWRN
                 	SUBI R@0,LOW(@2)
                 	SBCI R@1,HIGH(@2)
                 	.ENDM
                 
                 	.MACRO __SUBWRR
                 	SUB  R@0,R@2
                 	SBC  R@1,R@3
                 	.ENDM
                 
                 	.MACRO __ANDWRN
                 	ANDI R@0,LOW(@2)
                 	ANDI R@1,HIGH(@2)
                 	.ENDM
                 
                 	.MACRO __ANDWRR
                 	AND  R@0,R@2
                 	AND  R@1,R@3
                 	.ENDM
                 
                 	.MACRO __ORWRN
                 	ORI  R@0,LOW(@2)
                 	ORI  R@1,HIGH(@2)
                 	.ENDM
                 
                 	.MACRO __ORWRR
                 	OR   R@0,R@2
                 	OR   R@1,R@3
                 	.ENDM
                 
                 	.MACRO __EORWRR
                 	EOR  R@0,R@2
                 	EOR  R@1,R@3
                 	.ENDM
                 
                 	.MACRO __GETWRS
                 	LDD  R@0,Y+@2
                 	LDD  R@1,Y+@2+1
                 	.ENDM
                 
                 	.MACRO __PUTBSR
                 	STD  Y+@1,R@0
                 	.ENDM
                 
                 	.MACRO __PUTWSR
                 	STD  Y+@2,R@0
                 	STD  Y+@2+1,R@1
                 	.ENDM
                 
                 	.MACRO __MOVEWRR
                 	MOV  R@0,R@2
                 	MOV  R@1,R@3
                 	.ENDM
                 
                 	.MACRO __INWR
                 	IN   R@0,@2
                 	IN   R@1,@2+1
                 	.ENDM
                 
                 	.MACRO __OUTWR
                 	OUT  @2+1,R@1
                 	OUT  @2,R@0
                 	.ENDM
                 
                 	.MACRO __CALL1MN
                 	LDS  R30,@0+(@1)
                 	LDS  R31,@0+(@1)+1
                 	ICALL
                 	.ENDM
                 
                 	.MACRO __CALL1FN
                 	LDI  R30,LOW(2*@0+(@1))
                 	LDI  R31,HIGH(2*@0+(@1))
                 	CALL __GETW1PF
                 	ICALL
                 	.ENDM
                 
                 	.MACRO __CALL2EN
                 	PUSH R26
                 	PUSH R27
                 	LDI  R26,LOW(@0+(@1))
                 	LDI  R27,HIGH(@0+(@1))
                 	CALL __EEPROMRDW
                 	POP  R27
                 	POP  R26
                 	ICALL
                 	.ENDM
                 
                 	.MACRO __CALL2EX
                 	SUBI R26,LOW(-@0)
                 	SBCI R27,HIGH(-@0)
                 	CALL __EEPROMRDD
                 	ICALL
                 	.ENDM
                 
                 	.MACRO __GETW1STACK
                 	IN   R30,SPL
                 	IN   R31,SPH
                 	ADIW R30,@0+1
                 	LD   R0,Z+
                 	LD   R31,Z
                 	MOV  R30,R0
                 	.ENDM
                 
                 	.MACRO __GETD1STACK
                 	IN   R30,SPL
                 	IN   R31,SPH
                 	ADIW R30,@0+1
                 	LD   R0,Z+
                 	LD   R1,Z+
                 	LD   R22,Z
                 	MOVW R30,R0
                 	.ENDM
                 
                 	.MACRO __NBST
                 	BST  R@0,@1
                 	IN   R30,SREG
                 	LDI  R31,0x40
                 	EOR  R30,R31
                 	OUT  SREG,R30
                 	.ENDM
                 
                 
                 	.MACRO __PUTB1SN
                 	LDD  R26,Y+@0
                 	LDD  R27,Y+@0+1
                 	SUBI R26,LOW(-@1)
                 	SBCI R27,HIGH(-@1)
                 	ST   X,R30
                 	.ENDM
                 
                 	.MACRO __PUTW1SN
                 	LDD  R26,Y+@0
                 	LDD  R27,Y+@0+1
                 	SUBI R26,LOW(-@1)
                 	SBCI R27,HIGH(-@1)
                 	ST   X+,R30
                 	ST   X,R31
                 	.ENDM
                 
                 	.MACRO __PUTD1SN
                 	LDD  R26,Y+@0
                 	LDD  R27,Y+@0+1
                 	SUBI R26,LOW(-@1)
                 	SBCI R27,HIGH(-@1)
                 	CALL __PUTDP1
                 	.ENDM
                 
                 	.MACRO __PUTB1SNS
                 	LDD  R26,Y+@0
                 	LDD  R27,Y+@0+1
                 	ADIW R26,@1
                 	ST   X,R30
                 	.ENDM
                 
                 	.MACRO __PUTW1SNS
                 	LDD  R26,Y+@0
                 	LDD  R27,Y+@0+1
                 	ADIW R26,@1
                 	ST   X+,R30
                 	ST   X,R31
                 	.ENDM
                 
                 	.MACRO __PUTD1SNS
                 	LDD  R26,Y+@0
                 	LDD  R27,Y+@0+1
                 	ADIW R26,@1
                 	CALL __PUTDP1
                 	.ENDM
                 
                 	.MACRO __PUTB1PMN
                 	LDS  R26,@0
                 	LDS  R27,@0+1
                 	SUBI R26,LOW(-@1)
                 	SBCI R27,HIGH(-@1)
                 	ST   X,R30
                 	.ENDM
                 
                 	.MACRO __PUTW1PMN
                 	LDS  R26,@0
                 	LDS  R27,@0+1
                 	SUBI R26,LOW(-@1)
                 	SBCI R27,HIGH(-@1)
                 	ST   X+,R30
                 	ST   X,R31
                 	.ENDM
                 
                 	.MACRO __PUTD1PMN
                 	LDS  R26,@0
                 	LDS  R27,@0+1
                 	SUBI R26,LOW(-@1)
                 	SBCI R27,HIGH(-@1)
                 	CALL __PUTDP1
                 	.ENDM
                 
                 	.MACRO __PUTB1PMNS
                 	LDS  R26,@0
                 	LDS  R27,@0+1
                 	ADIW R26,@1
                 	ST   X,R30
                 	.ENDM
                 
                 	.MACRO __PUTW1PMNS
                 	LDS  R26,@0
                 	LDS  R27,@0+1
                 	ADIW R26,@1
                 	ST   X+,R30
                 	ST   X,R31
                 	.ENDM
                 
                 	.MACRO __PUTD1PMNS
                 	LDS  R26,@0
                 	LDS  R27,@0+1
                 	ADIW R26,@1
                 	CALL __PUTDP1
                 	.ENDM
                 
                 	.MACRO __PUTB1RN
                 	MOVW R26,R@0
                 	SUBI R26,LOW(-@1)
                 	SBCI R27,HIGH(-@1)
                 	ST   X,R30
                 	.ENDM
                 
                 	.MACRO __PUTW1RN
                 	MOVW R26,R@0
                 	SUBI R26,LOW(-@1)
                 	SBCI R27,HIGH(-@1)
                 	ST   X+,R30
                 	ST   X,R31
                 	.ENDM
                 
                 	.MACRO __PUTD1RN
                 	MOVW R26,R@0
                 	SUBI R26,LOW(-@1)
                 	SBCI R27,HIGH(-@1)
                 	CALL __PUTDP1
                 	.ENDM
                 
                 	.MACRO __PUTB1RNS
                 	MOVW R26,R@0
                 	ADIW R26,@1
                 	ST   X,R30
                 	.ENDM
                 
                 	.MACRO __PUTW1RNS
                 	MOVW R26,R@0
                 	ADIW R26,@1
                 	ST   X+,R30
                 	ST   X,R31
                 	.ENDM
                 
                 	.MACRO __PUTD1RNS
                 	MOVW R26,R@0
                 	ADIW R26,@1
                 	CALL __PUTDP1
                 	.ENDM
                 
                 	.MACRO __PUTB1RON
                 	MOV  R26,R@0
                 	MOV  R27,R@1
                 	SUBI R26,LOW(-@2)
                 	SBCI R27,HIGH(-@2)
                 	ST   X,R30
                 	.ENDM
                 
                 	.MACRO __PUTW1RON
                 	MOV  R26,R@0
                 	MOV  R27,R@1
                 	SUBI R26,LOW(-@2)
                 	SBCI R27,HIGH(-@2)
                 	ST   X+,R30
                 	ST   X,R31
                 	.ENDM
                 
                 	.MACRO __PUTD1RON
                 	MOV  R26,R@0
                 	MOV  R27,R@1
                 	SUBI R26,LOW(-@2)
                 	SBCI R27,HIGH(-@2)
                 	CALL __PUTDP1
                 	.ENDM
                 
                 	.MACRO __PUTB1RONS
                 	MOV  R26,R@0
                 	MOV  R27,R@1
                 	ADIW R26,@2
                 	ST   X,R30
                 	.ENDM
                 
                 	.MACRO __PUTW1RONS
                 	MOV  R26,R@0
                 	MOV  R27,R@1
                 	ADIW R26,@2
                 	ST   X+,R30
                 	ST   X,R31
                 	.ENDM
                 
                 	.MACRO __PUTD1RONS
                 	MOV  R26,R@0
                 	MOV  R27,R@1
                 	ADIW R26,@2
                 	CALL __PUTDP1
                 	.ENDM
                 
                 
                 	.MACRO __GETB1SX
                 	MOVW R30,R28
                 	SUBI R30,LOW(-@0)
                 	SBCI R31,HIGH(-@0)
                 	LD   R30,Z
                 	.ENDM
                 
                 	.MACRO __GETB1HSX
                 	MOVW R30,R28
                 	SUBI R30,LOW(-@0)
                 	SBCI R31,HIGH(-@0)
                 	LD   R31,Z
                 	.ENDM
                 
                 	.MACRO __GETW1SX
                 	MOVW R30,R28
                 	SUBI R30,LOW(-@0)
                 	SBCI R31,HIGH(-@0)
                 	LD   R0,Z+
                 	LD   R31,Z
                 	MOV  R30,R0
                 	.ENDM
                 
                 	.MACRO __GETD1SX
                 	MOVW R30,R28
                 	SUBI R30,LOW(-@0)
                 	SBCI R31,HIGH(-@0)
                 	LD   R0,Z+
                 	LD   R1,Z+
                 	LD   R22,Z+
                 	LD   R23,Z
                 	MOVW R30,R0
                 	.ENDM
                 
                 	.MACRO __GETB2SX
                 	MOVW R26,R28
                 	SUBI R26,LOW(-@0)
                 	SBCI R27,HIGH(-@0)
                 	LD   R26,X
                 	.ENDM
                 
                 	.MACRO __GETW2SX
                 	MOVW R26,R28
                 	SUBI R26,LOW(-@0)
                 	SBCI R27,HIGH(-@0)
                 	LD   R0,X+
                 	LD   R27,X
                 	MOV  R26,R0
                 	.ENDM
                 
                 	.MACRO __GETD2SX
                 	MOVW R26,R28
                 	SUBI R26,LOW(-@0)
                 	SBCI R27,HIGH(-@0)
                 	LD   R0,X+
                 	LD   R1,X+
                 	LD   R24,X+
                 	LD   R25,X
                 	MOVW R26,R0
                 	.ENDM
                 
                 	.MACRO __GETBRSX
                 	MOVW R30,R28
                 	SUBI R30,LOW(-@1)
                 	SBCI R31,HIGH(-@1)
                 	LD   R@0,Z
                 	.ENDM
                 
                 	.MACRO __GETWRSX
                 	MOVW R30,R28
                 	SUBI R30,LOW(-@2)
                 	SBCI R31,HIGH(-@2)
                 	LD   R@0,Z+
                 	LD   R@1,Z
                 	.ENDM
                 
                 	.MACRO __GETBRSX2
                 	MOVW R26,R28
                 	SUBI R26,LOW(-@1)
                 	SBCI R27,HIGH(-@1)
                 	LD   R@0,X
                 	.ENDM
                 
                 	.MACRO __GETWRSX2
                 	MOVW R26,R28
                 	SUBI R26,LOW(-@2)
                 	SBCI R27,HIGH(-@2)
                 	LD   R@0,X+
                 	LD   R@1,X
                 	.ENDM
                 
                 	.MACRO __LSLW8SX
                 	MOVW R30,R28
                 	SUBI R30,LOW(-@0)
                 	SBCI R31,HIGH(-@0)
                 	LD   R31,Z
                 	CLR  R30
                 	.ENDM
                 
                 	.MACRO __PUTB1SX
                 	MOVW R26,R28
                 	SUBI R26,LOW(-@0)
                 	SBCI R27,HIGH(-@0)
                 	ST   X,R30
                 	.ENDM
                 
                 	.MACRO __PUTW1SX
                 	MOVW R26,R28
                 	SUBI R26,LOW(-@0)
                 	SBCI R27,HIGH(-@0)
                 	ST   X+,R30
                 	ST   X,R31
                 	.ENDM
                 
                 	.MACRO __PUTD1SX
                 	MOVW R26,R28
                 	SUBI R26,LOW(-@0)
                 	SBCI R27,HIGH(-@0)
                 	ST   X+,R30
                 	ST   X+,R31
                 	ST   X+,R22
                 	ST   X,R23
                 	.ENDM
                 
                 	.MACRO __CLRW1SX
                 	MOVW R26,R28
                 	SUBI R26,LOW(-@0)
                 	SBCI R27,HIGH(-@0)
                 	ST   X+,R30
                 	ST   X,R30
                 	.ENDM
                 
                 	.MACRO __CLRD1SX
                 	MOVW R26,R28
                 	SUBI R26,LOW(-@0)
                 	SBCI R27,HIGH(-@0)
                 	ST   X+,R30
                 	ST   X+,R30
                 	ST   X+,R30
                 	ST   X,R30
                 	.ENDM
                 
                 	.MACRO __PUTB2SX
                 	MOVW R30,R28
                 	SUBI R30,LOW(-@0)
                 	SBCI R31,HIGH(-@0)
                 	ST   Z,R26
                 	.ENDM
                 
                 	.MACRO __PUTW2SX
                 	MOVW R30,R28
                 	SUBI R30,LOW(-@0)
                 	SBCI R31,HIGH(-@0)
                 	ST   Z+,R26
                 	ST   Z,R27
                 	.ENDM
                 
                 	.MACRO __PUTD2SX
                 	MOVW R30,R28
                 	SUBI R30,LOW(-@0)
                 	SBCI R31,HIGH(-@0)
                 	ST   Z+,R26
                 	ST   Z+,R27
                 	ST   Z+,R24
                 	ST   Z,R25
                 	.ENDM
                 
                 	.MACRO __PUTBSRX
                 	MOVW R30,R28
                 	SUBI R30,LOW(-@1)
                 	SBCI R31,HIGH(-@1)
                 	ST   Z,R@0
                 	.ENDM
                 
                 	.MACRO __PUTWSRX
                 	MOVW R30,R28
                 	SUBI R30,LOW(-@2)
                 	SBCI R31,HIGH(-@2)
                 	ST   Z+,R@0
                 	ST   Z,R@1
                 	.ENDM
                 
                 	.MACRO __PUTB1SNX
                 	MOVW R26,R28
                 	SUBI R26,LOW(-@0)
                 	SBCI R27,HIGH(-@0)
                 	LD   R0,X+
                 	LD   R27,X
                 	MOV  R26,R0
                 	SUBI R26,LOW(-@1)
                 	SBCI R27,HIGH(-@1)
                 	ST   X,R30
                 	.ENDM
                 
                 	.MACRO __PUTW1SNX
                 	MOVW R26,R28
                 	SUBI R26,LOW(-@0)
                 	SBCI R27,HIGH(-@0)
                 	LD   R0,X+
                 	LD   R27,X
                 	MOV  R26,R0
                 	SUBI R26,LOW(-@1)
                 	SBCI R27,HIGH(-@1)
                 	ST   X+,R30
                 	ST   X,R31
                 	.ENDM
                 
                 	.MACRO __PUTD1SNX
                 	MOVW R26,R28
                 	SUBI R26,LOW(-@0)
                 	SBCI R27,HIGH(-@0)
                 	LD   R0,X+
                 	LD   R27,X
                 	MOV  R26,R0
                 	SUBI R26,LOW(-@1)
                 	SBCI R27,HIGH(-@1)
                 	ST   X+,R30
                 	ST   X+,R31
                 	ST   X+,R22
                 	ST   X,R23
                 	.ENDM
                 
                 	.MACRO __MULBRR
                 	MULS R@0,R@1
                 	MOVW R30,R0
                 	.ENDM
                 
                 	.MACRO __MULBRRU
                 	MUL  R@0,R@1
                 	MOVW R30,R0
                 	.ENDM
                 
                 	.MACRO __MULBRR0
                 	MULS R@0,R@1
                 	.ENDM
                 
                 	.MACRO __MULBRRU0
                 	MUL  R@0,R@1
                 	.ENDM
                 
                 	.MACRO __MULBNWRU
                 	LDI  R26,@2
                 	MUL  R26,R@0
                 	MOVW R30,R0
                 	MUL  R26,R@1
                 	ADD  R31,R0
                 	.ENDM
                 
                 ;NAME DEFINITIONS FOR GLOBAL VARIABLES ALLOCATED TO REGISTERS
                 	.DEF _rx_wr_index=R5
                 	.DEF _rx_rd_index=R4
                 	.DEF _rx_counter=R7
                 	.DEF _tx_wr_index=R6
                 	.DEF _tx_rd_index=R9
                 	.DEF _tx_counter=R8
                 	.DEF __lcd_x=R11
                 	.DEF __lcd_y=R10
                 	.DEF __lcd_maxx=R13
                 
                 	.CSEG
                 	.ORG 0x00
                 
                 ;START OF CODE MARKER
                 __START_OF_CODE:
                 
                 ;INTERRUPT VECTORS
000000 940c 006a 	JMP  __RESET
000002 940c 0000 	JMP  0x00
000004 940c 0000 	JMP  0x00
000006 940c 0000 	JMP  0x00
000008 940c 0000 	JMP  0x00
00000a 940c 0000 	JMP  0x00
00000c 940c 0000 	JMP  0x00
00000e 940c 0000 	JMP  0x00
000010 940c 0000 	JMP  0x00
000012 940c 0000 	JMP  0x00
000014 940c 0000 	JMP  0x00
000016 940c 0097 	JMP  _usart_rx_isr
000018 940c 0000 	JMP  0x00
00001a 940c 00c9 	JMP  _usart_tx_isr
00001c 940c 0000 	JMP  0x00
00001e 940c 0000 	JMP  0x00
000020 940c 0000 	JMP  0x00
000022 940c 0000 	JMP  0x00
000024 940c 0000 	JMP  0x00
000026 940c 0000 	JMP  0x00
000028 940c 0000 	JMP  0x00
                 
                 _tbl10_G102:
00002a 2710
00002b 03e8
00002c 0064
00002d 000a      	.DB  0x10,0x27,0xE8,0x3,0x64,0x0,0xA,0x0
00002e 0001      	.DB  0x1,0x0
                 _tbl16_G102:
00002f 1000
000030 0100
000031 0010
000032 0001      	.DB  0x0,0x10,0x0,0x1,0x10,0x0,0x1,0x0
                 
                 ;REGISTER BIT VARIABLES INITIALIZATION
                 __REG_BIT_VARS:
000033 0000      	.DW  0x0000
                 
                 ;GLOBAL REGISTER VARIABLES INITIALIZATION
                 __REG_VARS:
000034 0000
000035 0000      	.DB  0x0,0x0,0x0,0x0
000036 0000      	.DB  0x0,0x0
                 
                 _0x0:
000037 3d24
000038 3d3d
000039 3d3d
00003a 3d3d      	.DB  0x24,0x3D,0x3D,0x3D,0x3D,0x3D,0x3D,0x3D
00003b 3d3d
00003c 3d3d
00003d 3d3d
00003e 3d3d      	.DB  0x3D,0x3D,0x3D,0x3D,0x3D,0x3D,0x3D,0x3D
00003f 3d3d
000040 243d
000041 2400
000042 4b7c      	.DB  0x3D,0x3D,0x3D,0x24,0x0,0x24,0x7C,0x4B
000043 4d41
000044 4159
000045 2042
000046 202d      	.DB  0x41,0x4D,0x59,0x41,0x42,0x20,0x2D,0x20
000047 5250
000048 4a4f
000049 4345
00004a 7c54      	.DB  0x50,0x52,0x4F,0x4A,0x45,0x43,0x54,0x7C
00004b 0024
00004c 7c24
00004d 6554
00004e 706d      	.DB  0x24,0x0,0x24,0x7C,0x54,0x65,0x6D,0x70
00004f 7265
000050 7574
000051 6572
000052 522d      	.DB  0x65,0x72,0x74,0x75,0x72,0x65,0x2D,0x52
000053 4346
000054 6e6f
000055 247c
000056 7400      	.DB  0x46,0x43,0x6F,0x6E,0x7C,0x24,0x0,0x74
000057 6d65
000058 6570
000059 7472
00005a 7275      	.DB  0x65,0x6D,0x70,0x65,0x72,0x74,0x75,0x72
00005b 2065
00005c 6920
00005d 2073
00005e 003a      	.DB  0x65,0x20,0x20,0x69,0x73,0x20,0x3A,0x0
                 _0x2000003:
00005f c080      	.DB  0x80,0xC0
                 
                 __GLOBAL_INI_TBL:
000060 0001      	.DW  0x01
000061 0002      	.DW  0x02
000062 0066      	.DW  __REG_BIT_VARS*2
                 
000063 0006      	.DW  0x06
000064 0004      	.DW  0x04
000065 0068      	.DW  __REG_VARS*2
                 
000066 0002      	.DW  0x02
000067 0185      	.DW  __base_y_G100
000068 00be      	.DW  _0x2000003*2
                 
                 _0xFFFFFFFF:
000069 0000      	.DW  0
                 
                 #define __GLOBAL_INI_TBL_PRESENT 1
                 
                 __RESET:
00006a 94f8      	CLI
00006b 27ee      	CLR  R30
00006c bbec      	OUT  EECR,R30
                 
                 ;INTERRUPT VECTORS ARE PLACED
                 ;AT THE START OF FLASH
00006d e0f1      	LDI  R31,1
00006e bffb      	OUT  GICR,R31
00006f bfeb      	OUT  GICR,R30
000070 bfe5      	OUT  MCUCR,R30
                 
                 ;CLEAR R2-R14
000071 e08d      	LDI  R24,(14-2)+1
000072 e0a2      	LDI  R26,2
000073 27bb      	CLR  R27
                 __CLEAR_REG:
000074 93ed      	ST   X+,R30
000075 958a      	DEC  R24
000076 f7e9      	BRNE __CLEAR_REG
                 
                 ;CLEAR SRAM
000077 e080      	LDI  R24,LOW(__CLEAR_SRAM_SIZE)
000078 e094      	LDI  R25,HIGH(__CLEAR_SRAM_SIZE)
000079 e6a0      	LDI  R26,__SRAM_START
                 __CLEAR_SRAM:
00007a 93ed      	ST   X+,R30
00007b 9701      	SBIW R24,1
00007c f7e9      	BRNE __CLEAR_SRAM
                 
                 ;GLOBAL VARIABLES INITIALIZATION
00007d ece0      	LDI  R30,LOW(__GLOBAL_INI_TBL*2)
00007e e0f0      	LDI  R31,HIGH(__GLOBAL_INI_TBL*2)
                 __GLOBAL_INI_NEXT:
00007f 9185      	LPM  R24,Z+
000080 9195      	LPM  R25,Z+
000081 9700      	SBIW R24,0
000082 f061      	BREQ __GLOBAL_INI_END
000083 91a5      	LPM  R26,Z+
000084 91b5      	LPM  R27,Z+
000085 9005      	LPM  R0,Z+
000086 9015      	LPM  R1,Z+
000087 01bf      	MOVW R22,R30
000088 01f0      	MOVW R30,R0
                 __GLOBAL_INI_LOOP:
000089 9005      	LPM  R0,Z+
00008a 920d      	ST   X+,R0
00008b 9701      	SBIW R24,1
00008c f7e1      	BRNE __GLOBAL_INI_LOOP
00008d 01fb      	MOVW R30,R22
00008e cff0      	RJMP __GLOBAL_INI_NEXT
                 __GLOBAL_INI_END:
                 
                 ;HARDWARE STACK POINTER INITIALIZATION
00008f e5ef      	LDI  R30,LOW(__SRAM_END-__HEAP_SIZE)
000090 bfed      	OUT  SPL,R30
000091 e0e4      	LDI  R30,HIGH(__SRAM_END-__HEAP_SIZE)
000092 bfee      	OUT  SPH,R30
                 
                 ;DATA STACK POINTER INITIALIZATION
000093 e6c0      	LDI  R28,LOW(__SRAM_START+__DSTACK_SIZE)
000094 e0d1      	LDI  R29,HIGH(__SRAM_START+__DSTACK_SIZE)
                 
000095 940c 0111 	JMP  _main
                 
                 	.ESEG
                 	.ORG 0
                 
                 	.DSEG
                 	.ORG 0x160
                 
                 	.CSEG
                 ;/*******************************************************
                 ;This program was created by the
                 ;CodeWizardAVR V3.12 Advanced
                 ;Automatic Program Generator
                 ;© Copyright 1998-2014 Pavel Haiduc, HP InfoTech s.r.l.
                 ;http://www.hpinfotech.com
                 ;
                 ;Project :
                 ;Version :
                 ;Date    : 7/6/2016
                 ;Author  :
                 ;Company :
                 ;Comments:
                 ;
                 ;
                 ;Chip type               : ATmega16A
                 ;Program type            : Application
                 ;AVR Core Clock frequency: 8.000000 MHz
                 ;Memory model            : Small
                 ;External RAM size       : 0
                 ;Data Stack size         : 256
                 ;*******************************************************/
                 ;
                 ;#include <mega16a.h>
                 	#ifndef __SLEEP_DEFINED__
                 	#define __SLEEP_DEFINED__
                 	.EQU __se_bit=0x40
                 	.EQU __sm_mask=0xB0
                 	.EQU __sm_powerdown=0x20
                 	.EQU __sm_powersave=0x30
                 	.EQU __sm_standby=0xA0
                 	.EQU __sm_ext_standby=0xB0
                 	.EQU __sm_adc_noise_red=0x10
                 	.SET power_ctrl_reg=mcucr
                 	#endif
                 ;
                 ;// Alphanumeric LCD functions
                 ;#include <alcd.h>
                 ;#include <delay.h>
                 ;#include <ctype.h>
                 ;
                 ;// Declare your global variables here
                 ; char data_buf[21];
                 ;#define DATA_REGISTER_EMPTY (1<<UDRE)
                 ;#define RX_COMPLETE (1<<RXC)
                 ;#define FRAMING_ERROR (1<<FE)
                 ;#define PARITY_ERROR (1<<UPE)
                 ;#define DATA_OVERRUN (1<<DOR)
                 ;
                 ;// USART Receiver buffer
                 ;#define RX_BUFFER_SIZE 8
                 ;char rx_buffer[RX_BUFFER_SIZE];
                 ;
                 ;#if RX_BUFFER_SIZE <= 256
                 ;unsigned char rx_wr_index=0,rx_rd_index=0;
                 ;#else
                 ;unsigned int rx_wr_index=0,rx_rd_index=0;
                 ;#endif
                 ;
                 ;#if RX_BUFFER_SIZE < 256
                 ;unsigned char rx_counter=0;
                 ;#else
                 ;unsigned int rx_counter=0;
                 ;#endif
                 ;
                 ;// This flag is set on USART Receiver buffer overflow
                 ;bit rx_buffer_overflow;
                 ;
                 ;// USART Receiver interrupt service routine
                 ;interrupt [USART_RXC] void usart_rx_isr(void)
                 ; 0000 003C {
                 
                 	.CSEG
                 _usart_rx_isr:
                 ; .FSTART _usart_rx_isr
000097 93ea      	ST   -Y,R30
000098 93fa      	ST   -Y,R31
000099 b7ef      	IN   R30,SREG
00009a 93ea      	ST   -Y,R30
                 ; 0000 003D char status,data;
                 ; 0000 003E status=UCSRA;
00009b 931a      	ST   -Y,R17
00009c 930a      	ST   -Y,R16
                 ;	status -> R17
                 ;	data -> R16
00009d b11b      	IN   R17,11
                 ; 0000 003F data=UDR;
00009e b10c      	IN   R16,12
                 ; 0000 0040 if ((status & (FRAMING_ERROR | PARITY_ERROR | DATA_OVERRUN))==0)
00009f 2fe1      	MOV  R30,R17
0000a0 71ec      	ANDI R30,LOW(0x1C)
0000a1 f489      	BRNE _0x3
                 ; 0000 0041    {
                 ; 0000 0042    rx_buffer[rx_wr_index++]=data;
0000a2 2de5      	MOV  R30,R5
0000a3 9453      	INC  R5
0000a4 e0f0      	LDI  R31,0
0000a5 58eb      	SUBI R30,LOW(-_rx_buffer)
0000a6 4ffe      	SBCI R31,HIGH(-_rx_buffer)
0000a7 8300      	ST   Z,R16
                 ; 0000 0043 #if RX_BUFFER_SIZE == 256
                 ; 0000 0044    // special case for receiver buffer size=256
                 ; 0000 0045    if (++rx_counter == 0) rx_buffer_overflow=1;
                 ; 0000 0046 #else
                 ; 0000 0047    if (rx_wr_index == RX_BUFFER_SIZE) rx_wr_index=0;
0000a8 e0e8      	LDI  R30,LOW(8)
0000a9 15e5      	CP   R30,R5
0000aa f409      	BRNE _0x4
0000ab 2455      	CLR  R5
                 ; 0000 0048    if (++rx_counter == RX_BUFFER_SIZE)
                 _0x4:
0000ac 9473      	INC  R7
0000ad e0e8      	LDI  R30,LOW(8)
0000ae 15e7      	CP   R30,R7
0000af f419      	BRNE _0x5
                 ; 0000 0049       {
                 ; 0000 004A       rx_counter=0;
0000b0 2477      	CLR  R7
                 ; 0000 004B       rx_buffer_overflow=1;
0000b1 9468      	SET
0000b2 f820      	BLD  R2,0
                 ; 0000 004C       }
                 ; 0000 004D #endif
                 ; 0000 004E    }
                 _0x5:
                 ; 0000 004F }
                 _0x3:
0000b3 9109      	LD   R16,Y+
0000b4 9119      	LD   R17,Y+
0000b5 c025      	RJMP _0x26
                 ; .FEND
                 ;
                 ;#ifndef _DEBUG_TERMINAL_IO_
                 ;// Get a character from the USART Receiver buffer
                 ;#define _ALTERNATE_GETCHAR_
                 ;#pragma used+
                 ;char getchar(void)
                 ; 0000 0056 {
                 _getchar:
                 ; .FSTART _getchar
                 ; 0000 0057 char data;
                 ; 0000 0058 while (rx_counter==0);
0000b6 931a      	ST   -Y,R17
                 ;	data -> R17
                 _0x6:
0000b7 2077      	TST  R7
0000b8 f3f1      	BREQ _0x6
                 ; 0000 0059 data=rx_buffer[rx_rd_index++];
0000b9 2de4      	MOV  R30,R4
0000ba 9443      	INC  R4
0000bb e0f0      	LDI  R31,0
0000bc 58eb      	SUBI R30,LOW(-_rx_buffer)
0000bd 4ffe      	SBCI R31,HIGH(-_rx_buffer)
0000be 8110      	LD   R17,Z
                 ; 0000 005A #if RX_BUFFER_SIZE != 256
                 ; 0000 005B if (rx_rd_index == RX_BUFFER_SIZE) rx_rd_index=0;
0000bf e0e8      	LDI  R30,LOW(8)
0000c0 15e4      	CP   R30,R4
0000c1 f409      	BRNE _0x9
0000c2 2444      	CLR  R4
                 ; 0000 005C #endif
                 ; 0000 005D #asm("cli")
                 _0x9:
0000c3 94f8      	cli
                 ; 0000 005E --rx_counter;
0000c4 947a      	DEC  R7
                 ; 0000 005F #asm("sei")
0000c5 9478      	sei
                 ; 0000 0060 return data;
0000c6 2fe1      	MOV  R30,R17
0000c7 9119      	LD   R17,Y+
0000c8 9508      	RET
                 ; 0000 0061 }
                 ; .FEND
                 ;#pragma used-
                 ;#endif
                 ;
                 ;// USART Transmitter buffer
                 ;#define TX_BUFFER_SIZE 8
                 ;char tx_buffer[TX_BUFFER_SIZE];
                 ;
                 ;#if TX_BUFFER_SIZE <= 256
                 ;unsigned char tx_wr_index=0,tx_rd_index=0;
                 ;#else
                 ;unsigned int tx_wr_index=0,tx_rd_index=0;
                 ;#endif
                 ;
                 ;#if TX_BUFFER_SIZE < 256
                 ;unsigned char tx_counter=0;
                 ;#else
                 ;unsigned int tx_counter=0;
                 ;#endif
                 ;
                 ;// USART Transmitter interrupt service routine
                 ;interrupt [USART_TXC] void usart_tx_isr(void)
                 ; 0000 0077 {
                 _usart_tx_isr:
                 ; .FSTART _usart_tx_isr
0000c9 93ea      	ST   -Y,R30
0000ca 93fa      	ST   -Y,R31
0000cb b7ef      	IN   R30,SREG
0000cc 93ea      	ST   -Y,R30
                 ; 0000 0078 if (tx_counter)
0000cd 2088      	TST  R8
0000ce f061      	BREQ _0xA
                 ; 0000 0079    {
                 ; 0000 007A    --tx_counter;
0000cf 948a      	DEC  R8
                 ; 0000 007B    UDR=tx_buffer[tx_rd_index++];
0000d0 2de9      	MOV  R30,R9
0000d1 9493      	INC  R9
0000d2 e0f0      	LDI  R31,0
0000d3 58e3      	SUBI R30,LOW(-_tx_buffer)
0000d4 4ffe      	SBCI R31,HIGH(-_tx_buffer)
0000d5 81e0      	LD   R30,Z
0000d6 b9ec      	OUT  0xC,R30
                 ; 0000 007C #if TX_BUFFER_SIZE != 256
                 ; 0000 007D    if (tx_rd_index == TX_BUFFER_SIZE) tx_rd_index=0;
0000d7 e0e8      	LDI  R30,LOW(8)
0000d8 15e9      	CP   R30,R9
0000d9 f409      	BRNE _0xB
0000da 2499      	CLR  R9
                 ; 0000 007E #endif
                 ; 0000 007F    }
                 _0xB:
                 ; 0000 0080 }
                 _0xA:
                 _0x26:
0000db 91e9      	LD   R30,Y+
0000dc bfef      	OUT  SREG,R30
0000dd 91f9      	LD   R31,Y+
0000de 91e9      	LD   R30,Y+
0000df 9518      	RETI
                 ; .FEND
                 ;
                 ;#ifndef _DEBUG_TERMINAL_IO_
                 ;// Write a character to the USART Transmitter buffer
                 ;#define _ALTERNATE_PUTCHAR_
                 ;#pragma used+
                 ;void putchar(char c)
                 ; 0000 0087 {
                 ; 0000 0088 while (tx_counter == TX_BUFFER_SIZE);
                 ;	c -> Y+0
                 ; 0000 0089 #asm("cli")
                 ; 0000 008A if (tx_counter || ((UCSRA & DATA_REGISTER_EMPTY)==0))
                 ; 0000 008B    {
                 ; 0000 008C    tx_buffer[tx_wr_index++]=c;
                 ; 0000 008D #if TX_BUFFER_SIZE != 256
                 ; 0000 008E    if (tx_wr_index == TX_BUFFER_SIZE) tx_wr_index=0;
                 ; 0000 008F #endif
                 ; 0000 0090    ++tx_counter;
                 ; 0000 0091    }
                 ; 0000 0092 else
                 ; 0000 0093    UDR=c;
                 ; 0000 0094 #asm("sei")
                 ; 0000 0095 }
                 ;#pragma used-
                 ;#endif
                 ;
                 ;// Standard Input/Output functions
                 ;#include <stdio.h>
                 ;
                 ;void init_system()
                 ; 0000 009D {
                 _init_system:
                 ; .FSTART _init_system
                 ; 0000 009E // Declare your local variables here
                 ; 0000 009F 
                 ; 0000 00A0 // Input/Output Ports initialization
                 ; 0000 00A1 // Port A initialization
                 ; 0000 00A2 // Function: Bit7=In Bit6=In Bit5=In Bit4=In Bit3=In Bit2=In Bit1=In Bit0=In
                 ; 0000 00A3 DDRA=(0<<DDA7) | (0<<DDA6) | (0<<DDA5) | (0<<DDA4) | (0<<DDA3) | (0<<DDA2) | (0<<DDA1) | (0<<DDA0);
0000e0 e0e0      	LDI  R30,LOW(0)
0000e1 bbea      	OUT  0x1A,R30
                 ; 0000 00A4 // State: Bit7=T Bit6=T Bit5=T Bit4=T Bit3=T Bit2=T Bit1=T Bit0=T
                 ; 0000 00A5 PORTA=(0<<PORTA7) | (0<<PORTA6) | (0<<PORTA5) | (0<<PORTA4) | (0<<PORTA3) | (0<<PORTA2) | (0<<PORTA1) | (0<<PORTA0);
0000e2 bbeb      	OUT  0x1B,R30
                 ; 0000 00A6 
                 ; 0000 00A7 // Port B initialization
                 ; 0000 00A8 // Function: Bit7=In Bit6=In Bit5=In Bit4=In Bit3=In Bit2=In Bit1=In Bit0=In
                 ; 0000 00A9 DDRB=(0<<DDB7) | (0<<DDB6) | (0<<DDB5) | (0<<DDB4) | (0<<DDB3) | (0<<DDB2) | (0<<DDB1) | (0<<DDB0);
0000e3 bbe7      	OUT  0x17,R30
                 ; 0000 00AA // State: Bit7=T Bit6=T Bit5=T Bit4=T Bit3=T Bit2=T Bit1=T Bit0=T
                 ; 0000 00AB PORTB=(0<<PORTB7) | (0<<PORTB6) | (0<<PORTB5) | (0<<PORTB4) | (0<<PORTB3) | (0<<PORTB2) | (0<<PORTB1) | (0<<PORTB0);
0000e4 bbe8      	OUT  0x18,R30
                 ; 0000 00AC 
                 ; 0000 00AD // Port C initialization
                 ; 0000 00AE // Function: Bit7=In Bit6=In Bit5=In Bit4=In Bit3=In Bit2=In Bit1=In Bit0=In
                 ; 0000 00AF DDRC=(0<<DDC7) | (0<<DDC6) | (0<<DDC5) | (0<<DDC4) | (0<<DDC3) | (0<<DDC2) | (0<<DDC1) | (0<<DDC0);
0000e5 bbe4      	OUT  0x14,R30
                 ; 0000 00B0 // State: Bit7=T Bit6=T Bit5=T Bit4=T Bit3=T Bit2=T Bit1=T Bit0=T
                 ; 0000 00B1 PORTC=(0<<PORTC7) | (0<<PORTC6) | (0<<PORTC5) | (0<<PORTC4) | (0<<PORTC3) | (0<<PORTC2) | (0<<PORTC1) | (0<<PORTC0);
0000e6 bbe5      	OUT  0x15,R30
                 ; 0000 00B2 
                 ; 0000 00B3 // Port D initialization
                 ; 0000 00B4 // Function: Bit7=In Bit6=In Bit5=In Bit4=In Bit3=In Bit2=In Bit1=In Bit0=In
                 ; 0000 00B5 DDRD=(0<<DDD7) | (0<<DDD6) | (0<<DDD5) | (0<<DDD4) | (0<<DDD3) | (0<<DDD2) | (0<<DDD1) | (0<<DDD0);
0000e7 bbe1      	OUT  0x11,R30
                 ; 0000 00B6 // State: Bit7=T Bit6=T Bit5=T Bit4=T Bit3=T Bit2=T Bit1=T Bit0=T
                 ; 0000 00B7 PORTD=(0<<PORTD7) | (0<<PORTD6) | (0<<PORTD5) | (0<<PORTD4) | (0<<PORTD3) | (0<<PORTD2) | (0<<PORTD1) | (0<<PORTD0);
0000e8 bbe2      	OUT  0x12,R30
                 ; 0000 00B8 
                 ; 0000 00B9 // Timer/Counter 0 initialization
                 ; 0000 00BA // Clock source: System Clock
                 ; 0000 00BB // Clock value: Timer 0 Stopped
                 ; 0000 00BC // Mode: Normal top=0xFF
                 ; 0000 00BD // OC0 output: Disconnected
                 ; 0000 00BE TCCR0=(0<<WGM00) | (0<<COM01) | (0<<COM00) | (0<<WGM01) | (0<<CS02) | (0<<CS01) | (0<<CS00);
0000e9 bfe3      	OUT  0x33,R30
                 ; 0000 00BF TCNT0=0x00;
0000ea bfe2      	OUT  0x32,R30
                 ; 0000 00C0 OCR0=0x00;
0000eb bfec      	OUT  0x3C,R30
                 ; 0000 00C1 
                 ; 0000 00C2 // Timer/Counter 1 initialization
                 ; 0000 00C3 // Clock source: System Clock
                 ; 0000 00C4 // Clock value: Timer1 Stopped
                 ; 0000 00C5 // Mode: Normal top=0xFFFF
                 ; 0000 00C6 // OC1A output: Disconnected
                 ; 0000 00C7 // OC1B output: Disconnected
                 ; 0000 00C8 // Noise Canceler: Off
                 ; 0000 00C9 // Input Capture on Falling Edge
                 ; 0000 00CA // Timer1 Overflow Interrupt: Off
                 ; 0000 00CB // Input Capture Interrupt: Off
                 ; 0000 00CC // Compare A Match Interrupt: Off
                 ; 0000 00CD // Compare B Match Interrupt: Off
                 ; 0000 00CE TCCR1A=(0<<COM1A1) | (0<<COM1A0) | (0<<COM1B1) | (0<<COM1B0) | (0<<WGM11) | (0<<WGM10);
0000ec bdef      	OUT  0x2F,R30
                 ; 0000 00CF TCCR1B=(0<<ICNC1) | (0<<ICES1) | (0<<WGM13) | (0<<WGM12) | (0<<CS12) | (0<<CS11) | (0<<CS10);
0000ed bdee      	OUT  0x2E,R30
                 ; 0000 00D0 TCNT1H=0x00;
0000ee bded      	OUT  0x2D,R30
                 ; 0000 00D1 TCNT1L=0x00;
0000ef bdec      	OUT  0x2C,R30
                 ; 0000 00D2 ICR1H=0x00;
0000f0 bde7      	OUT  0x27,R30
                 ; 0000 00D3 ICR1L=0x00;
0000f1 bde6      	OUT  0x26,R30
                 ; 0000 00D4 OCR1AH=0x00;
0000f2 bdeb      	OUT  0x2B,R30
                 ; 0000 00D5 OCR1AL=0x00;
0000f3 bdea      	OUT  0x2A,R30
                 ; 0000 00D6 OCR1BH=0x00;
0000f4 bde9      	OUT  0x29,R30
                 ; 0000 00D7 OCR1BL=0x00;
0000f5 bde8      	OUT  0x28,R30
                 ; 0000 00D8 
                 ; 0000 00D9 // Timer/Counter 2 initialization
                 ; 0000 00DA // Clock source: System Clock
                 ; 0000 00DB // Clock value: Timer2 Stopped
                 ; 0000 00DC // Mode: Normal top=0xFF
                 ; 0000 00DD // OC2 output: Disconnected
                 ; 0000 00DE ASSR=0<<AS2;
0000f6 bde2      	OUT  0x22,R30
                 ; 0000 00DF TCCR2=(0<<PWM2) | (0<<COM21) | (0<<COM20) | (0<<CTC2) | (0<<CS22) | (0<<CS21) | (0<<CS20);
0000f7 bde5      	OUT  0x25,R30
                 ; 0000 00E0 TCNT2=0x00;
0000f8 bde4      	OUT  0x24,R30
                 ; 0000 00E1 OCR2=0x00;
0000f9 bde3      	OUT  0x23,R30
                 ; 0000 00E2 
                 ; 0000 00E3 // Timer(s)/Counter(s) Interrupt(s) initialization
                 ; 0000 00E4 TIMSK=(0<<OCIE2) | (0<<TOIE2) | (0<<TICIE1) | (0<<OCIE1A) | (0<<OCIE1B) | (0<<TOIE1) | (0<<OCIE0) | (0<<TOIE0);
0000fa bfe9      	OUT  0x39,R30
                 ; 0000 00E5 
                 ; 0000 00E6 // External Interrupt(s) initialization
                 ; 0000 00E7 // INT0: Off
                 ; 0000 00E8 // INT1: Off
                 ; 0000 00E9 // INT2: Off
                 ; 0000 00EA MCUCR=(0<<ISC11) | (0<<ISC10) | (0<<ISC01) | (0<<ISC00);
0000fb bfe5      	OUT  0x35,R30
                 ; 0000 00EB MCUCSR=(0<<ISC2);
0000fc bfe4      	OUT  0x34,R30
                 ; 0000 00EC 
                 ; 0000 00ED // USART initialization
                 ; 0000 00EE // Communication Parameters: 8 Data, 1 Stop, No Parity
                 ; 0000 00EF // USART Receiver: On
                 ; 0000 00F0 // USART Transmitter: On
                 ; 0000 00F1 // USART Mode: Asynchronous
                 ; 0000 00F2 // USART Baud Rate: 9600
                 ; 0000 00F3 UCSRA=(0<<RXC) | (0<<TXC) | (0<<UDRE) | (0<<FE) | (0<<DOR) | (0<<UPE) | (0<<U2X) | (0<<MPCM);
0000fd b9eb      	OUT  0xB,R30
                 ; 0000 00F4 UCSRB=(1<<RXCIE) | (1<<TXCIE) | (0<<UDRIE) | (1<<RXEN) | (1<<TXEN) | (0<<UCSZ2) | (0<<RXB8) | (0<<TXB8);
0000fe ede8      	LDI  R30,LOW(216)
0000ff b9ea      	OUT  0xA,R30
                 ; 0000 00F5 UCSRC=(1<<URSEL) | (0<<UMSEL) | (0<<UPM1) | (0<<UPM0) | (0<<USBS) | (1<<UCSZ1) | (1<<UCSZ0) | (0<<UCPOL);
000100 e8e6      	LDI  R30,LOW(134)
000101 bde0      	OUT  0x20,R30
                 ; 0000 00F6 UBRRH=0x00;
000102 e0e0      	LDI  R30,LOW(0)
000103 bde0      	OUT  0x20,R30
                 ; 0000 00F7 UBRRL=0x33;
000104 e3e3      	LDI  R30,LOW(51)
000105 b9e9      	OUT  0x9,R30
                 ; 0000 00F8 
                 ; 0000 00F9 // Analog Comparator initialization
                 ; 0000 00FA // Analog Comparator: Off
                 ; 0000 00FB // The Analog Comparator's positive input is
                 ; 0000 00FC // connected to the AIN0 pin
                 ; 0000 00FD // The Analog Comparator's negative input is
                 ; 0000 00FE // connected to the AIN1 pin
                 ; 0000 00FF ACSR=(1<<ACD) | (0<<ACBG) | (0<<ACO) | (0<<ACI) | (0<<ACIE) | (0<<ACIC) | (0<<ACIS1) | (0<<ACIS0);
000106 e8e0      	LDI  R30,LOW(128)
000107 b9e8      	OUT  0x8,R30
                 ; 0000 0100 SFIOR=(0<<ACME);
000108 e0e0      	LDI  R30,LOW(0)
000109 bfe0      	OUT  0x30,R30
                 ; 0000 0101 
                 ; 0000 0102 // ADC initialization
                 ; 0000 0103 // ADC disabled
                 ; 0000 0104 ADCSRA=(0<<ADEN) | (0<<ADSC) | (0<<ADATE) | (0<<ADIF) | (0<<ADIE) | (0<<ADPS2) | (0<<ADPS1) | (0<<ADPS0);
00010a b9e6      	OUT  0x6,R30
                 ; 0000 0105 
                 ; 0000 0106 // SPI initialization
                 ; 0000 0107 // SPI disabled
                 ; 0000 0108 SPCR=(0<<SPIE) | (0<<SPE) | (0<<DORD) | (0<<MSTR) | (0<<CPOL) | (0<<CPHA) | (0<<SPR1) | (0<<SPR0);
00010b b9ed      	OUT  0xD,R30
                 ; 0000 0109 
                 ; 0000 010A // TWI initialization
                 ; 0000 010B // TWI disabled
                 ; 0000 010C TWCR=(0<<TWEA) | (0<<TWSTA) | (0<<TWSTO) | (0<<TWEN) | (0<<TWIE);
00010c bfe6      	OUT  0x36,R30
                 ; 0000 010D 
                 ; 0000 010E // Alphanumeric LCD initialization
                 ; 0000 010F // Connections are specified in the
                 ; 0000 0110 // Project|Configure|C Compiler|Libraries|Alphanumeric LCD menu:
                 ; 0000 0111 // RS - PORTC Bit 5
                 ; 0000 0112 // RD - PORTB Bit 1
                 ; 0000 0113 // EN - PORTC Bit 4
                 ; 0000 0114 // D4 - PORTC Bit 3
                 ; 0000 0115 // D5 - PORTC Bit 2
                 ; 0000 0116 // D6 - PORTC Bit 1
                 ; 0000 0117 // D7 - PORTC Bit 0
                 ; 0000 0118 // Characters/line: 16
                 ; 0000 0119 lcd_init(20);
00010d e1a4      	LDI  R26,LOW(20)
00010e d0d5      	RCALL _lcd_init
                 ; 0000 011A 
                 ; 0000 011B // Global enable interrupts
                 ; 0000 011C #asm("sei")
00010f 9478      	sei
                 ; 0000 011D }
000110 9508      	RET
                 ; .FEND
                 ;void get_data()
                 ; 0000 011F {      int i =0;
                 ; 0000 0120     for(i = 0; i <20 ; i++)
                 ;	i -> R16,R17
                 ; 0000 0121     {
                 ; 0000 0122         data_buf[i] = '';
                 ; 0000 0123     }
                 ; 0000 0124      data_buf [0] = '\0';
                 ; 0000 0125     for    (i = 0 ; i<20 ; i++)
                 ; 0000 0126     {
                 ; 0000 0127 
                 ; 0000 0128        char a = getchar();
                 ; 0000 0129 
                 ; 0000 012A        if (a != '#')
                 ;	a -> Y+0
                 ; 0000 012B        {
                 ; 0000 012C 
                 ; 0000 012D        data_buf[i] = a;
                 ; 0000 012E        }
                 ; 0000 012F        else
                 ; 0000 0130        {
                 ; 0000 0131        data_buf [i] =  '\0';
                 ; 0000 0132        break;
                 ; 0000 0133        }
                 ; 0000 0134     }
                 ; 0000 0135 }
                 ;void main(void)
                 ; 0000 0137 {
                 _main:
                 ; .FSTART _main
                 ; 0000 0138 
                 ; 0000 0139      init_system();
000111 dfce      	RCALL _init_system
                 ; 0000 013A      lcd_clear();
000112 d08e      	RCALL _lcd_clear
                 ; 0000 013B      lcd_putsf("$==================$");
                +
000113 e6ae     +LDI R26 , LOW ( 2 * _0x0 + ( 0 ) )
000114 e0b0     +LDI R27 , HIGH ( 2 * _0x0 + ( 0 ) )
                 	__POINTW2FN _0x0,0
000115 d0bb      	RCALL _lcd_putsf
                 ; 0000 013C      lcd_putsf("$|KAMYAB - PROJECT|$");
                +
000116 e8a3     +LDI R26 , LOW ( 2 * _0x0 + ( 21 ) )
000117 e0b0     +LDI R27 , HIGH ( 2 * _0x0 + ( 21 ) )
                 	__POINTW2FN _0x0,21
000118 d0b8      	RCALL _lcd_putsf
                 ; 0000 013D      lcd_putsf("$|Temperture-RFCon|$");
                +
000119 e9a8     +LDI R26 , LOW ( 2 * _0x0 + ( 42 ) )
00011a e0b0     +LDI R27 , HIGH ( 2 * _0x0 + ( 42 ) )
                 	__POINTW2FN _0x0,42
00011b d0b5      	RCALL _lcd_putsf
                 ; 0000 013E      lcd_putsf("$==================$");
                +
00011c e6ae     +LDI R26 , LOW ( 2 * _0x0 + ( 0 ) )
00011d e0b0     +LDI R27 , HIGH ( 2 * _0x0 + ( 0 ) )
                 	__POINTW2FN _0x0,0
00011e d0b2      	RCALL _lcd_putsf
                 ; 0000 013F      delay_ms(3000);
00011f eba8      	LDI  R26,LOW(3000)
000120 e0bb      	LDI  R27,HIGH(3000)
000121 940e 0221 	CALL _delay_ms
                 ; 0000 0140  while (1)
                 _0x1C:
                 ; 0000 0141       {
                 ; 0000 0142       int j = 0;
                 ; 0000 0143       char in [4];
                 ; 0000 0144       for (j=0;j<4;j++)
000123 9726      	SBIW R28,6
000124 e0e0      	LDI  R30,LOW(0)
000125 83ec      	STD  Y+4,R30
000126 83ed      	STD  Y+5,R30
                 ;	j -> Y+4
                 ;	in -> Y+0
000127 83ec      	STD  Y+4,R30
000128 83ed      	STD  Y+4+1,R30
                 _0x20:
000129 81ac      	LDD  R26,Y+4
00012a 81bd      	LDD  R27,Y+4+1
00012b 9714      	SBIW R26,4
00012c f46c      	BRGE _0x21
                 ; 0000 0145       {
                 ; 0000 0146       in[j]='';
00012d 81ec      	LDD  R30,Y+4
00012e 81fd      	LDD  R31,Y+4+1
00012f 01de      	MOVW R26,R28
000130 0fae      	ADD  R26,R30
000131 1fbf      	ADC  R27,R31
000132 e0e0      	LDI  R30,LOW(0)
000133 93ec      	ST   X,R30
                 ; 0000 0147       }
000134 81ec      	LDD  R30,Y+4
000135 81fd      	LDD  R31,Y+4+1
000136 9631      	ADIW R30,1
000137 83ec      	STD  Y+4,R30
000138 83fd      	STD  Y+4+1,R31
000139 cfef      	RJMP _0x20
                 _0x21:
                 ; 0000 0148       for(j=0;j<4;j++)
00013a e0e0      	LDI  R30,LOW(0)
00013b 83ec      	STD  Y+4,R30
00013c 83ed      	STD  Y+4+1,R30
                 _0x23:
00013d 81ac      	LDD  R26,Y+4
00013e 81bd      	LDD  R27,Y+4+1
00013f 9714      	SBIW R26,4
000140 f48c      	BRGE _0x24
                 ; 0000 0149       {
                 ; 0000 014A       in[j]=getchar();
000141 81ec      	LDD  R30,Y+4
000142 81fd      	LDD  R31,Y+4+1
000143 01de      	MOVW R26,R28
000144 0fea      	ADD  R30,R26
000145 1ffb      	ADC  R31,R27
000146 93ff      	PUSH R31
000147 93ef      	PUSH R30
000148 df6d      	RCALL _getchar
000149 91af      	POP  R26
00014a 91bf      	POP  R27
00014b 93ec      	ST   X,R30
                 ; 0000 014B       }
00014c 81ec      	LDD  R30,Y+4
00014d 81fd      	LDD  R31,Y+4+1
00014e 9631      	ADIW R30,1
00014f 83ec      	STD  Y+4,R30
000150 83fd      	STD  Y+4+1,R31
000151 cfeb      	RJMP _0x23
                 _0x24:
                 ; 0000 014C      /* get_data(); */
                 ; 0000 014D         lcd_clear();
000152 d04e      	RCALL _lcd_clear
                 ; 0000 014E         lcd_gotoxy(0,0);
000153 e0e0      	LDI  R30,LOW(0)
000154 93ea      	ST   -Y,R30
000155 e0a0      	LDI  R26,LOW(0)
000156 d03d      	RCALL _lcd_gotoxy
                 ; 0000 014F 
                 ; 0000 0150      lcd_putsf("temperture  is :");
                +
000157 eaad     +LDI R26 , LOW ( 2 * _0x0 + ( 63 ) )
000158 e0b0     +LDI R27 , HIGH ( 2 * _0x0 + ( 63 ) )
                 	__POINTW2FN _0x0,63
000159 d077      	RCALL _lcd_putsf
                 ; 0000 0151      lcd_gotoxy(0,2);
00015a e0e0      	LDI  R30,LOW(0)
00015b 93ea      	ST   -Y,R30
00015c e0a2      	LDI  R26,LOW(2)
00015d d036      	RCALL _lcd_gotoxy
                 ; 0000 0152      lcd_puts(in);
00015e 01de      	MOVW R26,R28
00015f d062      	RCALL _lcd_puts
                 ; 0000 0153      /* for    (j = 1 ; j<4 ; j++){
                 ; 0000 0154       lcd_gotoxy(0,j);
                 ; 0000 0155       lcd_putsf("                    ");   }
                 ; 0000 0156       lcd_gotoxy(0,1);
                 ; 0000 0157        lcd_puts(data_buf);          */
                 ; 0000 0158 
                 ; 0000 0159 
                 ; 0000 015A       }
000160 9626      	ADIW R28,6
000161 cfc1      	RJMP _0x1C
                 ; 0000 015B }
                 _0x25:
000162 cfff      	RJMP _0x25
                 ; .FEND
                 	#ifndef __SLEEP_DEFINED__
                 	#endif
                 
                 	.DSEG
                 
                 	.CSEG
                 __lcd_write_nibble_G100:
                 ; .FSTART __lcd_write_nibble_G100
000163 93aa      	ST   -Y,R26
000164 81e8      	LD   R30,Y
000165 71e0      	ANDI R30,LOW(0x10)
000166 f011      	BREQ _0x2000004
000167 9aab      	SBI  0x15,3
000168 c001      	RJMP _0x2000005
                 _0x2000004:
000169 98ab      	CBI  0x15,3
                 _0x2000005:
00016a 81e8      	LD   R30,Y
00016b 72e0      	ANDI R30,LOW(0x20)
00016c f011      	BREQ _0x2000006
00016d 9aaa      	SBI  0x15,2
00016e c001      	RJMP _0x2000007
                 _0x2000006:
00016f 98aa      	CBI  0x15,2
                 _0x2000007:
000170 81e8      	LD   R30,Y
000171 74e0      	ANDI R30,LOW(0x40)
000172 f011      	BREQ _0x2000008
000173 9aa9      	SBI  0x15,1
000174 c001      	RJMP _0x2000009
                 _0x2000008:
000175 98a9      	CBI  0x15,1
                 _0x2000009:
000176 81e8      	LD   R30,Y
000177 78e0      	ANDI R30,LOW(0x80)
000178 f011      	BREQ _0x200000A
000179 9aa8      	SBI  0x15,0
00017a c001      	RJMP _0x200000B
                 _0x200000A:
00017b 98a8      	CBI  0x15,0
                 _0x200000B:
                +
00017c e08d     +LDI R24 , LOW ( 13 )
                +__DELAY_USB_LOOP :
00017d 958a     +DEC R24
00017e f7f1     +BRNE __DELAY_USB_LOOP
                 	__DELAY_USB 13
00017f 9aac      	SBI  0x15,4
                +
000180 e08d     +LDI R24 , LOW ( 13 )
                +__DELAY_USB_LOOP :
000181 958a     +DEC R24
000182 f7f1     +BRNE __DELAY_USB_LOOP
                 	__DELAY_USB 13
000183 98ac      	CBI  0x15,4
                +
000184 e08d     +LDI R24 , LOW ( 13 )
                +__DELAY_USB_LOOP :
000185 958a     +DEC R24
000186 f7f1     +BRNE __DELAY_USB_LOOP
                 	__DELAY_USB 13
000187 c089      	RJMP _0x2080001
                 ; .FEND
                 __lcd_write_data:
                 ; .FSTART __lcd_write_data
000188 93aa      	ST   -Y,R26
000189 81a8      	LD   R26,Y
00018a dfd8      	RCALL __lcd_write_nibble_G100
00018b 81e8          ld    r30,y
00018c 95e2          swap  r30
00018d 83e8          st    y,r30
00018e 81a8      	LD   R26,Y
00018f dfd3      	RCALL __lcd_write_nibble_G100
                +
000190 e885     +LDI R24 , LOW ( 133 )
                +__DELAY_USB_LOOP :
000191 958a     +DEC R24
000192 f7f1     +BRNE __DELAY_USB_LOOP
                 	__DELAY_USB 133
000193 c07d      	RJMP _0x2080001
                 ; .FEND
                 _lcd_gotoxy:
                 ; .FSTART _lcd_gotoxy
000194 93aa      	ST   -Y,R26
000195 81e8      	LD   R30,Y
000196 e0f0      	LDI  R31,0
000197 57eb      	SUBI R30,LOW(-__base_y_G100)
000198 4ffe      	SBCI R31,HIGH(-__base_y_G100)
000199 81e0      	LD   R30,Z
00019a 81a9      	LDD  R26,Y+1
00019b 0fae      	ADD  R26,R30
00019c dfeb      	RCALL __lcd_write_data
00019d 80b9      	LDD  R11,Y+1
00019e 80a8      	LDD  R10,Y+0
00019f 9622      	ADIW R28,2
0001a0 9508      	RET
                 ; .FEND
                 _lcd_clear:
                 ; .FSTART _lcd_clear
0001a1 e0a2      	LDI  R26,LOW(2)
0001a2 940e 0213 	CALL SUBOPT_0x0
0001a4 e0ac      	LDI  R26,LOW(12)
0001a5 dfe2      	RCALL __lcd_write_data
0001a6 e0a1      	LDI  R26,LOW(1)
0001a7 940e 0213 	CALL SUBOPT_0x0
0001a9 e0e0      	LDI  R30,LOW(0)
0001aa 2eae      	MOV  R10,R30
0001ab 2ebe      	MOV  R11,R30
0001ac 9508      	RET
                 ; .FEND
                 _lcd_putchar:
                 ; .FSTART _lcd_putchar
0001ad 93aa      	ST   -Y,R26
0001ae 81a8      	LD   R26,Y
0001af 30aa      	CPI  R26,LOW(0xA)
0001b0 f011      	BREQ _0x2000011
0001b1 14bd      	CP   R11,R13
0001b2 f048      	BRLO _0x2000010
                 _0x2000011:
0001b3 e0e0      	LDI  R30,LOW(0)
0001b4 93ea      	ST   -Y,R30
0001b5 94a3      	INC  R10
0001b6 2daa      	MOV  R26,R10
0001b7 dfdc      	RCALL _lcd_gotoxy
0001b8 81a8      	LD   R26,Y
0001b9 30aa      	CPI  R26,LOW(0xA)
0001ba f409      	BRNE _0x2000013
0001bb c055      	RJMP _0x2080001
                 _0x2000013:
                 _0x2000010:
0001bc 94b3      	INC  R11
0001bd 9aad      	SBI  0x15,5
0001be 81a8      	LD   R26,Y
0001bf dfc8      	RCALL __lcd_write_data
0001c0 98ad      	CBI  0x15,5
0001c1 c04f      	RJMP _0x2080001
                 ; .FEND
                 _lcd_puts:
                 ; .FSTART _lcd_puts
0001c2 93ba      	ST   -Y,R27
0001c3 93aa      	ST   -Y,R26
0001c4 931a      	ST   -Y,R17
                 _0x2000014:
0001c5 81a9      	LDD  R26,Y+1
0001c6 81ba      	LDD  R27,Y+1+1
0001c7 91ed      	LD   R30,X+
0001c8 83a9      	STD  Y+1,R26
0001c9 83ba      	STD  Y+1+1,R27
0001ca 2f1e      	MOV  R17,R30
0001cb 30e0      	CPI  R30,0
0001cc f019      	BREQ _0x2000016
0001cd 2fa1      	MOV  R26,R17
0001ce dfde      	RCALL _lcd_putchar
0001cf cff5      	RJMP _0x2000014
                 _0x2000016:
0001d0 c010      	RJMP _0x2080002
                 ; .FEND
                 _lcd_putsf:
                 ; .FSTART _lcd_putsf
0001d1 93ba      	ST   -Y,R27
0001d2 93aa      	ST   -Y,R26
0001d3 931a      	ST   -Y,R17
                 _0x2000017:
0001d4 81e9      	LDD  R30,Y+1
0001d5 81fa      	LDD  R31,Y+1+1
0001d6 9631      	ADIW R30,1
0001d7 83e9      	STD  Y+1,R30
0001d8 83fa      	STD  Y+1+1,R31
0001d9 9731      	SBIW R30,1
0001da 91e4      	LPM  R30,Z
0001db 2f1e      	MOV  R17,R30
0001dc 30e0      	CPI  R30,0
0001dd f019      	BREQ _0x2000019
0001de 2fa1      	MOV  R26,R17
0001df dfcd      	RCALL _lcd_putchar
0001e0 cff3      	RJMP _0x2000017
                 _0x2000019:
                 _0x2080002:
0001e1 8118      	LDD  R17,Y+0
0001e2 9623      	ADIW R28,3
0001e3 9508      	RET
                 ; .FEND
                 _lcd_init:
                 ; .FSTART _lcd_init
0001e4 93aa      	ST   -Y,R26
0001e5 9aa3      	SBI  0x14,3
0001e6 9aa2      	SBI  0x14,2
0001e7 9aa1      	SBI  0x14,1
0001e8 9aa0      	SBI  0x14,0
0001e9 9aa4      	SBI  0x14,4
0001ea 9aa5      	SBI  0x14,5
0001eb 9ab9      	SBI  0x17,1
0001ec 98ac      	CBI  0x15,4
0001ed 98ad      	CBI  0x15,5
0001ee 98c1      	CBI  0x18,1
0001ef 80d8      	LDD  R13,Y+0
0001f0 81e8      	LD   R30,Y
0001f1 58e0      	SUBI R30,-LOW(128)
                +
0001f2 93e0 0187+STS __base_y_G100 + ( 2 ) , R30
                 	__PUTB1MN __base_y_G100,2
0001f4 81e8      	LD   R30,Y
0001f5 54e0      	SUBI R30,-LOW(192)
                +
0001f6 93e0 0188+STS __base_y_G100 + ( 3 ) , R30
                 	__PUTB1MN __base_y_G100,3
0001f8 e1a4      	LDI  R26,LOW(20)
0001f9 e0b0      	LDI  R27,0
0001fa 940e 0221 	CALL _delay_ms
0001fc 940e 0219 	CALL SUBOPT_0x1
0001fe 940e 0219 	CALL SUBOPT_0x1
000200 940e 0219 	CALL SUBOPT_0x1
000202 e2a0      	LDI  R26,LOW(32)
000203 df5f      	RCALL __lcd_write_nibble_G100
                +
000204 ec88     +LDI R24 , LOW ( 200 )
000205 e090     +LDI R25 , HIGH ( 200 )
                +__DELAY_USW_LOOP :
000206 9701     +SBIW R24 , 1
000207 f7f1     +BRNE __DELAY_USW_LOOP
                 	__DELAY_USW 200
000208 e2a8      	LDI  R26,LOW(40)
000209 df7e      	RCALL __lcd_write_data
00020a e0a4      	LDI  R26,LOW(4)
00020b df7c      	RCALL __lcd_write_data
00020c e8a5      	LDI  R26,LOW(133)
00020d df7a      	RCALL __lcd_write_data
00020e e0a6      	LDI  R26,LOW(6)
00020f df78      	RCALL __lcd_write_data
000210 df90      	RCALL _lcd_clear
                 _0x2080001:
000211 9621      	ADIW R28,1
000212 9508      	RET
                 ; .FEND
                 
                 	.CSEG
                 	#ifndef __SLEEP_DEFINED__
                 	#endif
                 
                 	.CSEG
                 
                 	.CSEG
                 
                 	.DSEG
                 _data_buf:
000160           	.BYTE 0x15
                 _rx_buffer:
000175           	.BYTE 0x8
                 _tx_buffer:
00017d           	.BYTE 0x8
                 __base_y_G100:
000185           	.BYTE 0x4
                 
                 	.CSEG
                 ;OPTIMIZER ADDED SUBROUTINE, CALLED 2 TIMES, CODE SIZE REDUCTION:1 WORDS
                 SUBOPT_0x0:
000213 940e 0188 	CALL __lcd_write_data
000215 e0a3      	LDI  R26,LOW(3)
000216 e0b0      	LDI  R27,0
000217 940c 0221 	JMP  _delay_ms
                 
                 ;OPTIMIZER ADDED SUBROUTINE, CALLED 3 TIMES, CODE SIZE REDUCTION:7 WORDS
                 SUBOPT_0x1:
000219 e3a0      	LDI  R26,LOW(48)
00021a 940e 0163 	CALL __lcd_write_nibble_G100
                +
00021c ec88     +LDI R24 , LOW ( 200 )
00021d e090     +LDI R25 , HIGH ( 200 )
                +__DELAY_USW_LOOP :
00021e 9701     +SBIW R24 , 1
00021f f7f1     +BRNE __DELAY_USW_LOOP
                 	__DELAY_USW 200
000220 9508      	RET
                 
                 
                 	.CSEG
                 _delay_ms:
000221 9610      	adiw r26,0
000222 f039      	breq __delay_ms1
                 __delay_ms0:
                +
000223 ed80     +LDI R24 , LOW ( 0x7D0 )
000224 e097     +LDI R25 , HIGH ( 0x7D0 )
                +__DELAY_USW_LOOP :
000225 9701     +SBIW R24 , 1
000226 f7f1     +BRNE __DELAY_USW_LOOP
                 	__DELAY_USW 0x7D0
000227 95a8      	wdr
000228 9711      	sbiw r26,1
000229 f7c9      	brne __delay_ms0
                 __delay_ms1:
00022a 9508      	ret
                 
                 ;END OF CODE MARKER
                 __END_OF_CODE:


RESOURCE USE INFORMATION
------------------------

Notice:
The register and instruction counts are symbol table hit counts,
and hence implicitly used resources are not counted, eg, the
'lpm' instruction without operands implicitly uses r0 and z,
none of which are counted.

x,y,z are separate entities in the symbol table and are
counted separately from r26..r31 here.

.dseg memory usage only counts static data declared with .byte

ATmega16A register use summary:
r0 :   4 r1 :   1 r2 :   1 r3 :   0 r4 :   4 r5 :   4 r6 :   0 r7 :   5 
r8 :   2 r9 :   4 r10:   4 r11:   4 r12:   0 r13:   2 r14:   0 r15:   0 
r16:   4 r17:  15 r18:   0 r19:   0 r20:   0 r21:   0 r22:   2 r23:   0 
r24:  21 r25:   5 r26:  56 r27:  19 r28:   9 r29:   1 r30: 149 r31:  25 
x  :   6 y  :  78 z  :  12 
Registers used: 25 out of 35 (71.4%)

ATmega16A instruction use summary:
.lds  :   0 .lds.l:   0 .sts  :   0 .sts.l:   0 adc   :   2 add   :   3 
adiw  :   8 and   :   0 andi  :   5 asr   :   0 bclr  :   0 bld   :   1 
brbc  :   0 brbs  :   0 brcc  :   0 brcs  :   0 break :   0 breq  :  11 
brge  :   2 brhc  :   0 brhs  :   0 brid  :   0 brie  :   0 brlo  :   1 
brlt  :   0 brmi  :   0 brne  :  17 brpl  :   0 brsh  :   0 brtc  :   0 
brts  :   0 brvc  :   0 brvs  :   0 bset  :   0 bst   :   0 call  :   9 
cbi   :   9 cbr   :   0 clc   :   0 clh   :   0 cli   :   2 cln   :   0 
clr   :   6 cls   :   0 clt   :   0 clv   :   0 clz   :   0 com   :   0 
cp    :   5 cpc   :   0 cpi   :   4 cpse  :   0 dec   :   7 des   :   0 
eor   :   0 fmul  :   0 fmuls :   0 fmulsu:   0 icall :   0 ijmp  :   0 
in    :   4 inc   :   6 jmp   :  23 ld    :  23 ldd   :  21 ldi   :  72 
lds   :   0 lpm   :   9 lsl   :   0 lsr   :   0 mov   :  12 movw  :   6 
mul   :   0 muls  :   0 mulsu :   0 neg   :   0 nop   :   0 or    :   0 
ori   :   0 out   :  46 pop   :   2 push  :   2 rcall :  27 ret   :   8 
reti  :   1 rjmp  :  17 rol   :   0 ror   :   0 sbc   :   0 sbci  :   4 
sbi   :  13 sbic  :   0 sbis  :   0 sbiw  :  11 sbr   :   0 sbrc  :   0 
sbrs  :   0 sec   :   0 seh   :   0 sei   :   2 sen   :   0 ser   :   0 
ses   :   0 set   :   1 sev   :   0 sez   :   0 sleep :   0 spm   :   0 
st    :  30 std   :  14 sts   :   2 sub   :   0 subi  :   6 swap  :   1 
tst   :   2 wdr   :   1 
Instructions used: 44 out of 116 (37.9%)

ATmega16A memory use summary [bytes]:
Segment   Begin    End      Code   Data   Used    Size   Use%
---------------------------------------------------------------
[.cseg] 0x000000 0x000456    982    128   1110   16384   6.8%
[.dseg] 0x000060 0x000189      0     41     41    1024   4.0%
[.eseg] 0x000000 0x000000      0      0      0     512   0.0%

Assembly complete, 0 errors, 9 warnings
