Change Component Designator: Old Designator=C14 New Designator=C15
Change Component Designator: Old Designator=C15 New Designator=C14
Change Component Designator: Old Designator=K1 New Designator=K2
Change Component Designator: Old Designator=K2 New Designator=K1
Change Component Designator: Old Designator=K3 New Designator=K4
Change Component Designator: Old Designator=K4 New Designator=K3
Change Component Designator: Old Designator=K5 New Designator=K6
Change Component Designator: Old Designator=K6 New Designator=K5
Change Component Designator: Old Designator=K7 New Designator=K8
Change Component Designator: Old Designator=K8 New Designator=K7
Change Component Designator: Old Designator=K9 New Designator=K10
Change Component Designator: Old Designator=K10 New Designator=K9
Change Component Designator: Old Designator=K11 New Designator=K16
Change Component Designator: Old Designator=K12 New Designator=K15
Change Component Designator: Old Designator=K13 New Designator=K14
Change Component Designator: Old Designator=K14 New Designator=K13
Change Component Designator: Old Designator=K15 New Designator=K12
Change Component Designator: Old Designator=K16 New Designator=K11
Change Component Designator: Old Designator=P8 New Designator=P9
Change Component Designator: Old Designator=P9 New Designator=P8
Change Component Designator: Old Designator=P11 New Designator=P18
Change Component Designator: Old Designator=P12 New Designator=P17
Change Component Designator: Old Designator=P13 New Designator=P16
Change Component Designator: Old Designator=P14 New Designator=P15
Change Component Designator: Old Designator=P15 New Designator=P14
Change Component Designator: Old Designator=P16 New Designator=P13
Change Component Designator: Old Designator=P17 New Designator=P12
Change Component Designator: Old Designator=P18 New Designator=P11
Change Component Designator: Old Designator=Q1 New Designator=Q2
Change Component Designator: Old Designator=Q2 New Designator=Q1
Change Component Designator: Old Designator=Q3 New Designator=Q4
Change Component Designator: Old Designator=Q4 New Designator=Q3
Change Component Designator: Old Designator=Q5 New Designator=Q6
Change Component Designator: Old Designator=Q6 New Designator=Q5
Change Component Designator: Old Designator=Q7 New Designator=Q8
Change Component Designator: Old Designator=Q8 New Designator=Q7
Change Component Designator: Old Designator=Q9 New Designator=Q10
Change Component Designator: Old Designator=Q10 New Designator=Q9
Change Component Designator: Old Designator=Q11 New Designator=Q12
Change Component Designator: Old Designator=Q12 New Designator=Q11
Change Component Designator: Old Designator=Q13 New Designator=Q16
Change Component Designator: Old Designator=Q14 New Designator=Q15
Change Component Designator: Old Designator=Q15 New Designator=Q14
Change Component Designator: Old Designator=Q16 New Designator=Q13
Change Component Designator: Old Designator=R6 New Designator=R7
Change Component Designator: Old Designator=R7 New Designator=R6
Change Component Designator: Old Designator=R8 New Designator=R9
Change Component Designator: Old Designator=R9 New Designator=R8
Change Component Designator: Old Designator=R10 New Designator=R11
Change Component Designator: Old Designator=R11 New Designator=R10
Change Component Designator: Old Designator=R13 New Designator=R14
Change Component Designator: Old Designator=R14 New Designator=R13
Change Component Designator: Old Designator=R16 New Designator=R17
Change Component Designator: Old Designator=R17 New Designator=R16
Change Component Designator: Old Designator=R20 New Designator=R21
Change Component Designator: Old Designator=R21 New Designator=R20
Change Component Designator: Old Designator=R22 New Designator=R25
Change Component Designator: Old Designator=R23 New Designator=R24
Change Component Designator: Old Designator=R24 New Designator=R23
Change Component Designator: Old Designator=R25 New Designator=R22
