Change Component Designator: Old Designator=B1 New Designator=B?
Change Component Designator: Old Designator=C11 New Designator=C?
Change Component Designator: Old Designator=C12 New Designator=C?
Change Component Designator: Old Designator=C13 New Designator=C?
Change Component Designator: Old Designator=C14 New Designator=C?
Change Component Designator: Old Designator=C15 New Designator=C?
Change Component Designator: Old Designator=C16 New Designator=C?
Change Component Designator: Old Designator=C17 New Designator=C?
Change Component Designator: Old Designator=C18 New Designator=C?
Change Component Designator: Old Designator=C19 New Designator=C?
Change Component Designator: Old Designator=C20 New Designator=C?
Change Component Designator: Old Designator=D5 New Designator=D?
Change Component Designator: Old Designator=D6 New Designator=D?
Change Component Designator: Old Designator=D7 New Designator=D?
Change Component Designator: Old Designator=K1 New Designator=K?
Change Component Designator: Old Designator=K2 New Designator=K?
Change Component Designator: Old Designator=K3 New Designator=K?
Change Component Designator: Old Designator=K4 New Designator=K?
Change Component Designator: Old Designator=K5 New Designator=K?
Change Component Designator: Old Designator=K6 New Designator=K?
Change Component Designator: Old Designator=K7 New Designator=K?
Change Component Designator: Old Designator=K8 New Designator=K?
Change Component Designator: Old Designator=K9 New Designator=K?
Change Component Designator: Old Designator=K10 New Designator=K?
Change Component Designator: Old Designator=K11 New Designator=K?
Change Component Designator: Old Designator=K12 New Designator=K?
Change Component Designator: Old Designator=K13 New Designator=K?
Change Component Designator: Old Designator=K14 New Designator=K?
Change Component Designator: Old Designator=K15 New Designator=K?
Change Component Designator: Old Designator=K16 New Designator=K?
Change Component Designator: Old Designator=NRF2 New Designator=NRF?
Change Component Designator: Old Designator=P8 New Designator=P?
Change Component Designator: Old Designator=P9 New Designator=P?
Change Component Designator: Old Designator=P10 New Designator=P?
Change Component Designator: Old Designator=P11 New Designator=P?
Change Component Designator: Old Designator=P12 New Designator=P?
Change Component Designator: Old Designator=P13 New Designator=P?
Change Component Designator: Old Designator=P14 New Designator=P?
Change Component Designator: Old Designator=P15 New Designator=P?
Change Component Designator: Old Designator=P16 New Designator=P?
Change Component Designator: Old Designator=P17 New Designator=P?
Change Component Designator: Old Designator=P18 New Designator=P?
Change Component Designator: Old Designator=P19 New Designator=P?
Change Component Designator: Old Designator=Q1 New Designator=Q?
Change Component Designator: Old Designator=Q2 New Designator=Q?
Change Component Designator: Old Designator=Q3 New Designator=Q?
Change Component Designator: Old Designator=Q4 New Designator=Q?
Change Component Designator: Old Designator=Q5 New Designator=Q?
Change Component Designator: Old Designator=Q6 New Designator=Q?
Change Component Designator: Old Designator=Q7 New Designator=Q?
Change Component Designator: Old Designator=Q8 New Designator=Q?
Change Component Designator: Old Designator=Q9 New Designator=Q?
Change Component Designator: Old Designator=Q10 New Designator=Q?
Change Component Designator: Old Designator=Q11 New Designator=Q?
Change Component Designator: Old Designator=Q12 New Designator=Q?
Change Component Designator: Old Designator=Q13 New Designator=Q?
Change Component Designator: Old Designator=Q14 New Designator=Q?
Change Component Designator: Old Designator=Q15 New Designator=Q?
Change Component Designator: Old Designator=Q16 New Designator=Q?
Change Component Designator: Old Designator=R6 New Designator=R?
Change Component Designator: Old Designator=R7 New Designator=R?
Change Component Designator: Old Designator=R8 New Designator=R?
Change Component Designator: Old Designator=R9 New Designator=R?
Change Component Designator: Old Designator=R10 New Designator=R?
Change Component Designator: Old Designator=R11 New Designator=R?
Change Component Designator: Old Designator=R12 New Designator=R?
Change Component Designator: Old Designator=R13 New Designator=R?
Change Component Designator: Old Designator=R14 New Designator=R?
Change Component Designator: Old Designator=R15 New Designator=R?
Change Component Designator: Old Designator=R16 New Designator=R?
Change Component Designator: Old Designator=R17 New Designator=R?
Change Component Designator: Old Designator=R18 New Designator=R?
Change Component Designator: Old Designator=R19 New Designator=R?
Change Component Designator: Old Designator=R20 New Designator=R?
Change Component Designator: Old Designator=R21 New Designator=R?
Change Component Designator: Old Designator=R22 New Designator=R?
Change Component Designator: Old Designator=R23 New Designator=R?
Change Component Designator: Old Designator=R24 New Designator=R?
Change Component Designator: Old Designator=R25 New Designator=R?
Change Component Designator: Old Designator=SW1 New Designator=SW?
Change Component Designator: Old Designator=U4 New Designator=U?
Change Component Designator: Old Designator=U5 New Designator=U?
Change Component Designator: Old Designator=U6 New Designator=U?
Change Component Designator: Old Designator=Y2 New Designator=Y?
