Change Component Designator: Old Designator=C1 New Designator=C14
Change Component Designator: Old Designator=C2 New Designator=C15
Change Component Designator: Old Designator=C3 New Designator=C16
Change Component Designator: Old Designator=C4 New Designator=C12
Change Component Designator: Old Designator=C5 New Designator=C13
Change Component Designator: Old Designator=C6 New Designator=C8
Change Component Designator: Old Designator=C7 New Designator=C9
Change Component Designator: Old Designator=C8 New Designator=C10
Change Component Designator: Old Designator=C9 New Designator=C11
Change Component Designator: Old Designator=C10 New Designator=C7
Change Component Designator: Old Designator=C11 New Designator=C6
Change Component Designator: Old Designator=C12 New Designator=C5
Change Component Designator: Old Designator=C13 New Designator=C4
Change Component Designator: Old Designator=C14 New Designator=C1
Change Component Designator: Old Designator=C15 New Designator=C2
Change Component Designator: Old Designator=C16 New Designator=C3
Change Component Designator: Old Designator=D1 New Designator=D5
Change Component Designator: Old Designator=D2 New Designator=D1
Change Component Designator: Old Designator=D3 New Designator=D2
Change Component Designator: Old Designator=D4 New Designator=D3
Change Component Designator: Old Designator=D5 New Designator=D4
Change Component Designator: Old Designator=JS1 New Designator=JS8
Change Component Designator: Old Designator=JS2 New Designator=JS7
Change Component Designator: Old Designator=JS3 New Designator=JS6
Change Component Designator: Old Designator=JS4 New Designator=JS5
Change Component Designator: Old Designator=JS5 New Designator=JS4
Change Component Designator: Old Designator=JS6 New Designator=JS3
Change Component Designator: Old Designator=JS7 New Designator=JS2
Change Component Designator: Old Designator=JS8 New Designator=JS1
Change Component Designator: Old Designator=LED1 New Designator=LED36
Change Component Designator: Old Designator=LED2 New Designator=LED32
Change Component Designator: Old Designator=LED3 New Designator=LED33
Change Component Designator: Old Designator=LED4 New Designator=LED34
Change Component Designator: Old Designator=LED5 New Designator=LED35
Change Component Designator: Old Designator=LED6 New Designator=LED30
Change Component Designator: Old Designator=LED7 New Designator=LED31
Change Component Designator: Old Designator=LED8 New Designator=LED29
Change Component Designator: Old Designator=LED9 New Designator=LED27
Change Component Designator: Old Designator=LED10 New Designator=LED28
Change Component Designator: Old Designator=LED11 New Designator=LED25
Change Component Designator: Old Designator=LED12 New Designator=LED26
Change Component Designator: Old Designator=LED13 New Designator=LED23
Change Component Designator: Old Designator=LED14 New Designator=LED24
Change Component Designator: Old Designator=LED15 New Designator=LED19
Change Component Designator: Old Designator=LED16 New Designator=LED20
Change Component Designator: Old Designator=LED17 New Designator=LED21
Change Component Designator: Old Designator=LED18 New Designator=LED22
Change Component Designator: Old Designator=LED19 New Designator=LED17
Change Component Designator: Old Designator=LED20 New Designator=LED18
Change Component Designator: Old Designator=LED21 New Designator=LED15
Change Component Designator: Old Designator=LED22 New Designator=LED16
Change Component Designator: Old Designator=LED23 New Designator=LED13
Change Component Designator: Old Designator=LED24 New Designator=LED14
Change Component Designator: Old Designator=LED25 New Designator=LED11
Change Component Designator: Old Designator=LED26 New Designator=LED12
Change Component Designator: Old Designator=LED27 New Designator=LED9
Change Component Designator: Old Designator=LED28 New Designator=LED10
Change Component Designator: Old Designator=LED29 New Designator=LED7
Change Component Designator: Old Designator=LED30 New Designator=LED8
Change Component Designator: Old Designator=LED31 New Designator=LED5
Change Component Designator: Old Designator=LED32 New Designator=LED6
Change Component Designator: Old Designator=LED33 New Designator=LED3
Change Component Designator: Old Designator=LED34 New Designator=LED4
Change Component Designator: Old Designator=LED35 New Designator=LED2
Change Component Designator: Old Designator=LED36 New Designator=LED1
Change Component Designator: Old Designator=M1 New Designator=M3
Change Component Designator: Old Designator=M3 New Designator=M1
Change Component Designator: Old Designator=P1 New Designator=P3
Change Component Designator: Old Designator=P3 New Designator=P1
Change Component Designator: Old Designator=R1 New Designator=R23
Change Component Designator: Old Designator=R2 New Designator=R24
Change Component Designator: Old Designator=R3 New Designator=R22
Change Component Designator: Old Designator=R4 New Designator=R21
Change Component Designator: Old Designator=R5 New Designator=R20
Change Component Designator: Old Designator=R6 New Designator=R19
Change Component Designator: Old Designator=R7 New Designator=R18
Change Component Designator: Old Designator=R8 New Designator=R17
Change Component Designator: Old Designator=R9 New Designator=R16
Change Component Designator: Old Designator=R10 New Designator=R15
Change Component Designator: Old Designator=R11 New Designator=R14
Change Component Designator: Old Designator=R12 New Designator=R13
Change Component Designator: Old Designator=R13 New Designator=R12
Change Component Designator: Old Designator=R14 New Designator=R11
Change Component Designator: Old Designator=R15 New Designator=R10
Change Component Designator: Old Designator=R16 New Designator=R9
Change Component Designator: Old Designator=R17 New Designator=R8
Change Component Designator: Old Designator=R18 New Designator=R7
Change Component Designator: Old Designator=R19 New Designator=R6
Change Component Designator: Old Designator=R20 New Designator=R5
Change Component Designator: Old Designator=R21 New Designator=R2
Change Component Designator: Old Designator=R22 New Designator=R3
Change Component Designator: Old Designator=R23 New Designator=R4
Change Component Designator: Old Designator=R24 New Designator=R1
Change Component Designator: Old Designator=S1 New Designator=S13
Change Component Designator: Old Designator=S2 New Designator=S12
Change Component Designator: Old Designator=S3 New Designator=S11
Change Component Designator: Old Designator=S4 New Designator=S10
Change Component Designator: Old Designator=S5 New Designator=S9
Change Component Designator: Old Designator=S6 New Designator=S8
Change Component Designator: Old Designator=S8 New Designator=S6
Change Component Designator: Old Designator=S9 New Designator=S5
Change Component Designator: Old Designator=S10 New Designator=S4
Change Component Designator: Old Designator=S11 New Designator=S3
Change Component Designator: Old Designator=S12 New Designator=S2
Change Component Designator: Old Designator=S13 New Designator=S1
Change Component Designator: Old Designator=T1 New Designator=T4
Change Component Designator: Old Designator=T2 New Designator=T3
Change Component Designator: Old Designator=T3 New Designator=T2
Change Component Designator: Old Designator=T4 New Designator=T1
Change Component Designator: Old Designator=U1 New Designator=U3
Change Component Designator: Old Designator=U3 New Designator=U1
