Added Pin To Net: NetName=+12 Pin=C4-1
Added Pin To Net: NetName=+12 Pin=C6-1
Added Pin To Net: NetName=+12 Pin=C7-1
Added Pin To Net: NetName=+12 Pin=D1-K
Added Pin To Net: NetName=+12 Pin=IC1-1
Added Pin To Net: NetName=+12 Pin=P2-1
Added Pin To Net: NetName=+12 Pin=R8-2
Added Net: Name=+12
Added Pin To Net: NetName=A0 Pin=U2-51
Added Pin To Net: NetName=A0 Pin=U3-1
Added Net: Name=A0
Added Pin To Net: NetName=A1 Pin=U2-50
Added Pin To Net: NetName=A1 Pin=U3-2
Added Net: Name=A1
Added Pin To Net: NetName=A2 Pin=U2-49
Added Pin To Net: NetName=A2 Pin=U3-3
Added Net: Name=A2
Added Pin To Net: NetName=A3 Pin=U2-48
Added Pin To Net: NetName=A3 Pin=U3-4
Added Net: Name=A3
Added Pin To Net: NetName=A4 Pin=U2-47
Added Pin To Net: NetName=A4 Pin=U3-5
Added Net: Name=A4
Added Pin To Net: NetName=A5 Pin=U2-46
Added Pin To Net: NetName=A5 Pin=U3-6
Added Net: Name=A5
Added Pin To Net: NetName=A6 Pin=U2-45
Added Pin To Net: NetName=A6 Pin=U3-7
Added Net: Name=A6
Added Pin To Net: NetName=A7 Pin=U2-44
Added Pin To Net: NetName=A7 Pin=U3-8
Added Net: Name=A7
Added Pin To Net: NetName=AS Pin=HC1-24
Added Pin To Net: NetName=AS Pin=HC1-31
Added Pin To Net: NetName=AS Pin=U2-5
Added Net: Name=AS
Added Pin To Net: NetName=D0 Pin=R33-1
Added Pin To Net: NetName=D0 Pin=U2-32
Added Pin To Net: NetName=D0 Pin=U3-13
Added Net: Name=D0
Added Pin To Net: NetName=D1 Pin=R31-1
Added Pin To Net: NetName=D1 Pin=U2-31
Added Pin To Net: NetName=D1 Pin=U3-12
Added Net: Name=D1
Added Pin To Net: NetName=D2 Pin=R29-1
Added Pin To Net: NetName=D2 Pin=U2-30
Added Pin To Net: NetName=D2 Pin=U3-11
Added Net: Name=D2
Added Pin To Net: NetName=D3 Pin=R27-1
Added Pin To Net: NetName=D3 Pin=U2-29
Added Pin To Net: NetName=D3 Pin=U3-10
Added Net: Name=D3
Added Pin To Net: NetName=EARTH Pin=T1-2
Added Pin To Net: NetName=EARTH Pin=T2-2
Added Net: Name=EARTH
Added Pin To Net: NetName=GND Pin=B1-2
Added Pin To Net: NetName=GND Pin=C1-2
Added Pin To Net: NetName=GND Pin=C2-2
Added Pin To Net: NetName=GND Pin=C3-2
Added Pin To Net: NetName=GND Pin=C4-2
Added Pin To Net: NetName=GND Pin=C5-2
Added Pin To Net: NetName=GND Pin=C6-2
Added Pin To Net: NetName=GND Pin=C7-2
Added Pin To Net: NetName=GND Pin=C8-2
Added Pin To Net: NetName=GND Pin=C9-2
Added Pin To Net: NetName=GND Pin=C10-1
Added Pin To Net: NetName=GND Pin=C11-1
Added Pin To Net: NetName=GND Pin=C12-1
Added Pin To Net: NetName=GND Pin=C13-2
Added Pin To Net: NetName=GND Pin=C14-2
Added Pin To Net: NetName=GND Pin=C15-2
Added Pin To Net: NetName=GND Pin=C16-2
Added Pin To Net: NetName=GND Pin=D2-2
Added Pin To Net: NetName=GND Pin=D3-2
Added Pin To Net: NetName=GND Pin=D4-2
Added Pin To Net: NetName=GND Pin=D5-2
Added Pin To Net: NetName=GND Pin=D6-A
Added Pin To Net: NetName=GND Pin=DOWN SW-2
Added Pin To Net: NetName=GND Pin=DOWN SW-2
Added Pin To Net: NetName=GND Pin=EXPOSE-2
Added Pin To Net: NetName=GND Pin=EXPOSE-2
Added Pin To Net: NetName=GND Pin=HC1-13
Added Pin To Net: NetName=GND Pin=HC1-21
Added Pin To Net: NetName=GND Pin=HC1-22
Added Pin To Net: NetName=GND Pin=IC1-4
Added Pin To Net: NetName=GND Pin=J1-1
Added Pin To Net: NetName=GND Pin=J1-shild
Added Pin To Net: NetName=GND Pin=J1-shild
Added Pin To Net: NetName=GND Pin=J1-shild
Added Pin To Net: NetName=GND Pin=J1-shild
Added Pin To Net: NetName=GND Pin=LED36-2
Added Pin To Net: NetName=GND Pin=LED Expose-2
Added Pin To Net: NetName=GND Pin=M2-1
Added Pin To Net: NetName=GND Pin=P3-4
Added Pin To Net: NetName=GND Pin=P3-6
Added Pin To Net: NetName=GND Pin=P3-8
Added Pin To Net: NetName=GND Pin=P3-10
Added Pin To Net: NetName=GND Pin=P4-1
Added Pin To Net: NetName=GND Pin=P5-1
Added Pin To Net: NetName=GND Pin=POWER LED-2
Added Pin To Net: NetName=GND Pin=Q1-1
Added Pin To Net: NetName=GND Pin=R22-1
Added Pin To Net: NetName=GND Pin=R27-2
Added Pin To Net: NetName=GND Pin=R29-2
Added Pin To Net: NetName=GND Pin=R31-2
Added Pin To Net: NetName=GND Pin=R33-2
Added Pin To Net: NetName=GND Pin=R36-1
Added Pin To Net: NetName=GND Pin=R37-1
Added Pin To Net: NetName=GND Pin=RVG SW-1
Added Pin To Net: NetName=GND Pin=RVG SW-1
Added Pin To Net: NetName=GND Pin=S5-1
Added Pin To Net: NetName=GND Pin=S5-1
Added Pin To Net: NetName=GND Pin=S6-2
Added Pin To Net: NetName=GND Pin=S6-2
Added Pin To Net: NetName=GND Pin=S7-1
Added Pin To Net: NetName=GND Pin=S7-1
Added Pin To Net: NetName=GND Pin=S8-2
Added Pin To Net: NetName=GND Pin=S8-2
Added Pin To Net: NetName=GND Pin=S9-1
Added Pin To Net: NetName=GND Pin=S9-1
Added Pin To Net: NetName=GND Pin=S10-2
Added Pin To Net: NetName=GND Pin=S10-2
Added Pin To Net: NetName=GND Pin=S11-1
Added Pin To Net: NetName=GND Pin=S11-1
Added Pin To Net: NetName=GND Pin=S12-1
Added Pin To Net: NetName=GND Pin=S12-1
Added Pin To Net: NetName=GND Pin=S13-1
Added Pin To Net: NetName=GND Pin=S13-1
Added Pin To Net: NetName=GND Pin=Timer LED-2
Added Pin To Net: NetName=GND Pin=TIMER SW-1
Added Pin To Net: NetName=GND Pin=TIMER SW-1
Added Pin To Net: NetName=GND Pin=U2-22
Added Pin To Net: NetName=GND Pin=U2-53
Added Pin To Net: NetName=GND Pin=U2-63
Added Pin To Net: NetName=GND Pin=U3-9
Added Pin To Net: NetName=GND Pin=UP SW-1
Added Pin To Net: NetName=GND Pin=UP SW-1
Added Net: Name=GND
Added Pin To Net: NetName=KEY Pin=HC1-34
Added Pin To Net: NetName=KEY Pin=U2-4
Added Net: Name=KEY
Added Pin To Net: NetName=L Pin=F1-1
Added Pin To Net: NetName=L Pin=K1-S1
Added Pin To Net: NetName=L Pin=POWER SW-2
Added Net: Name=L
Added Pin To Net: NetName=MISO Pin=HC1-2
Added Pin To Net: NetName=MISO Pin=J1-2
Added Pin To Net: NetName=MISO Pin=J1-6
Added Pin To Net: NetName=MISO Pin=P3-9
Added Pin To Net: NetName=MISO Pin=U2-3
Added Net: Name=MISO
Added Pin To Net: NetName=MOSI Pin=HC1-1
Added Pin To Net: NetName=MOSI Pin=J1-3
Added Pin To Net: NetName=MOSI Pin=J1-7
Added Pin To Net: NetName=MOSI Pin=P3-1
Added Pin To Net: NetName=MOSI Pin=U2-2
Added Net: Name=MOSI
Added Pin To Net: NetName=NetB1_1 Pin=B1-1
Added Pin To Net: NetName=NetB1_1 Pin=U2-10
Added Net: Name=NetB1_1
Added Pin To Net: NetName=NetC12_2 Pin=C12-2
Added Pin To Net: NetName=NetC12_2 Pin=U2-23
Added Pin To Net: NetName=NetC12_2 Pin=Y1-2
Added Net: Name=NetC12_2
Added Pin To Net: NetName=NetD1_A Pin=D1-A
Added Pin To Net: NetName=NetD1_A Pin=M2-0
Added Net: Name=NetD1_A
Added Pin To Net: NetName=NetD6_K Pin=D6-K
Added Pin To Net: NetName=NetD6_K Pin=K1-1
Added Pin To Net: NetName=NetD6_K Pin=Q1-2
Added Pin To Net: NetName=NetD6_K Pin=R8-1
Added Net: Name=NetD6_K
Added Pin To Net: NetName=NetDOWN SW_1 Pin=DOWN SW-1
Added Pin To Net: NetName=NetDOWN SW_1 Pin=DOWN SW-1
Added Pin To Net: NetName=NetDOWN SW_1 Pin=U2-25
Added Net: Name=NetDOWN SW_1
Added Pin To Net: NetName=NetDS1_1 Pin=DS1-1
Added Pin To Net: NetName=NetDS1_1 Pin=R15-2
Added Net: Name=NetDS1_1
Added Pin To Net: NetName=NetDS1_2 Pin=DS1-2
Added Pin To Net: NetName=NetDS1_2 Pin=R14-2
Added Net: Name=NetDS1_2
Added Pin To Net: NetName=NetDS1_3 Pin=DS1-3
Added Pin To Net: NetName=NetDS1_3 Pin=R18-2
Added Net: Name=NetDS1_3
Added Pin To Net: NetName=NetDS1_4 Pin=DS1-4
Added Pin To Net: NetName=NetDS1_4 Pin=R13-2
Added Net: Name=NetDS1_4
Added Pin To Net: NetName=NetDS1_5 Pin=DS1-5
Added Pin To Net: NetName=NetDS1_5 Pin=R17-2
Added Net: Name=NetDS1_5
Added Pin To Net: NetName=NetDS1_6 Pin=DS1-6
Added Pin To Net: NetName=NetDS1_6 Pin=U2-18
Added Net: Name=NetDS1_6
Added Pin To Net: NetName=NetDS1_7 Pin=DS1-7
Added Pin To Net: NetName=NetDS1_7 Pin=R12-2
Added Net: Name=NetDS1_7
Added Pin To Net: NetName=NetDS1_8 Pin=DS1-8
Added Pin To Net: NetName=NetDS1_8 Pin=U2-43
Added Net: Name=NetDS1_8
Added Pin To Net: NetName=NetDS1_9 Pin=DS1-9
Added Pin To Net: NetName=NetDS1_9 Pin=U2-34
Added Net: Name=NetDS1_9
Added Pin To Net: NetName=NetDS1_10 Pin=DS1-10
Added Pin To Net: NetName=NetDS1_10 Pin=R16-2
Added Net: Name=NetDS1_10
Added Pin To Net: NetName=NetDS1_11 Pin=DS1-11
Added Pin To Net: NetName=NetDS1_11 Pin=R11-2
Added Net: Name=NetDS1_11
Added Pin To Net: NetName=NetDS1_12 Pin=DS1-12
Added Pin To Net: NetName=NetDS1_12 Pin=U2-33
Added Net: Name=NetDS1_12
Added Pin To Net: NetName=NetEXPOSE_1 Pin=EXPOSE-1
Added Pin To Net: NetName=NetEXPOSE_1 Pin=EXPOSE-1
Added Pin To Net: NetName=NetEXPOSE_1 Pin=U2-27
Added Net: Name=NetEXPOSE_1
Added Pin To Net: NetName=NetF1_2 Pin=F1-2
Added Pin To Net: NetName=NetF1_2 Pin=M2-2
Added Net: Name=NetF1_2
Added Pin To Net: NetName=NetHC1_12 Pin=HC1-12
Added Pin To Net: NetName=NetHC1_12 Pin=R35-1
Added Pin To Net: NetName=NetHC1_12 Pin=R36-2
Added Pin To Net: NetName=NetHC1_12 Pin=R37-2
Added Net: Name=NetHC1_12
Added Pin To Net: NetName=NetJ2_1 Pin=J2-1
Added Pin To Net: NetName=NetJ2_1 Pin=J2-shild
Added Pin To Net: NetName=NetJ2_1 Pin=J2-shild
Added Pin To Net: NetName=NetJ2_1 Pin=J2-shild
Added Pin To Net: NetName=NetJ2_1 Pin=J2-shild
Added Pin To Net: NetName=NetJ2_1 Pin=LEDG-2
Added Pin To Net: NetName=NetJ2_1 Pin=P6-1
Added Pin To Net: NetName=NetJ2_1 Pin=P900-4
Added Pin To Net: NetName=NetJ2_1 Pin=P900-6
Added Pin To Net: NetName=NetJ2_1 Pin=P900-8
Added Pin To Net: NetName=NetJ2_1 Pin=P900-10
Added Net: Name=NetJ2_1
Added Pin To Net: NetName=NetJ2_2 Pin=J2-2
Added Pin To Net: NetName=NetJ2_2 Pin=P6-3
Added Net: Name=NetJ2_2
Added Pin To Net: NetName=NetJ2_3 Pin=J2-3
Added Pin To Net: NetName=NetJ2_3 Pin=P6-2
Added Net: Name=NetJ2_3
Added Pin To Net: NetName=NetJ2_4 Pin=J2-4
Added Pin To Net: NetName=NetJ2_4 Pin=P900-5
Added Net: Name=NetJ2_4
Added Pin To Net: NetName=NetJ2_5 Pin=J2-5
Added Pin To Net: NetName=NetJ2_5 Pin=P900-7
Added Net: Name=NetJ2_5
Added Pin To Net: NetName=NetJ2_6 Pin=J2-6
Added Pin To Net: NetName=NetJ2_6 Pin=P900-9
Added Net: Name=NetJ2_6
Added Pin To Net: NetName=NetJ2_7 Pin=J2-7
Added Pin To Net: NetName=NetJ2_7 Pin=P900-1
Added Net: Name=NetJ2_7
Added Pin To Net: NetName=NetJ2_8 Pin=J2-8
Added Pin To Net: NetName=NetJ2_8 Pin=P6-4
Added Pin To Net: NetName=NetJ2_8 Pin=P900-2
Added Pin To Net: NetName=NetJ2_8 Pin=RG-1
Added Net: Name=NetJ2_8
Added Pin To Net: NetName=NetK1_2 Pin=K1-2
Added Pin To Net: NetName=NetK1_2 Pin=P2-2
Added Net: Name=NetK1_2
Added Pin To Net: NetName=NetK1_P1 Pin=K1-P1
Added Pin To Net: NetName=NetK1_P1 Pin=T2-3
Added Net: Name=NetK1_P1
Added Pin To Net: NetName=NetK1_P2 Pin=K1-P2
Added Pin To Net: NetName=NetK1_P2 Pin=T2-1
Added Net: Name=NetK1_P2
Added Pin To Net: NetName=NetLED36_1 Pin=LED36-1
Added Pin To Net: NetName=NetLED36_1 Pin=R21-2
Added Net: Name=NetLED36_1
Added Pin To Net: NetName=NetLED Expose_1 Pin=LED Expose-1
Added Pin To Net: NetName=NetLED Expose_1 Pin=R20-2
Added Net: Name=NetLED Expose_1
Added Pin To Net: NetName=NetLEDG_1 Pin=LEDG-1
Added Pin To Net: NetName=NetLEDG_1 Pin=RG-2
Added Net: Name=NetLEDG_1
Added Pin To Net: NetName=NetP5_3 Pin=P5-3
Added Pin To Net: NetName=NetP5_3 Pin=U3-14
Added Net: Name=NetP5_3
Added Pin To Net: NetName=NetPOWER LED_1 Pin=POWER LED-1
Added Pin To Net: NetName=NetPOWER LED_1 Pin=R7-2
Added Net: Name=NetPOWER LED_1
Added Pin To Net: NetName=NetPOWER SW_3 Pin=POWER SW-3
Added Pin To Net: NetName=NetPOWER SW_3 Pin=T1-1
Added Net: Name=NetPOWER SW_3
Added Pin To Net: NetName=NetQ1_3 Pin=Q1-3
Added Pin To Net: NetName=NetQ1_3 Pin=R10-2
Added Net: Name=NetQ1_3
Added Pin To Net: NetName=NetR9_2 Pin=R9-2
Added Pin To Net: NetName=NetR9_2 Pin=Timer LED-1
Added Net: Name=NetR9_2
Added Pin To Net: NetName=NetR10_1 Pin=R10-1
Added Pin To Net: NetName=NetR10_1 Pin=U2-12
Added Net: Name=NetR10_1
Added Pin To Net: NetName=NetR11_1 Pin=R11-1
Added Pin To Net: NetName=NetR11_1 Pin=U2-54
Added Net: Name=NetR11_1
Added Pin To Net: NetName=NetR12_1 Pin=R12-1
Added Pin To Net: NetName=NetR12_1 Pin=U2-55
Added Net: Name=NetR12_1
Added Pin To Net: NetName=NetR13_1 Pin=R13-1
Added Pin To Net: NetName=NetR13_1 Pin=U2-56
Added Net: Name=NetR13_1
Added Pin To Net: NetName=NetR14_1 Pin=R14-1
Added Pin To Net: NetName=NetR14_1 Pin=U2-57
Added Net: Name=NetR14_1
Added Pin To Net: NetName=NetR15_1 Pin=R15-1
Added Pin To Net: NetName=NetR15_1 Pin=U2-58
Added Net: Name=NetR15_1
Added Pin To Net: NetName=NetR16_1 Pin=R16-1
Added Pin To Net: NetName=NetR16_1 Pin=U2-59
Added Net: Name=NetR16_1
Added Pin To Net: NetName=NetR17_1 Pin=R17-1
Added Pin To Net: NetName=NetR17_1 Pin=U2-60
Added Net: Name=NetR17_1
Added Pin To Net: NetName=NetR18_1 Pin=R18-1
Added Pin To Net: NetName=NetR18_1 Pin=U2-61
Added Net: Name=NetR18_1
Added Pin To Net: NetName=NetR20_1 Pin=R20-1
Added Pin To Net: NetName=NetR20_1 Pin=U2-19
Added Net: Name=NetR20_1
Added Pin To Net: NetName=NetR21_1 Pin=R21-1
Added Pin To Net: NetName=NetR21_1 Pin=U3-17
Added Net: Name=NetR21_1
Added Pin To Net: NetName=NetR22_2 Pin=R22-2
Added Pin To Net: NetName=NetR22_2 Pin=RVG LED-2
Added Net: Name=NetR22_2
Added Pin To Net: NetName=NetR34_1 Pin=R34-1
Added Pin To Net: NetName=NetR34_1 Pin=U3-16
Added Net: Name=NetR34_1
Added Pin To Net: NetName=NetR34_2 Pin=R34-2
Added Pin To Net: NetName=NetR34_2 Pin=U3-15
Added Net: Name=NetR34_2
Added Pin To Net: NetName=NetRVG LED_1 Pin=RVG LED-1
Added Pin To Net: NetName=NetRVG LED_1 Pin=U2-35
Added Net: Name=NetRVG LED_1
Added Pin To Net: NetName=NetRVG SW_2 Pin=RVG SW-2
Added Pin To Net: NetName=NetRVG SW_2 Pin=RVG SW-2
Added Pin To Net: NetName=NetRVG SW_2 Pin=U2-8
Added Net: Name=NetRVG SW_2
Added Pin To Net: NetName=NetS5_2 Pin=S5-2
Added Pin To Net: NetName=NetS5_2 Pin=S5-2
Added Pin To Net: NetName=NetS5_2 Pin=U2-38
Added Net: Name=NetS5_2
Added Pin To Net: NetName=NetS6_1 Pin=S6-1
Added Pin To Net: NetName=NetS6_1 Pin=S6-1
Added Pin To Net: NetName=NetS6_1 Pin=U2-26
Added Net: Name=NetS6_1
Added Pin To Net: NetName=NetS7_2 Pin=S7-2
Added Pin To Net: NetName=NetS7_2 Pin=S7-2
Added Pin To Net: NetName=NetS7_2 Pin=U2-39
Added Net: Name=NetS7_2
Added Pin To Net: NetName=NetS8_1 Pin=S8-1
Added Pin To Net: NetName=NetS8_1 Pin=S8-1
Added Pin To Net: NetName=NetS8_1 Pin=U2-28
Added Net: Name=NetS8_1
Added Pin To Net: NetName=NetS9_2 Pin=S9-2
Added Pin To Net: NetName=NetS9_2 Pin=S9-2
Added Pin To Net: NetName=NetS9_2 Pin=U2-40
Added Net: Name=NetS9_2
Added Pin To Net: NetName=NetS11_2 Pin=S11-2
Added Pin To Net: NetName=NetS11_2 Pin=S11-2
Added Pin To Net: NetName=NetS11_2 Pin=U2-7
Added Net: Name=NetS11_2
Added Pin To Net: NetName=NetS12_2 Pin=S12-2
Added Pin To Net: NetName=NetS12_2 Pin=S12-2
Added Pin To Net: NetName=NetS12_2 Pin=U2-41
Added Net: Name=NetS12_2
Added Pin To Net: NetName=NetS13_2 Pin=S13-2
Added Pin To Net: NetName=NetS13_2 Pin=S13-2
Added Pin To Net: NetName=NetS13_2 Pin=U2-42
Added Net: Name=NetS13_2
Added Pin To Net: NetName=NetTIMER SW_2 Pin=TIMER SW-2
Added Pin To Net: NetName=NetTIMER SW_2 Pin=TIMER SW-2
Added Pin To Net: NetName=NetTIMER SW_2 Pin=U2-9
Added Net: Name=NetTIMER SW_2
Added Pin To Net: NetName=NetU2_6 Pin=U2-6
Added Pin To Net: NetName=NetU2_6 Pin=UP SW-2
Added Pin To Net: NetName=NetU2_6 Pin=UP SW-2
Added Net: Name=NetU2_6
Added Pin To Net: NetName=N Pin=K1-S2
Added Pin To Net: NetName=N Pin=M2-3
Added Pin To Net: NetName=N Pin=T1-3
Added Net: Name=N
Added Pin To Net: NetName=PEN Pin=P4-2
Added Pin To Net: NetName=PEN Pin=U2-1
Added Net: Name=PEN
Added Pin To Net: NetName=RST Pin=HC1-11
Added Pin To Net: NetName=RST Pin=J1-4
Added Pin To Net: NetName=RST Pin=P3-5
Added Pin To Net: NetName=RST Pin=R19-2
Added Pin To Net: NetName=RST Pin=S10-1
Added Pin To Net: NetName=RST Pin=S10-1
Added Pin To Net: NetName=RST Pin=U2-20
Added Net: Name=RST
Added Pin To Net: NetName=SCK Pin=J1-5
Added Pin To Net: NetName=SCK Pin=P3-7
Added Pin To Net: NetName=SCK Pin=R9-1
Added Pin To Net: NetName=SCK Pin=U2-11
Added Net: Name=SCK
Added Pin To Net: NetName=VCC Pin=C1-1
Added Pin To Net: NetName=VCC Pin=C2-1
Added Pin To Net: NetName=VCC Pin=C3-1
Added Pin To Net: NetName=VCC Pin=C5-1
Added Pin To Net: NetName=VCC Pin=C8-1
Added Pin To Net: NetName=VCC Pin=C9-1
Added Pin To Net: NetName=VCC Pin=C11-2
Added Pin To Net: NetName=VCC Pin=C13-1
Added Pin To Net: NetName=VCC Pin=C14-1
Added Pin To Net: NetName=VCC Pin=C15-1
Added Pin To Net: NetName=VCC Pin=C16-1
Added Pin To Net: NetName=VCC Pin=D2-1
Added Pin To Net: NetName=VCC Pin=D3-1
Added Pin To Net: NetName=VCC Pin=D4-1
Added Pin To Net: NetName=VCC Pin=D5-1
Added Pin To Net: NetName=VCC Pin=IC1-3
Added Pin To Net: NetName=VCC Pin=J1-8
Added Pin To Net: NetName=VCC Pin=P2-3
Added Pin To Net: NetName=VCC Pin=P3-2
Added Pin To Net: NetName=VCC Pin=P4-3
Added Pin To Net: NetName=VCC Pin=P5-4
Added Pin To Net: NetName=VCC Pin=R7-1
Added Pin To Net: NetName=VCC Pin=R19-1
Added Pin To Net: NetName=VCC Pin=R35-2
Added Pin To Net: NetName=VCC Pin=U2-21
Added Pin To Net: NetName=VCC Pin=U2-52
Added Pin To Net: NetName=VCC Pin=U2-62
Added Pin To Net: NetName=VCC Pin=U2-64
Added Pin To Net: NetName=VCC Pin=U3-18
Added Net: Name=VCC
Added Pin To Net: NetName=XTAL Pin=C10-2
Added Pin To Net: NetName=XTAL Pin=P3-3
Added Pin To Net: NetName=XTAL Pin=U2-24
Added Pin To Net: NetName=XTAL Pin=Y1-1
Added Net: Name=XTAL
