Added Component: Designator=LC1(LoadCell-SUP)
Added Component: Designator=LC2(LoadCell-SUP)
Added Component: Designator=LC3(LoadCell-SUP)
Added Component: Designator=LC4(LoadCell-SUP)
Added Component: Designator=P1(Polarized Header 2)
Added Component: Designator=P2(Polarized Header 6)
Added Component: Designator=R1(AXIAL0.4)
Added Component: Designator=R2(AXIAL0.4)
Added Component: Designator=R3(AXIAL0.4)
Added Component: Designator=R4(AXIAL0.4)
Added Component: Designator=U1(AD620-Soic)
Added Component: Designator=U2(AD620-Soic)
Added Component: Designator=U3(AD620-Soic)
Added Component: Designator=U4(AD620-Soic)
Added Pin To Net: NetName=GND Pin=P2-6
Added Pin To Net: NetName=GND Pin=U1-4
Added Pin To Net: NetName=GND Pin=U2-4
Added Pin To Net: NetName=GND Pin=U3-4
Added Pin To Net: NetName=GND Pin=U4-4
Added Net: Name=GND
Added Pin To Net: NetName=NetLC1_1 Pin=LC1-1
Added Pin To Net: NetName=NetLC1_1 Pin=LC2-1
Added Pin To Net: NetName=NetLC1_1 Pin=LC3-1
Added Pin To Net: NetName=NetLC1_1 Pin=LC4-1
Added Pin To Net: NetName=NetLC1_1 Pin=P1-2
Added Net: Name=NetLC1_1
Added Pin To Net: NetName=NetLC1_2 Pin=LC1-2
Added Pin To Net: NetName=NetLC1_2 Pin=LC2-2
Added Pin To Net: NetName=NetLC1_2 Pin=LC3-2
Added Pin To Net: NetName=NetLC1_2 Pin=LC4-2
Added Pin To Net: NetName=NetLC1_2 Pin=P1-1
Added Net: Name=NetLC1_2
Added Pin To Net: NetName=NetLC1_3 Pin=LC1-3
Added Pin To Net: NetName=NetLC1_3 Pin=U1-2
Added Net: Name=NetLC1_3
Added Pin To Net: NetName=NetLC1_4 Pin=LC1-4
Added Pin To Net: NetName=NetLC1_4 Pin=U1-3
Added Net: Name=NetLC1_4
Added Pin To Net: NetName=NetLC2_3 Pin=LC2-3
Added Pin To Net: NetName=NetLC2_3 Pin=U2-2
Added Net: Name=NetLC2_3
Added Pin To Net: NetName=NetLC2_4 Pin=LC2-4
Added Pin To Net: NetName=NetLC2_4 Pin=U2-3
Added Net: Name=NetLC2_4
Added Pin To Net: NetName=NetLC3_3 Pin=LC3-3
Added Pin To Net: NetName=NetLC3_3 Pin=U3-2
Added Net: Name=NetLC3_3
Added Pin To Net: NetName=NetLC3_4 Pin=LC3-4
Added Pin To Net: NetName=NetLC3_4 Pin=U3-3
Added Net: Name=NetLC3_4
Added Pin To Net: NetName=NetLC4_3 Pin=LC4-3
Added Pin To Net: NetName=NetLC4_3 Pin=U4-2
Added Net: Name=NetLC4_3
Added Pin To Net: NetName=NetLC4_4 Pin=LC4-4
Added Pin To Net: NetName=NetLC4_4 Pin=U4-3
Added Net: Name=NetLC4_4
Added Pin To Net: NetName=NetR1_1 Pin=R1-1
Added Pin To Net: NetName=NetR1_1 Pin=U1-8
Added Net: Name=NetR1_1
Added Pin To Net: NetName=NetR1_2 Pin=R1-2
Added Pin To Net: NetName=NetR1_2 Pin=U1-1
Added Net: Name=NetR1_2
Added Pin To Net: NetName=NetR2_1 Pin=R2-1
Added Pin To Net: NetName=NetR2_1 Pin=U2-8
Added Net: Name=NetR2_1
Added Pin To Net: NetName=NetR2_2 Pin=R2-2
Added Pin To Net: NetName=NetR2_2 Pin=U2-1
Added Net: Name=NetR2_2
Added Pin To Net: NetName=NetR3_1 Pin=R3-1
Added Pin To Net: NetName=NetR3_1 Pin=U3-8
Added Net: Name=NetR3_1
Added Pin To Net: NetName=NetR3_2 Pin=R3-2
Added Pin To Net: NetName=NetR3_2 Pin=U3-1
Added Net: Name=NetR3_2
Added Pin To Net: NetName=NetR4_1 Pin=R4-1
Added Pin To Net: NetName=NetR4_1 Pin=U4-8
Added Net: Name=NetR4_1
Added Pin To Net: NetName=NetR4_2 Pin=R4-2
Added Pin To Net: NetName=NetR4_2 Pin=U4-1
Added Net: Name=NetR4_2
Added Pin To Net: NetName=OUT1 Pin=P2-2
Added Pin To Net: NetName=OUT1 Pin=U1-6
Added Net: Name=OUT1
Added Pin To Net: NetName=OUT2 Pin=P2-3
Added Pin To Net: NetName=OUT2 Pin=U2-5
Added Net: Name=OUT2
Added Pin To Net: NetName=OUT3 Pin=P2-4
Added Pin To Net: NetName=OUT3 Pin=U3-6
Added Net: Name=OUT3
Added Pin To Net: NetName=OUT4 Pin=P2-5
Added Pin To Net: NetName=OUT4 Pin=U4-6
Added Net: Name=OUT4
Added Pin To Net: NetName=VCC Pin=P2-1
Added Pin To Net: NetName=VCC Pin=U1-7
Added Pin To Net: NetName=VCC Pin=U2-7
Added Pin To Net: NetName=VCC Pin=U3-7
Added Pin To Net: NetName=VCC Pin=U4-7
Added Net: Name=VCC
Added Class: Name=LoadCell_Amp_SCH
