Removed Pin From Net: NetName=RXD-m8 Pin=J4-1
Removed Pin From Net: NetName=TXD-m8 Pin=J4-2
Removed Pin From Net: NetName=NetJ4_3 Pin=J4-3
Removed Pin From Net: NetName=NetJ4_4 Pin=J4-4
Removed Pin From Net: NetName=NetJ4_5 Pin=J4-5
Removed Pin From Net: NetName=NetJ4_6 Pin=J4-6
Removed Pin From Net: NetName=NetJ4_7 Pin=J4-7
Removed Pin From Net: NetName=NetJ4_8 Pin=J4-8
Removed Pin From Net: NetName=VCC Pin=J8-1
Removed Pin From Net: NetName=GND Pin=J8-2
Removed Pin From Net: NetName=GND Pin=J8-3
Removed Pin From Net: NetName=VCC Pin=J8-4
Removed Member From Class: ClassName=Arduino NG Ahuratus-SCH Member=J8
Change Component Footprint: Designator=J7 Old Footprint=SIP2 New Footprint=HDR1X2
Change Component Footprint: Designator=J3 Old Footprint=SIP6 New Footprint=HDR1X6
Change Component Footprint: Designator=J4 Old Footprint=SIP8 New Footprint=HDR1X4
Change Component Footprint: Designator=J1 Old Footprint=SIP8 New Footprint=HDR1X8
Change Component Footprint: Designator=J6 Old Footprint=SIP12 New Footprint=HDR1X12
Change Component Comment : Designator=J7 Old Comment=SIP2 New Comment=Header 2
Change Component Comment : Designator=J3 Old Comment=SIP6 New Comment=Header 6
Change Component Comment : Designator=J4 Old Comment=SIP8 New Comment=Header 4
Change Component Comment : Designator=J1 Old Comment=SIP8 New Comment=Header 8
Change Component Comment : Designator=J6 Old Comment=SIP12 New Comment=Header 12
Change component parameters: Designator = "J1"; Footprint = "HDR1X8"; UniqueID = "\AJEVJZDW"
Change component parameters. Clean all parameters for all variants
Change component parameters (AddParameter): Name = "LatestRevisionDate"; Value = "17-Jul-2002"; VariantName = "[No Variations]"
Change component parameters (AddParameter): Name = "LatestRevisionNote"; Value = "Re-released for DXP Platform."; VariantName = "[No Variations]"
Change component parameters (AddParameter): Name = "Publisher"; Value = "Altium Limited"; VariantName = "[No Variations]"
Change component parameters: Designator = "J3"; Footprint = "HDR1X6"; UniqueID = "\JUEVILVV"
Change component parameters. Clean all parameters for all variants
Change component parameters (AddParameter): Name = "LatestRevisionDate"; Value = "17-Jul-2002"; VariantName = "[No Variations]"
Change component parameters (AddParameter): Name = "LatestRevisionNote"; Value = "Re-released for DXP Platform."; VariantName = "[No Variations]"
Change component parameters (AddParameter): Name = "Publisher"; Value = "Altium Limited"; VariantName = "[No Variations]"
Change component parameters: Designator = "J4"; Footprint = "HDR1X4"; UniqueID = "\GFBHKMAG"
Change component parameters. Clean all parameters for all variants
Change component parameters (AddParameter): Name = "LatestRevisionDate"; Value = "17-Jul-2002"; VariantName = "[No Variations]"
Change component parameters (AddParameter): Name = "LatestRevisionNote"; Value = "Re-released for DXP Platform."; VariantName = "[No Variations]"
Change component parameters (AddParameter): Name = "Publisher"; Value = "Altium Limited"; VariantName = "[No Variations]"
Change component parameters: Designator = "J6"; Footprint = "HDR1X12"; UniqueID = "\GYJPEYSV"
Change component parameters. Clean all parameters for all variants
Change component parameters (AddParameter): Name = "LatestRevisionDate"; Value = "17-Jul-2002"; VariantName = "[No Variations]"
Change component parameters (AddParameter): Name = "LatestRevisionNote"; Value = "Re-released for DXP Platform."; VariantName = "[No Variations]"
Change component parameters (AddParameter): Name = "Publisher"; Value = "Altium Limited"; VariantName = "[No Variations]"
Change component parameters: Designator = "J7"; Footprint = "HDR1X2"; UniqueID = "\NMUECSJA"
Change component parameters. Clean all parameters for all variants
Change component parameters (AddParameter): Name = "LatestRevisionDate"; Value = "17-Jul-2002"; VariantName = "[No Variations]"
Change component parameters (AddParameter): Name = "LatestRevisionNote"; Value = "Re-released for DXP Platform."; VariantName = "[No Variations]"
Change component parameters (AddParameter): Name = "Publisher"; Value = "Altium Limited"; VariantName = "[No Variations]"
Added Component: Designator=J4(HDR1X8)
Add component. Clean all parameters for all variants
Add component (AddParameter): Name = "LatestRevisionDate"; Value = "17-Jul-2002"; VariantName = "[No Variations]"
Add component (AddParameter): Name = "LatestRevisionNote"; Value = "Re-released for DXP Platform."; VariantName = "[No Variations]"
Add component (AddParameter): Name = "Publisher"; Value = "Altium Limited"; VariantName = "[No Variations]"
Added Pin To Net: NetName=RXD-m8 Pin=J4-1
Added Pin To Net: NetName=VCC Pin=J4-1
Added Pin To Net: NetName=GND Pin=J4-2
Added Pin To Net: NetName=TXD-m8 Pin=J4-2
Added Pin To Net: NetName=GND Pin=J4-3
Added Pin To Net: NetName=NetJ4_3 Pin=J4-3
Added Pin To Net: NetName=NetJ4_4 Pin=J4-4
Added Pin To Net: NetName=VCC Pin=J4-4
Added Pin To Net: NetName=NetJ4_5 Pin=J4-5
Added Pin To Net: NetName=NetJ4_6 Pin=J4-6
Added Pin To Net: NetName=NetJ4_7 Pin=J4-7
Added Pin To Net: NetName=NetJ4_8 Pin=J4-8
Added Member To Class: ClassName=Arduino NG Ahuratus-SCH Member=Component J4 Header 8
Added Room: Name=Arduino NG Ahuratus-SCH
