Removed Pin From Net: NetName=VCC Pin=J5-1-VBUS
Change Component Designator: OldDesignator=J4 NewDesignator=J6
Change Component Designator: OldDesignator=J4 NewDesignator=J7
Change Component Designator: OldDesignator=J6 NewDesignator=J8
Change Component Designator: OldDesignator=J7 NewDesignator=J4
Change Component Designator: OldDesignator=LED2 NewDesignator=LED3
Change Component Designator: OldDesignator=LED3 NewDesignator=LED4
Change Component Designator: OldDesignator=LED4 NewDesignator=LED2
Change Component Designator: OldDesignator=R2 NewDesignator=R3
Change Component Designator: OldDesignator=R3 NewDesignator=R4
Change Component Designator: OldDesignator=R4 NewDesignator=R5
Change Component Designator: OldDesignator=R5 NewDesignator=R2
Added Pin To Net: NetName=NetJ6_1 Pin=J5-1-VBUS
Change Net Name : Old Net Name=NetJ4_3 New Net Name=NetJ7_3
Change Net Name : Old Net Name=NetJ4_4 New Net Name=NetJ7_4
Change Net Name : Old Net Name=NetJ4_5 New Net Name=NetJ7_5
Change Net Name : Old Net Name=NetJ4_6 New Net Name=NetJ7_6
Change Net Name : Old Net Name=NetJ4_7 New Net Name=NetJ7_7
Change Net Name : Old Net Name=NetJ4_8 New Net Name=NetJ7_8
Change Net Name : Old Net Name=NetJ6_1 New Net Name=NetJ5_1-VBUS
Change Net Name : Old Net Name=NetJ6_2 New Net Name=NetJ8_2
Change Net Name : Old Net Name=NetJ6_4 New Net Name=NetJ8_4
Change Net Name : Old Net Name=NetJ6_5 New Net Name=NetJ8_5
Change Net Name : Old Net Name=NetJ6_6 New Net Name=NetJ8_6
Change Net Name : Old Net Name=NetJ6_7 New Net Name=NetJ8_7
Change Net Name : Old Net Name=NetJ6_8 New Net Name=NetJ8_8
Change Net Name : Old Net Name=NetJ6_9 New Net Name=NetJ8_9
Change Net Name : Old Net Name=NetJ7_1 New Net Name=NetJ4_1
Change Net Name : Old Net Name=NetJ7_2 New Net Name=NetJ4_2
Change Net Name : Old Net Name=NetLED2_2 New Net Name=NetLED3_2
Change Net Name : Old Net Name=NetLED3_2 New Net Name=NetLED4_2
Change Net Name : Old Net Name=NetLED4_2 New Net Name=NetLED2_2
Added Member To Class: ClassName=Arduino NG Ahuratus-SCH Member=Component J8 Header 12
