Added Component: Designator=C1(SMD_CAP_0805)
Add component. Clean all parameters for all variants
Add component (AddParameter): Name = "Adding Date"; Value = "1387/12/20"; VariantName = "[No Variations]"
Add component (AddParameter): Name = "Designer"; Value = "Saeid Jorablo"; VariantName = "[No Variations]"
Add component (AddParameter): Name = "Organazation"; Value = "ControTec"; VariantName = "[No Variations]"
Add component (AddParameter): Name = "Value"; Value = "100nF"; VariantName = "[No Variations]"
Add component (AddParameter): Name = "Voltage"; Value = "100V"; VariantName = "[No Variations]"
Added Component: Designator=C2(SMD_CAP_0805)
Add component. Clean all parameters for all variants
Add component (AddParameter): Name = "Adding Date"; Value = "1387/12/20"; VariantName = "[No Variations]"
Add component (AddParameter): Name = "Designer"; Value = "Saeid Jorablo"; VariantName = "[No Variations]"
Add component (AddParameter): Name = "Organazation"; Value = "ControTec"; VariantName = "[No Variations]"
Add component (AddParameter): Name = "Value"; Value = "100nF"; VariantName = "[No Variations]"
Add component (AddParameter): Name = "Voltage"; Value = "100V"; VariantName = "[No Variations]"
Added Component: Designator=C3(SMD_CAP_0603)
Add component. Clean all parameters for all variants
Add component (AddParameter): Name = "Adding Date"; Value = "1387/12/20"; VariantName = "[No Variations]"
Add component (AddParameter): Name = "Designer"; Value = "Saeid Jorablo"; VariantName = "[No Variations]"
Add component (AddParameter): Name = "Organazation"; Value = "ControTec"; VariantName = "[No Variations]"
Add component (AddParameter): Name = "Value"; Value = "22pf"; VariantName = "[No Variations]"
Add component (AddParameter): Name = "Voltage"; Value = "100V"; VariantName = "[No Variations]"
Added Component: Designator=C4(Electrolytic Capacitor SMD Dia-8 - 100uf)
Add component. Clean all parameters for all variants
Add component (AddParameter): Name = "Designer"; Value = "Hamed Jafarzadeh ( R2T )"; VariantName = "[No Variations]"
Added Component: Designator=C5(SMD_CAP_0603)
Add component. Clean all parameters for all variants
Add component (AddParameter): Name = "Adding Date"; Value = "1387/12/20"; VariantName = "[No Variations]"
Add component (AddParameter): Name = "Designer"; Value = "Saeid Jorablo"; VariantName = "[No Variations]"
Add component (AddParameter): Name = "Organazation"; Value = "ControTec"; VariantName = "[No Variations]"
Add component (AddParameter): Name = "Value"; Value = "22pf"; VariantName = "[No Variations]"
Add component (AddParameter): Name = "Voltage"; Value = "100V"; VariantName = "[No Variations]"
Added Component: Designator=C6(SMD_CAP_0603)
Add component. Clean all parameters for all variants
Add component (AddParameter): Name = "Adding Date"; Value = "1387/12/20"; VariantName = "[No Variations]"
Add component (AddParameter): Name = "Designer"; Value = "Saeid Jorablo"; VariantName = "[No Variations]"
Add component (AddParameter): Name = "Organazation"; Value = "ControTec"; VariantName = "[No Variations]"
Add component (AddParameter): Name = "Value"; Value = "22pf"; VariantName = "[No Variations]"
Add component (AddParameter): Name = "Voltage"; Value = "100V"; VariantName = "[No Variations]"
Added Component: Designator=C7(SMD_CAP_0805)
Add component. Clean all parameters for all variants
Add component (AddParameter): Name = "Adding Date"; Value = "1387/12/20"; VariantName = "[No Variations]"
Add component (AddParameter): Name = "Designer"; Value = "Saeid Jorablo"; VariantName = "[No Variations]"
Add component (AddParameter): Name = "Organazation"; Value = "ControTec"; VariantName = "[No Variations]"
Add component (AddParameter): Name = "Value"; Value = "100nF"; VariantName = "[No Variations]"
Add component (AddParameter): Name = "Voltage"; Value = "100V"; VariantName = "[No Variations]"
Added Component: Designator=C8(SMD_CAP_0603)
Add component. Clean all parameters for all variants
Add component (AddParameter): Name = "Adding Date"; Value = "1387/12/20"; VariantName = "[No Variations]"
Add component (AddParameter): Name = "Designer"; Value = "Saeid Jorablo"; VariantName = "[No Variations]"
Add component (AddParameter): Name = "Organazation"; Value = "ControTec"; VariantName = "[No Variations]"
Add component (AddParameter): Name = "Value"; Value = "22pf"; VariantName = "[No Variations]"
Add component (AddParameter): Name = "Voltage"; Value = "100V"; VariantName = "[No Variations]"
Added Component: Designator=CON1(IDC2_5)
Add component. Clean all parameters for all variants
Added Component: Designator=D1(DIOMELF3615N)
Add component. Clean all parameters for all variants
Add component (AddParameter): Name = "Designer"; Value = "Hamed Jafarzadeh"; VariantName = "[No Variations]"
Added Component: Designator=D2(DIOMELF3615N)
Add component. Clean all parameters for all variants
Add component (AddParameter): Name = "Designer"; Value = "Hamed Jafarzadeh"; VariantName = "[No Variations]"
Added Component: Designator=J1(SIP8)
Add component. Clean all parameters for all variants
Added Component: Designator=J2(Power Jack)
Add component. Clean all parameters for all variants
Add component (AddParameter): Name = "Adding Date"; Value = "10/21/2009"; VariantName = "[No Variations]"
Add component (AddParameter): Name = "Company"; Value = "Personal"; VariantName = "[No Variations]"
Add component (AddParameter): Name = "Designer"; Value = "Saeid Jorablo"; VariantName = "[No Variations]"
Add component (AddParameter): Name = "Project Name"; Value = "Laser"; VariantName = "[No Variations]"
Added Component: Designator=J3(SIP6)
Add component. Clean all parameters for all variants
Added Component: Designator=J4(SIP8)
Add component. Clean all parameters for all variants
Added Component: Designator=J6(SIP12)
Add component. Clean all parameters for all variants
Added Component: Designator=J7(SIP2)
Add component. Clean all parameters for all variants
Added Component: Designator=J8(SIP4)
Add component. Clean all parameters for all variants
Added Component: Designator=LED1(LED0805)
Add component. Clean all parameters for all variants
Add component (AddParameter): Name = "Designer"; Value = "Razi Research Team Of Mashhad - Hamed Jafarzadeh"; VariantName = "[No Variations]"
Added Component: Designator=LED2(LED0805)
Add component. Clean all parameters for all variants
Add component (AddParameter): Name = "Designer"; Value = "Razi Research Team Of Mashhad - Hamed Jafarzadeh"; VariantName = "[No Variations]"
Added Component: Designator=LED3(LED0805)
Add component. Clean all parameters for all variants
Add component (AddParameter): Name = "Designer"; Value = "Razi Research Team Of Mashhad - Hamed Jafarzadeh"; VariantName = "[No Variations]"
Added Component: Designator=LED4(LED0805)
Add component. Clean all parameters for all variants
Add component (AddParameter): Name = "Designer"; Value = "Razi Research Team Of Mashhad - Hamed Jafarzadeh"; VariantName = "[No Variations]"
Added Component: Designator=R1(RES 0603 (1608X06L))
Add component. Clean all parameters for all variants
Add component (AddParameter): Name = "Value"; Value = "330R"; VariantName = "[No Variations]"
Added Component: Designator=R2(RES 0603 (1608X06L))
Add component. Clean all parameters for all variants
Add component (AddParameter): Name = "Value"; Value = "10K"; VariantName = "[No Variations]"
Added Component: Designator=R3(RES 0603 (1608X06L))
Add component. Clean all parameters for all variants
Add component (AddParameter): Name = "Value"; Value = "1k"; VariantName = "[No Variations]"
Added Component: Designator=R4(RES 0603 (1608X06L))
Add component. Clean all parameters for all variants
Add component (AddParameter): Name = "Value"; Value = "1k"; VariantName = "[No Variations]"
Added Component: Designator=R5(RES 0603 (1608X06L))
Add component. Clean all parameters for all variants
Add component (AddParameter): Name = "Value"; Value = "330R"; VariantName = "[No Variations]"
Added Component: Designator=S1(SW-PB)
Add component. Clean all parameters for all variants
Added Component: Designator=U1(32A_L)
Add component. Clean all parameters for all variants
Add component (AddParameter): Name = "Code_JEDEC"; Value = "MS-026-ABA"; VariantName = "[No Variations]"
Add component (AddParameter): Name = "ComponentLink1Description"; Value = "Manufacturer Link"; VariantName = "[No Variations]"
Add component (AddParameter): Name = "ComponentLink1URL"; Value = "http://www.atmel.com"; VariantName = "[No Variations]"
Add component (AddParameter): Name = "ComponentLink2Description"; Value = "Datasheet"; VariantName = "[No Variations]"
Add component (AddParameter): Name = "ComponentLink2URL"; Value = "http://www.atmel.com/dyn/resources/prod_documents/doc2486.pdf"; VariantName = "[No Variations]"
Add component (AddParameter): Name = "DatasheetVersion"; Value = "2486H-AVR-09/02"; VariantName = "[No Variations]"
Add component (AddParameter): Name = "LatestRevisionDate"; Value = "13-Apr-2006"; VariantName = "[No Variations]"
Add component (AddParameter): Name = "LatestRevisionNote"; Value = "IPC-7351 Footprint Added."; VariantName = "[No Variations]"
Add component (AddParameter): Name = "PackageDescription"; Value = "32-Pin Thin Quad Flat Pack 0.8 mm Pitch"; VariantName = "[No Variations]"
Add component (AddParameter): Name = "PackageReference"; Value = "32A"; VariantName = "[No Variations]"
Add component (AddParameter): Name = "PackageVersion"; Value = "revB, Oct-2001"; VariantName = "[No Variations]"
Add component (AddParameter): Name = "Published"; Value = "17-Sep-2003"; VariantName = "[No Variations]"
Add component (AddParameter): Name = "Publisher"; Value = "Altium Limited"; VariantName = "[No Variations]"
Added Component: Designator=U2(CH340T)
Add component. Clean all parameters for all variants
Add component (AddParameter): Name = "Designer"; Value = "Ehsan Shaghaei"; VariantName = "[No Variations]"
Add component (AddParameter): Name = "Web site"; Value = "www.dregg.com"; VariantName = "[No Variations]"
Added Component: Designator=Y1(Crystal SMD)
Add component. Clean all parameters for all variants
Add component (AddParameter): Name = "Company"; Value = "E.P.I.L"; VariantName = "[No Variations]"
Add component (AddParameter): Name = "Design Date"; Value = "11/04/2011"; VariantName = "[No Variations]"
Add component (AddParameter): Name = "Value"; Value = "16Mhz"; VariantName = "[No Variations]"
Added Component: Designator=Y2(Crystal SMD)
Add component. Clean all parameters for all variants
Add component (AddParameter): Name = "Company"; Value = "E.P.I.L"; VariantName = "[No Variations]"
Add component (AddParameter): Name = "Design Date"; Value = "11/04/2011"; VariantName = "[No Variations]"
Add component (AddParameter): Name = "Value"; Value = "12Mhz"; VariantName = "[No Variations]"
Added Pin To Net: NetName=ACT# Pin=J6-12
Added Pin To Net: NetName=ACT# Pin=U2-2
Added Net: Name=ACT#
Added Pin To Net: NetName=AREF Pin=J1-8
Added Pin To Net: NetName=AREF Pin=U1-20
Added Net: Name=AREF
Added Pin To Net: NetName=D+ Pin=U2-6
Added Net: Name=D+
Added Pin To Net: NetName=D- Pin=U2-7
Added Net: Name=D-
Added Pin To Net: NetName=GND Pin=C1-2
Added Pin To Net: NetName=GND Pin=C2-2
Added Pin To Net: NetName=GND Pin=C3-1
Added Pin To Net: NetName=GND Pin=C5-1
Added Pin To Net: NetName=GND Pin=C6-1
Added Pin To Net: NetName=GND Pin=C7-2
Added Pin To Net: NetName=GND Pin=C8-1
Added Pin To Net: NetName=GND Pin=D1-2
Added Pin To Net: NetName=GND Pin=D2-2
Added Pin To Net: NetName=GND Pin=J1-7
Added Pin To Net: NetName=GND Pin=J2-2
Added Pin To Net: NetName=GND Pin=J2-2
Added Pin To Net: NetName=GND Pin=J2-2
Added Pin To Net: NetName=GND Pin=J2-2
Added Pin To Net: NetName=GND Pin=J2-2
Added Pin To Net: NetName=GND Pin=J2-3
Added Pin To Net: NetName=GND Pin=J2-3
Added Pin To Net: NetName=GND Pin=J2-3
Added Pin To Net: NetName=GND Pin=J2-3
Added Pin To Net: NetName=GND Pin=J2-3
Added Pin To Net: NetName=GND Pin=J6-3
Added Pin To Net: NetName=GND Pin=J8-2
Added Pin To Net: NetName=GND Pin=J8-3
Added Pin To Net: NetName=GND Pin=R3-2
Added Pin To Net: NetName=GND Pin=R4-2
Added Pin To Net: NetName=GND Pin=R5-2
Added Pin To Net: NetName=GND Pin=S1-2
Added Pin To Net: NetName=GND Pin=S1-2
Added Pin To Net: NetName=GND Pin=U1-3
Added Pin To Net: NetName=GND Pin=U1-5
Added Pin To Net: NetName=GND Pin=U1-21
Added Pin To Net: NetName=GND Pin=U2-8
Added Pin To Net: NetName=GND Pin=U2-17
Added Net: Name=GND
Added Pin To Net: NetName=MISO Pin=CON1-9
Added Pin To Net: NetName=MISO Pin=J1-5
Added Pin To Net: NetName=MISO Pin=U1-16
Added Net: Name=MISO
Added Pin To Net: NetName=MOSI Pin=CON1-1
Added Pin To Net: NetName=MOSI Pin=J1-4
Added Pin To Net: NetName=MOSI Pin=U1-15
Added Net: Name=MOSI
Added Pin To Net: NetName=NetC3_2 Pin=C3-2
Added Pin To Net: NetName=NetC3_2 Pin=U1-7
Added Pin To Net: NetName=NetC3_2 Pin=Y1-2
Added Net: Name=NetC3_2
Added Pin To Net: NetName=NetC4_2 Pin=C4-2
Added Pin To Net: NetName=NetC4_2 Pin=CON1-4
Added Pin To Net: NetName=NetC4_2 Pin=CON1-6
Added Pin To Net: NetName=NetC4_2 Pin=CON1-8
Added Pin To Net: NetName=NetC4_2 Pin=CON1-10
Added Pin To Net: NetName=NetC4_2 Pin=R1-2
Added Net: Name=NetC4_2
Added Pin To Net: NetName=NetC5_2 Pin=C5-2
Added Pin To Net: NetName=NetC5_2 Pin=U1-8
Added Pin To Net: NetName=NetC5_2 Pin=Y1-1
Added Net: Name=NetC5_2
Added Pin To Net: NetName=NetC6_2 Pin=C6-2
Added Pin To Net: NetName=NetC6_2 Pin=U2-9
Added Pin To Net: NetName=NetC6_2 Pin=Y2-2
Added Net: Name=NetC6_2
Added Pin To Net: NetName=NetC7_1 Pin=C7-1
Added Pin To Net: NetName=NetC7_1 Pin=U2-5
Added Net: Name=NetC7_1
Added Pin To Net: NetName=NetC8_2 Pin=C8-2
Added Pin To Net: NetName=NetC8_2 Pin=U2-10
Added Pin To Net: NetName=NetC8_2 Pin=Y2-1
Added Net: Name=NetC8_2
Added Pin To Net: NetName=NetCON1_3 Pin=CON1-3
Added Pin To Net: NetName=NetCON1_3 Pin=LED1-1
Added Net: Name=NetCON1_3
Added Pin To Net: NetName=NetJ1_1 Pin=J1-1
Added Pin To Net: NetName=NetJ1_1 Pin=U1-12
Added Net: Name=NetJ1_1
Added Pin To Net: NetName=NetJ1_2 Pin=J1-2
Added Pin To Net: NetName=NetJ1_2 Pin=U1-13
Added Net: Name=NetJ1_2
Added Pin To Net: NetName=NetJ1_3 Pin=J1-3
Added Pin To Net: NetName=NetJ1_3 Pin=U1-14
Added Net: Name=NetJ1_3
Added Pin To Net: NetName=NetJ3_1 Pin=J3-1
Added Pin To Net: NetName=NetJ3_1 Pin=U1-23
Added Net: Name=NetJ3_1
Added Pin To Net: NetName=NetJ3_2 Pin=J3-2
Added Pin To Net: NetName=NetJ3_2 Pin=U1-24
Added Net: Name=NetJ3_2
Added Pin To Net: NetName=NetJ3_3 Pin=J3-3
Added Pin To Net: NetName=NetJ3_3 Pin=U1-25
Added Net: Name=NetJ3_3
Added Pin To Net: NetName=NetJ3_4 Pin=J3-4
Added Pin To Net: NetName=NetJ3_4 Pin=U1-26
Added Net: Name=NetJ3_4
Added Pin To Net: NetName=NetJ3_5 Pin=J3-5
Added Pin To Net: NetName=NetJ3_5 Pin=U1-27
Added Net: Name=NetJ3_5
Added Pin To Net: NetName=NetJ3_6 Pin=J3-6
Added Pin To Net: NetName=NetJ3_6 Pin=U1-28
Added Net: Name=NetJ3_6
Added Pin To Net: NetName=NetJ4_3 Pin=J4-3
Added Pin To Net: NetName=NetJ4_3 Pin=U1-32
Added Net: Name=NetJ4_3
Added Pin To Net: NetName=NetJ4_4 Pin=J4-4
Added Pin To Net: NetName=NetJ4_4 Pin=U1-1
Added Net: Name=NetJ4_4
Added Pin To Net: NetName=NetJ4_5 Pin=J4-5
Added Pin To Net: NetName=NetJ4_5 Pin=U1-2
Added Net: Name=NetJ4_5
Added Pin To Net: NetName=NetJ4_6 Pin=J4-6
Added Pin To Net: NetName=NetJ4_6 Pin=U1-9
Added Net: Name=NetJ4_6
Added Pin To Net: NetName=NetJ4_7 Pin=J4-7
Added Pin To Net: NetName=NetJ4_7 Pin=U1-10
Added Net: Name=NetJ4_7
Added Pin To Net: NetName=NetJ4_8 Pin=J4-8
Added Pin To Net: NetName=NetJ4_8 Pin=U1-11
Added Net: Name=NetJ4_8
Added Pin To Net: NetName=NetJ6_2 Pin=J6-2
Added Pin To Net: NetName=NetJ6_2 Pin=U2-18
Added Net: Name=NetJ6_2
Added Pin To Net: NetName=NetJ6_4 Pin=J6-4
Added Pin To Net: NetName=NetJ6_4 Pin=U2-16
Added Net: Name=NetJ6_4
Added Pin To Net: NetName=NetJ6_5 Pin=J6-5
Added Pin To Net: NetName=NetJ6_5 Pin=U2-15
Added Net: Name=NetJ6_5
Added Pin To Net: NetName=NetJ6_6 Pin=J6-6
Added Pin To Net: NetName=NetJ6_6 Pin=U2-14
Added Net: Name=NetJ6_6
Added Pin To Net: NetName=NetJ6_7 Pin=J6-7
Added Pin To Net: NetName=NetJ6_7 Pin=U2-13
Added Net: Name=NetJ6_7
Added Pin To Net: NetName=NetJ6_8 Pin=J6-8
Added Pin To Net: NetName=NetJ6_8 Pin=U2-12
Added Net: Name=NetJ6_8
Added Pin To Net: NetName=NetJ6_9 Pin=J6-9
Added Pin To Net: NetName=NetJ6_9 Pin=U2-11
Added Net: Name=NetJ6_9
Added Pin To Net: NetName=NetJ7_1 Pin=J7-1
Added Pin To Net: NetName=NetJ7_1 Pin=U1-19
Added Net: Name=NetJ7_1
Added Pin To Net: NetName=NetJ7_2 Pin=J7-2
Added Pin To Net: NetName=NetJ7_2 Pin=U1-22
Added Net: Name=NetJ7_2
Added Pin To Net: NetName=NetLED1_2 Pin=LED1-2
Added Pin To Net: NetName=NetLED1_2 Pin=R1-1
Added Net: Name=NetLED1_2
Added Pin To Net: NetName=NetLED2_2 Pin=LED2-2
Added Pin To Net: NetName=NetLED2_2 Pin=R3-1
Added Net: Name=NetLED2_2
Added Pin To Net: NetName=NetLED3_2 Pin=LED3-2
Added Pin To Net: NetName=NetLED3_2 Pin=R4-1
Added Net: Name=NetLED3_2
Added Pin To Net: NetName=NetLED4_2 Pin=LED4-2
Added Pin To Net: NetName=NetLED4_2 Pin=R5-1
Added Net: Name=NetLED4_2
Added Pin To Net: NetName=RST Pin=CON1-5
Added Pin To Net: NetName=RST Pin=R2-2
Added Pin To Net: NetName=RST Pin=S1-1
Added Pin To Net: NetName=RST Pin=S1-1
Added Pin To Net: NetName=RST Pin=U1-29
Added Net: Name=RST
Added Pin To Net: NetName=RXD-m8 Pin=J4-1
Added Pin To Net: NetName=RXD-m8 Pin=J6-10
Added Pin To Net: NetName=RXD-m8 Pin=LED2-1
Added Pin To Net: NetName=RXD-m8 Pin=U1-30
Added Pin To Net: NetName=RXD-m8 Pin=U2-3
Added Net: Name=RXD-m8
Added Pin To Net: NetName=SCK Pin=CON1-7
Added Pin To Net: NetName=SCK Pin=J1-6
Added Pin To Net: NetName=SCK Pin=U1-17
Added Net: Name=SCK
Added Pin To Net: NetName=TXD-m8 Pin=J4-2
Added Pin To Net: NetName=TXD-m8 Pin=J6-11
Added Pin To Net: NetName=TXD-m8 Pin=LED3-1
Added Pin To Net: NetName=TXD-m8 Pin=U1-31
Added Pin To Net: NetName=TXD-m8 Pin=U2-4
Added Net: Name=TXD-m8
Added Pin To Net: NetName=VCC Pin=C1-1
Added Pin To Net: NetName=VCC Pin=C2-1
Added Pin To Net: NetName=VCC Pin=C4-1
Added Pin To Net: NetName=VCC Pin=CON1-2
Added Pin To Net: NetName=VCC Pin=D1-1
Added Pin To Net: NetName=VCC Pin=D2-1
Added Pin To Net: NetName=VCC Pin=J2-1
Added Pin To Net: NetName=VCC Pin=J2-1
Added Pin To Net: NetName=VCC Pin=J2-1
Added Pin To Net: NetName=VCC Pin=J2-1
Added Pin To Net: NetName=VCC Pin=J2-1
Added Pin To Net: NetName=VCC Pin=J2-1
Added Pin To Net: NetName=VCC Pin=J2-1
Added Pin To Net: NetName=VCC Pin=J6-1
Added Pin To Net: NetName=VCC Pin=J8-1
Added Pin To Net: NetName=VCC Pin=J8-4
Added Pin To Net: NetName=VCC Pin=LED4-1
Added Pin To Net: NetName=VCC Pin=R2-1
Added Pin To Net: NetName=VCC Pin=U1-4
Added Pin To Net: NetName=VCC Pin=U1-6
Added Pin To Net: NetName=VCC Pin=U1-18
Added Pin To Net: NetName=VCC Pin=U2-19
Added Net: Name=VCC
Added Class: Name=Arduino NG Ahuratus-SCH
