Added Component: Designator=C1(Electrolytic Capacitor SMD Dia-8)
Added Component: Designator=IC1(TO-252)
Added Component: Designator=LED1(LED SMD 1206)
Added Component: Designator=P1(HDR1X6)
Added Component: Designator=P2(HDR1X6)
Added Component: Designator=P3(HDR1X2)
Added Component: Designator=P4(HDR1X2)
Added Component: Designator=P5(HDR1X2)
Added Component: Designator=R1(RES 0805 (2012X06L))
Added Component: Designator=R2(RES 0805 (2012X06L))
Added Component: Designator=S1(SPDT Subminiator)
Added Component: Designator=U1(32A_N)
Added Component: Designator=U2(DIP16)
Added Pin To Net: NetName=VCC+12 Pin=C1-1
Added Pin To Net: NetName=GND Pin=C1-2
Added Pin To Net: NetName=VCC+12 Pin=IC1-1
Added Pin To Net: NetName=VCC Pin=IC1-3
Added Pin To Net: NetName=GND Pin=IC1-4
Added Pin To Net: NetName=NetLED1_1 Pin=LED1-1
Added Pin To Net: NetName=GND Pin=LED1-2
Added Pin To Net: NetName=GND Pin=P1-1
Added Pin To Net: NetName=GND Pin=P1-2
Added Pin To Net: NetName=GND Pin=P1-3
Added Pin To Net: NetName=NetP1_4 Pin=P1-4
Added Pin To Net: NetName=NetP1_4 Pin=P1-5
Added Pin To Net: NetName=NetP1_4 Pin=P1-6
Added Pin To Net: NetName=GND Pin=P2-1
Added Pin To Net: NetName=VCC Pin=P2-2
Added Pin To Net: NetName=RES Pin=P2-3
Added Pin To Net: NetName=SCK Pin=P2-4
Added Pin To Net: NetName=MISO Pin=P2-5
Added Pin To Net: NetName=MOSI Pin=P2-6
Added Pin To Net: NetName=GND Pin=P3-1
Added Pin To Net: NetName=NetP3_2 Pin=P3-2
Added Pin To Net: NetName=NetP4_1 Pin=P4-1
Added Pin To Net: NetName=GND Pin=P4-2
Added Pin To Net: NetName=M+ Pin=P5-1
Added Pin To Net: NetName=M- Pin=P5-2
Added Pin To Net: NetName=VCC Pin=R1-1
Added Pin To Net: NetName=NetLED1_1 Pin=R1-2
Added Pin To Net: NetName=RES Pin=R2-1
Added Pin To Net: NetName=VCC Pin=R2-2
Added Pin To Net: NetName=VCC+12 Pin=S1-2
Added Pin To Net: NetName=NetP1_4 Pin=S1-3
Added Pin To Net: NetName=GND Pin=U1-3
Added Pin To Net: NetName=VCC Pin=U1-4
Added Pin To Net: NetName=GND Pin=U1-5
Added Pin To Net: NetName=VCC Pin=U1-6
Added Pin To Net: NetName=PWM Pin=U1-13
Added Pin To Net: NetName=MOSI Pin=U1-15
Added Pin To Net: NetName=MISO Pin=U1-16
Added Pin To Net: NetName=SCK Pin=U1-17
Added Pin To Net: NetName=VCC Pin=U1-18
Added Pin To Net: NetName=GND Pin=U1-21
Added Pin To Net: NetName=NetU1_23 Pin=U1-23
Added Pin To Net: NetName=NetU1_24 Pin=U1-24
Added Pin To Net: NetName=RES Pin=U1-29
Added Pin To Net: NetName=NetP3_2 Pin=U1-30
Added Pin To Net: NetName=NetP4_1 Pin=U1-31
Added Pin To Net: NetName=PWM Pin=U2-1
Added Pin To Net: NetName=NetU1_23 Pin=U2-2
Added Pin To Net: NetName=M+ Pin=U2-3
Added Pin To Net: NetName=GND Pin=U2-4
Added Pin To Net: NetName=GND Pin=U2-5
Added Pin To Net: NetName=M- Pin=U2-6
Added Pin To Net: NetName=NetU1_24 Pin=U2-7
Added Pin To Net: NetName=VCC+12 Pin=U2-8
Added Pin To Net: NetName=GND Pin=U2-12
Added Pin To Net: NetName=GND Pin=U2-13
Added Pin To Net: NetName=VCC Pin=U2-16
Added Member To Class: ClassName=Sucker_SCH Member=Component C1 Capacitor Polarized
Added Member To Class: ClassName=Sucker_SCH Member=Component IC1 L78M05
Added Member To Class: ClassName=Sucker_SCH Member=Component LED1 Red
Added Member To Class: ClassName=Sucker_SCH Member=Component P1 Power
Added Member To Class: ClassName=Sucker_SCH Member=Component P2 Programmer
Added Member To Class: ClassName=Sucker_SCH Member=Component P3 SpdUP
Added Member To Class: ClassName=Sucker_SCH Member=Component P4 SPDDN
Added Member To Class: ClassName=Sucker_SCH Member=Component P5 Header 2
Added Member To Class: ClassName=Sucker_SCH Member=Component R1 470
Added Member To Class: ClassName=Sucker_SCH Member=Component R2 1K
Added Member To Class: ClassName=Sucker_SCH Member=Component S1 Switch SPDT_Subminiator
Added Member To Class: ClassName=Sucker_SCH Member=Component U1 ATmega8-16AI
Added Member To Class: ClassName=Sucker_SCH Member=Component U2 L293D
Added Room: Name=Sucker_SCH
