Removed Pin From Net: NetName=VCC Pin=C11-1
Removed Pin From Net: NetName=VCC Pin=C12-2
Removed Pin From Net: NetName=VCC Pin=C13-2
Removed Pin From Net: NetName=VCC Pin=C1117-2
Removed Pin From Net: NetName=VCC Pin=C1118-2
Removed Pin From Net: NetName=VCC Pin=P9-2
Removed Pin From Net: NetName=VCC Pin=R6-1
Removed Pin From Net: NetName=VCC Pin=R11-1
Removed Pin From Net: NetName=VCC Pin=U5-1
Removed Pin From Net: NetName=VCC Pin=U6-3
Removed Pin From Net: NetName=VCC Pin=U132-10
Removed Pin From Net: NetName=VCC Pin=U132-30
Removed Pin From Net: NetName=VCC Pin=U132-32
Added Component: Designator=P113(HDR1X3)
Added Pin To Net: NetName=+12 Pin=P113-1
Added Pin To Net: NetName=VCC Pin=P113-2
Change Net Name : Old Net Name=VCC New Net Name=RELAY_SUPPLY
Added Pin To Net: NetName=VCC Pin=C11-1
Added Pin To Net: NetName=VCC Pin=C12-2
Added Pin To Net: NetName=VCC Pin=C13-2
Added Pin To Net: NetName=VCC Pin=C1117-2
Added Pin To Net: NetName=VCC Pin=C1118-2
Added Pin To Net: NetName=VCC Pin=P9-2
Added Pin To Net: NetName=VCC Pin=P113-3
Added Pin To Net: NetName=VCC Pin=R6-1
Added Pin To Net: NetName=VCC Pin=R11-1
Added Pin To Net: NetName=VCC Pin=U5-1
Added Pin To Net: NetName=VCC Pin=U6-3
Added Pin To Net: NetName=VCC Pin=U132-10
Added Pin To Net: NetName=VCC Pin=U132-30
Added Pin To Net: NetName=VCC Pin=U132-32
Added Net: Name=VCC
Added Member To Class: ClassName=RC_Receive_SCH Member=Component P113 Header 3
