Removed Pin From Net: NetName=VCC Pin=C12-1
Removed Pin From Net: NetName=GND Pin=C12-2
Removed Pin From Net: NetName=VCC Pin=C13-1
Removed Pin From Net: NetName=GND Pin=C13-2
Removed Pin From Net: NetName=VCC(3.3V) Pin=C14-1
Removed Pin From Net: NetName=GND Pin=C14-2
Removed Pin From Net: NetName=VCC(3.3V) Pin=C15-1
Removed Pin From Net: NetName=GND Pin=C15-2
Removed Pin From Net: NetName=VCC(3.3V) Pin=C16-1
Removed Pin From Net: NetName=GND Pin=C16-2
Removed Pin From Net: NetName=NetD7_1 Pin=R8-2
Removed Pin From Net: NetName=CPC1 Pin=R9-1
Removed Pin From Net: NetName=NetQ1_3 Pin=R9-2
Removed Pin From Net: NetName=CNC1 Pin=R10-1
Removed Pin From Net: NetName=NetQ2_3 Pin=R10-2
Removed Pin From Net: NetName=CPC2 Pin=R12-1
Removed Pin From Net: NetName=NetQ3_3 Pin=R12-2
Removed Pin From Net: NetName=CNC2 Pin=R13-1
Removed Pin From Net: NetName=NetQ4_3 Pin=R13-2
Removed Pin From Net: NetName=CPC3 Pin=R14-1
Removed Pin From Net: NetName=NetQ5_3 Pin=R14-2
Removed Pin From Net: NetName=NetQ7_3 Pin=R16-1
Removed Pin From Net: NetName=CPC8 Pin=R16-2
Removed Pin From Net: NetName=NetQ8_3 Pin=R17-1
Removed Pin From Net: NetName=CPC7 Pin=R17-2
Removed Pin From Net: NetName=NetQ9_3 Pin=R18-1
Removed Pin From Net: NetName=CPC6 Pin=R18-2
Removed Pin From Net: NetName=NetQ10_3 Pin=R19-1
Removed Pin From Net: NetName=CPC5 Pin=R19-2
Removed Pin From Net: NetName=NetQ11_3 Pin=R20-1
Removed Pin From Net: NetName=CPC4 Pin=R20-2
Removed Pin From Net: NetName=NetQ12_3 Pin=R21-1
Removed Pin From Net: NetName=CNC8 Pin=R21-2
Removed Pin From Net: NetName=NetQ13_3 Pin=R22-1
Removed Pin From Net: NetName=CNC7 Pin=R22-2
Removed Pin From Net: NetName=NetQ14_3 Pin=R23-1
Removed Pin From Net: NetName=CNC6 Pin=R23-2
Removed Pin From Net: NetName=NetQ15_3 Pin=R24-1
Removed Pin From Net: NetName=CNC5 Pin=R24-2
Removed Pin From Net: NetName=NetQ16_3 Pin=R25-1
Removed Pin From Net: NetName=CNC4 Pin=R25-2
Removed Pin From Net: NetName=+12 Pin=U4-1
Removed Pin From Net: NetName=GND Pin=U4-2
Removed Pin From Net: NetName=VCC Pin=U4-3
Removed Pin From Net: NetName=GND Pin=U5-1
Removed Pin From Net: NetName=VCC Pin=U5-3
Removed Pin From Net: NetName=VCC(3.3V) Pin=U5-4
Removed Pin From Net: NetName=MOSI Pin=U6-1
Removed Pin From Net: NetName=MISO Pin=U6-2
Removed Pin From Net: NetName=SCK Pin=U6-3
Removed Pin From Net: NetName=RES Pin=U6-4
Removed Pin From Net: NetName=VCC Pin=U6-5
Removed Pin From Net: NetName=GND Pin=U6-6
Removed Pin From Net: NetName=NetC19_2 Pin=U6-7
Removed Pin From Net: NetName=NetC20_1 Pin=U6-8
Removed Pin From Net: NetName=CNC1 Pin=U6-9
Removed Pin From Net: NetName=CNC2 Pin=U6-10
Removed Pin From Net: NetName=IRQ Pin=U6-11
Removed Pin From Net: NetName=CNC3 Pin=U6-12
Removed Pin From Net: NetName=CNC4 Pin=U6-13
Removed Pin From Net: NetName=CNC5 Pin=U6-14
Removed Pin From Net: NetName=CNC6 Pin=U6-15
Removed Pin From Net: NetName=CNC7 Pin=U6-16
Removed Pin From Net: NetName=VCC Pin=U6-17
Removed Pin From Net: NetName=GND Pin=U6-18
Removed Pin From Net: NetName=CPC1 Pin=U6-19
Removed Pin From Net: NetName=CPC2 Pin=U6-20
Removed Pin From Net: NetName=CPC3 Pin=U6-21
Removed Pin From Net: NetName=CPC4 Pin=U6-22
Removed Pin From Net: NetName=CPC5 Pin=U6-23
Removed Pin From Net: NetName=CPC6 Pin=U6-24
Removed Pin From Net: NetName=CPC7 Pin=U6-25
Removed Pin From Net: NetName=CPC8 Pin=U6-26
Removed Pin From Net: NetName=VCC Pin=U6-27
Removed Pin From Net: NetName=GND Pin=U6-28
Removed Pin From Net: NetName=VCC Pin=U6-29
Removed Pin From Net: NetName=ADC7 Pin=U6-30
Removed Pin From Net: NetName=ADC6 Pin=U6-31
Removed Pin From Net: NetName=ADC5 Pin=U6-32
Removed Pin From Net: NetName=ADC4 Pin=U6-33
Removed Pin From Net: NetName=ADC3 Pin=U6-34
Removed Pin From Net: NetName=ADC2 Pin=U6-35
Removed Pin From Net: NetName=ADC1 Pin=U6-36
Removed Pin From Net: NetName=ADC0 Pin=U6-37
Removed Pin From Net: NetName=VCC Pin=U6-38
Removed Pin From Net: NetName=GND Pin=U6-39
Removed Pin From Net: NetName=CNC8 Pin=U6-40
Removed Pin From Net: NetName=NetB1_1 Pin=U6-42
Removed Pin From Net: NetName=CE Pin=U6-43
Removed Pin From Net: NetName=CSN Pin=U6-44
Removed Member From Class: ClassName=RC_Receive_SCH Member=U4
Change Component DesignItemId : Designator=U6 Old DesignItemId=ATmega16-16AI New DesignItemId=7805
Change Component DesignItemId : Designator=C12 Old DesignItemId=Cap-Bipolar New DesignItemId=CAP
Change Component DesignItemId : Designator=C13 Old DesignItemId=Cap-Bipolar New DesignItemId=CAP
Change Component DesignItemId : Designator=C14 Old DesignItemId=Cap-Bipolar New DesignItemId=CAP
Change Component DesignItemId : Designator=C15 Old DesignItemId=Cap-Bipolar New DesignItemId=CAP
Change Component DesignItemId : Designator=C16 Old DesignItemId=Cap-Bipolar New DesignItemId=CAP
Change Component DesignItemId : Designator=C11 Old DesignItemId=Capacitor Polarized New DesignItemId=Cap-Polar
Change Component DesignItemId : Designator=C17 Old DesignItemId=Capacitor Polarized New DesignItemId=Cap-Polar
Change Component DesignItemId : Designator=C18 Old DesignItemId=Capacitor Polarized New DesignItemId=Cap-Polar
Change Component DesignItemId : Designator=U5 Old DesignItemId=LM1117IMP-x.x New DesignItemId=Header 3
Change Component Footprint: Designator=U6 Old Footprint=44A_N New Footprint=My_TO-220
Change Component Footprint: Designator=C11 Old Footprint=Electrolytic Capacitor SMD Dia-8 New Footprint=cap 01
Change Component Footprint: Designator=C17 Old Footprint=Electrolytic Capacitor SMD Dia-8 New Footprint=cap 01
Change Component Footprint: Designator=C18 Old Footprint=Electrolytic Capacitor SMD Dia-8 New Footprint=cap 01
Change Component Footprint: Designator=U5 Old Footprint=MP04A_N New Footprint=HDR1X3
Change Component Footprint: Designator=R6 Old Footprint=RES 0805 (2012X06L) New Footprint=Res-(1/4)-Stand
Change Component Footprint: Designator=R7 Old Footprint=RES 0805 (2012X06L) New Footprint=Res-(1/4)-Stand
Change Component Footprint: Designator=R8 Old Footprint=RES 0805 (2012X06L) New Footprint=Res-(1/4)-Stand
Change Component Footprint: Designator=R9 Old Footprint=RES 0805 (2012X06L) New Footprint=Res-(1/4)-Stand
Change Component Footprint: Designator=R10 Old Footprint=RES 0805 (2012X06L) New Footprint=Res-(1/4)-Stand
Change Component Footprint: Designator=R12 Old Footprint=RES 0805 (2012X06L) New Footprint=Res-(1/4)-Stand
Change Component Footprint: Designator=R13 Old Footprint=RES 0805 (2012X06L) New Footprint=Res-(1/4)-Stand
Change Component Footprint: Designator=R14 Old Footprint=RES 0805 (2012X06L) New Footprint=Res-(1/4)-Stand
Change Component Footprint: Designator=R15 Old Footprint=RES 0805 (2012X06L) New Footprint=Res-(1/4)-Stand
Change Component Footprint: Designator=R16 Old Footprint=RES 0805 (2012X06L) New Footprint=Res-(1/4)-Stand
Change Component Footprint: Designator=R17 Old Footprint=RES 0805 (2012X06L) New Footprint=Res-(1/4)-Stand
Change Component Footprint: Designator=R18 Old Footprint=RES 0805 (2012X06L) New Footprint=Res-(1/4)-Stand
Change Component Footprint: Designator=R19 Old Footprint=RES 0805 (2012X06L) New Footprint=Res-(1/4)-Stand
Change Component Footprint: Designator=R20 Old Footprint=RES 0805 (2012X06L) New Footprint=Res-(1/4)-Stand
Change Component Footprint: Designator=R21 Old Footprint=RES 0805 (2012X06L) New Footprint=Res-(1/4)-Stand
Change Component Footprint: Designator=R22 Old Footprint=RES 0805 (2012X06L) New Footprint=Res-(1/4)-Stand
Change Component Footprint: Designator=R23 Old Footprint=RES 0805 (2012X06L) New Footprint=Res-(1/4)-Stand
Change Component Footprint: Designator=R24 Old Footprint=RES 0805 (2012X06L) New Footprint=Res-(1/4)-Stand
Change Component Footprint: Designator=R25 Old Footprint=RES 0805 (2012X06L) New Footprint=Res-(1/4)-Stand
Change Component Footprint: Designator=C12 Old Footprint=SMD_CAP_1206 New Footprint=RAD_ADA
Change Component Footprint: Designator=C13 Old Footprint=SMD_CAP_1206 New Footprint=RAD_ADA
Change Component Footprint: Designator=C14 Old Footprint=SMD_CAP_1206 New Footprint=RAD_ADA
Change Component Footprint: Designator=C15 Old Footprint=SMD_CAP_1206 New Footprint=RAD_ADA
Change Component Footprint: Designator=C16 Old Footprint=SMD_CAP_1206 New Footprint=RAD_ADA
Change Component Comment : Designator=R6 Old Comment=100/125 New Comment=1K
Change Component Comment : Designator=R7 Old Comment=100/125 New Comment=1K
Change Component Comment : Designator=R8 Old Comment=100/125 New Comment=1K
Change Component Comment : Designator=C12 Old Comment=100nF New Comment=CAP
Change Component Comment : Designator=C13 Old Comment=100nF New Comment=CAP
Change Component Comment : Designator=C14 Old Comment=100nF New Comment=CAP
Change Component Comment : Designator=C15 Old Comment=100nF New Comment=CAP
Change Component Comment : Designator=C16 Old Comment=100nF New Comment=CAP
Change Component Comment : Designator=U6 Old Comment=ATmega16-16AI New Comment=7805
Change Component Comment : Designator=C17 Old Comment=Capacitor Polarized New Comment=1uF
Change Component Comment : Designator=C18 Old Comment=Capacitor Polarized New Comment=1uF
Change Component Comment : Designator=C11 Old Comment=Capacitor Polarized New Comment=Value
Change Component Comment : Designator=U5 Old Comment=LM1117IMP-x.x New Comment=LF33
Added Component: Designator=C1117(RAD_ADA)
Added Component: Designator=C1118(RAD_ADA)
Added Component: Designator=C1119(RAD_ADA)
Added Component: Designator=U?(40P6)
Added Pin To Net: NetName=GND Pin=C12-1
Added Pin To Net: NetName=VCC Pin=C12-2
Added Pin To Net: NetName=GND Pin=C13-1
Added Pin To Net: NetName=VCC Pin=C13-2
Added Pin To Net: NetName=GND Pin=C14-1
Added Pin To Net: NetName=VCC(3.3V) Pin=C14-2
Added Pin To Net: NetName=GND Pin=C15-1
Added Pin To Net: NetName=VCC(3.3V) Pin=C15-2
Added Pin To Net: NetName=GND Pin=C16-1
Added Pin To Net: NetName=VCC(3.3V) Pin=C16-2
Added Pin To Net: NetName=GND Pin=C1117-1
Added Pin To Net: NetName=VCC Pin=C1117-2
Added Pin To Net: NetName=GND Pin=C1118-1
Added Pin To Net: NetName=VCC Pin=C1118-2
Added Pin To Net: NetName=GND Pin=C1119-1
Added Pin To Net: NetName=VCC(3.3V) Pin=C1119-2
Added Pin To Net: NetName=NetD7_1 Pin=R8-1
Added Pin To Net: NetName=NetQ1_3 Pin=R9-1
Added Pin To Net: NetName=CPC1 Pin=R9-2
Added Pin To Net: NetName=NetQ2_3 Pin=R10-1
Added Pin To Net: NetName=CNC1 Pin=R10-2
Added Pin To Net: NetName=NetQ3_3 Pin=R12-1
Added Pin To Net: NetName=CPC2 Pin=R12-2
Added Pin To Net: NetName=NetQ4_3 Pin=R13-1
Added Pin To Net: NetName=CNC2 Pin=R13-2
Added Pin To Net: NetName=NetQ5_3 Pin=R14-1
Added Pin To Net: NetName=CPC3 Pin=R14-2
Added Pin To Net: NetName=CPC8 Pin=R16-1
Added Pin To Net: NetName=NetQ7_3 Pin=R16-2
Added Pin To Net: NetName=CPC7 Pin=R17-1
Added Pin To Net: NetName=NetQ8_3 Pin=R17-2
Added Pin To Net: NetName=CPC6 Pin=R18-1
Added Pin To Net: NetName=NetQ9_3 Pin=R18-2
Added Pin To Net: NetName=CPC5 Pin=R19-1
Added Pin To Net: NetName=NetQ10_3 Pin=R19-2
Added Pin To Net: NetName=CPC4 Pin=R20-1
Added Pin To Net: NetName=NetQ11_3 Pin=R20-2
Added Pin To Net: NetName=CNC8 Pin=R21-1
Added Pin To Net: NetName=NetQ12_3 Pin=R21-2
Added Pin To Net: NetName=CNC7 Pin=R22-1
Added Pin To Net: NetName=NetQ13_3 Pin=R22-2
Added Pin To Net: NetName=CNC6 Pin=R23-1
Added Pin To Net: NetName=NetQ14_3 Pin=R23-2
Added Pin To Net: NetName=CNC5 Pin=R24-1
Added Pin To Net: NetName=NetQ15_3 Pin=R24-2
Added Pin To Net: NetName=CNC4 Pin=R25-1
Added Pin To Net: NetName=NetQ16_3 Pin=R25-2
Added Pin To Net: NetName=VCC Pin=U5-1
Added Pin To Net: NetName=GND Pin=U5-2
Added Pin To Net: NetName=VCC(3.3V) Pin=U5-3
Added Pin To Net: NetName=+12 Pin=U6-1
Added Pin To Net: NetName=GND Pin=U6-2
Added Pin To Net: NetName=VCC Pin=U6-3
Added Pin To Net: NetName=CNC8 Pin=U?-1
Added Pin To Net: NetName=NetB1_1 Pin=U?-3
Added Pin To Net: NetName=CE Pin=U?-4
Added Pin To Net: NetName=CSN Pin=U?-5
Added Pin To Net: NetName=MOSI Pin=U?-6
Added Pin To Net: NetName=MISO Pin=U?-7
Added Pin To Net: NetName=SCK Pin=U?-8
Added Pin To Net: NetName=RES Pin=U?-9
Added Pin To Net: NetName=VCC Pin=U?-10
Added Pin To Net: NetName=GND Pin=U?-11
Added Pin To Net: NetName=NetC19_2 Pin=U?-12
Added Pin To Net: NetName=NetC20_1 Pin=U?-13
Added Pin To Net: NetName=CNC1 Pin=U?-14
Added Pin To Net: NetName=CNC2 Pin=U?-15
Added Pin To Net: NetName=IRQ Pin=U?-16
Added Pin To Net: NetName=CNC3 Pin=U?-17
Added Pin To Net: NetName=CNC4 Pin=U?-18
Added Pin To Net: NetName=CNC5 Pin=U?-19
Added Pin To Net: NetName=CNC6 Pin=U?-20
Added Pin To Net: NetName=CNC7 Pin=U?-21
Added Pin To Net: NetName=CPC1 Pin=U?-22
Added Pin To Net: NetName=CPC2 Pin=U?-23
Added Pin To Net: NetName=CPC3 Pin=U?-24
Added Pin To Net: NetName=CPC4 Pin=U?-25
Added Pin To Net: NetName=CPC5 Pin=U?-26
Added Pin To Net: NetName=CPC6 Pin=U?-27
Added Pin To Net: NetName=CPC7 Pin=U?-28
Added Pin To Net: NetName=CPC8 Pin=U?-29
Added Pin To Net: NetName=VCC Pin=U?-30
Added Pin To Net: NetName=GND Pin=U?-31
Added Pin To Net: NetName=VCC Pin=U?-32
Added Pin To Net: NetName=ADC7 Pin=U?-33
Added Pin To Net: NetName=ADC6 Pin=U?-34
Added Pin To Net: NetName=ADC5 Pin=U?-35
Added Pin To Net: NetName=ADC4 Pin=U?-36
Added Pin To Net: NetName=ADC3 Pin=U?-37
Added Pin To Net: NetName=ADC2 Pin=U?-38
Added Pin To Net: NetName=ADC1 Pin=U?-39
Added Pin To Net: NetName=ADC0 Pin=U?-40
Added Pin To Net: NetName=NetR8_2 Pin=R8-2
Added Pin To Net: NetName=NetR8_2 Pin=U?-2
Added Net: Name=NetR8_2
Added Member To Class: ClassName=RC_Receive_SCH Member=Component C1117 CAP
Added Member To Class: ClassName=RC_Receive_SCH Member=Component C1118 CAP
Added Member To Class: ClassName=RC_Receive_SCH Member=Component C1119 CAP
Added Member To Class: ClassName=RC_Receive_SCH Member=Component U? ATmega16-16PC
Added Room: Name=RC_Receive_SCH
