Change Component Designator: Old Designator=C? New Designator=C1
Change Component Designator: Old Designator=C? New Designator=C2
Change Component Designator: Old Designator=C? New Designator=C3
Change Component Designator: Old Designator=C? New Designator=C4
Change Component Designator: Old Designator=C? New Designator=C5
Change Component Designator: Old Designator=C? New Designator=C6
Change Component Designator: Old Designator=C? New Designator=C7
Change Component Designator: Old Designator=C? New Designator=C8
Change Component Designator: Old Designator=C? New Designator=C9
Change Component Designator: Old Designator=D? New Designator=D1
Change Component Designator: Old Designator=D? New Designator=D2
Change Component Designator: Old Designator=D? New Designator=D3
Change Component Designator: Old Designator=D? New Designator=D4
Change Component Designator: Old Designator=D? New Designator=D5
Change Component Designator: Old Designator=D? New Designator=D6
Change Component Designator: Old Designator=D? New Designator=D7
Change Component Designator: Old Designator=D? New Designator=D8
Change Component Designator: Old Designator=D? New Designator=D9
Change Component Designator: Old Designator=D? New Designator=D10
Change Component Designator: Old Designator=D? New Designator=D11
Change Component Designator: Old Designator=D? New Designator=D12
Change Component Designator: Old Designator=D? New Designator=D13
Change Component Designator: Old Designator=D? New Designator=D14
Change Component Designator: Old Designator=D? New Designator=D15
Change Component Designator: Old Designator=D? New Designator=D16
Change Component Designator: Old Designator=D? New Designator=D17
Change Component Designator: Old Designator=D? New Designator=D18
Change Component Designator: Old Designator=D? New Designator=D19
Change Component Designator: Old Designator=D? New Designator=D20
Change Component Designator: Old Designator=D? New Designator=D21
Change Component Designator: Old Designator=D? New Designator=D22
Change Component Designator: Old Designator=D? New Designator=D23
Change Component Designator: Old Designator=D? New Designator=D24
Change Component Designator: Old Designator=D? New Designator=D25
Change Component Designator: Old Designator=D? New Designator=D26
Change Component Designator: Old Designator=D? New Designator=D27
Change Component Designator: Old Designator=D? New Designator=D28
Change Component Designator: Old Designator=D? New Designator=D29
Change Component Designator: Old Designator=D? New Designator=D30
Change Component Designator: Old Designator=D? New Designator=D31
Change Component Designator: Old Designator=D? New Designator=D32
Change Component Designator: Old Designator=DZ? New Designator=DZ1
Change Component Designator: Old Designator=DZ? New Designator=DZ2
Change Component Designator: Old Designator=DZ? New Designator=DZ3
Change Component Designator: Old Designator=DZ? New Designator=DZ4
Change Component Designator: Old Designator=J? New Designator=J1
Change Component Designator: Old Designator=J? New Designator=J2
Change Component Designator: Old Designator=P? New Designator=P1
Change Component Designator: Old Designator=P? New Designator=P2
Change Component Designator: Old Designator=Q? New Designator=Q1
Change Component Designator: Old Designator=Q? New Designator=Q2
Change Component Designator: Old Designator=Q? New Designator=Q3
Change Component Designator: Old Designator=Q? New Designator=Q4
Change Component Designator: Old Designator=Q? New Designator=Q5
Change Component Designator: Old Designator=Q? New Designator=Q6
Change Component Designator: Old Designator=Q? New Designator=Q7
Change Component Designator: Old Designator=Q? New Designator=Q8
Change Component Designator: Old Designator=Q? New Designator=Q9
Change Component Designator: Old Designator=Q? New Designator=Q10
Change Component Designator: Old Designator=Q? New Designator=Q11
Change Component Designator: Old Designator=Q? New Designator=Q12
Change Component Designator: Old Designator=Q? New Designator=Q13
Change Component Designator: Old Designator=Q? New Designator=Q14
Change Component Designator: Old Designator=Q? New Designator=Q15
Change Component Designator: Old Designator=Q? New Designator=Q16
Change Component Designator: Old Designator=Q? New Designator=Q17
Change Component Designator: Old Designator=Q? New Designator=Q18
Change Component Designator: Old Designator=Q? New Designator=Q19
Change Component Designator: Old Designator=Q? New Designator=Q20
Change Component Designator: Old Designator=Q? New Designator=Q21
Change Component Designator: Old Designator=Q? New Designator=Q22
Change Component Designator: Old Designator=Q? New Designator=Q23
Change Component Designator: Old Designator=Q? New Designator=Q24
Change Component Designator: Old Designator=Q? New Designator=Q25
Change Component Designator: Old Designator=R? New Designator=R1
Change Component Designator: Old Designator=R? New Designator=R2
Change Component Designator: Old Designator=R? New Designator=R3
Change Component Designator: Old Designator=R? New Designator=R4
Change Component Designator: Old Designator=R? New Designator=R5
Change Component Designator: Old Designator=R? New Designator=R6
Change Component Designator: Old Designator=R? New Designator=R7
Change Component Designator: Old Designator=R? New Designator=R8
Change Component Designator: Old Designator=R? New Designator=R9
Change Component Designator: Old Designator=R? New Designator=R10
Change Component Designator: Old Designator=R? New Designator=R11
Change Component Designator: Old Designator=R? New Designator=R12
Change Component Designator: Old Designator=R? New Designator=R13
Change Component Designator: Old Designator=R? New Designator=R14
Change Component Designator: Old Designator=R? New Designator=R15
Change Component Designator: Old Designator=R? New Designator=R16
Change Component Designator: Old Designator=R? New Designator=R17
Change Component Designator: Old Designator=R? New Designator=R18
Change Component Designator: Old Designator=R? New Designator=R19
Change Component Designator: Old Designator=R? New Designator=R20
Change Component Designator: Old Designator=R? New Designator=R21
Change Component Designator: Old Designator=R? New Designator=R22
Change Component Designator: Old Designator=R? New Designator=R23
Change Component Designator: Old Designator=R? New Designator=R24
Change Component Designator: Old Designator=R? New Designator=R25
Change Component Designator: Old Designator=R? New Designator=R26
Change Component Designator: Old Designator=REL? New Designator=REL1
Change Component Designator: Old Designator=REL? New Designator=REL2
Change Component Designator: Old Designator=REL? New Designator=REL3
Change Component Designator: Old Designator=REL? New Designator=REL4
Change Component Designator: Old Designator=REL? New Designator=REL5
Change Component Designator: Old Designator=REL? New Designator=REL6
Change Component Designator: Old Designator=REL? New Designator=REL7
Change Component Designator: Old Designator=REL? New Designator=REL8
Change Component Designator: Old Designator=REL? New Designator=REL9
Change Component Designator: Old Designator=REL? New Designator=REL10
Change Component Designator: Old Designator=REL? New Designator=REL11
Change Component Designator: Old Designator=REL? New Designator=REL12
Change Component Designator: Old Designator=REL? New Designator=REL13
Change Component Designator: Old Designator=REL? New Designator=REL14
Change Component Designator: Old Designator=REL? New Designator=REL15
Change Component Designator: Old Designator=REL? New Designator=REL16
Change Component Designator: Old Designator=REL? New Designator=REL17
Change Component Designator: Old Designator=REL? New Designator=REL18
Change Component Designator: Old Designator=REL? New Designator=REL19
Change Component Designator: Old Designator=REL? New Designator=REL20
Change Component Designator: Old Designator=REL? New Designator=REL21
Change Component Designator: Old Designator=REL? New Designator=REL22
Change Component Designator: Old Designator=REL? New Designator=REL23
Change Component Designator: Old Designator=REL? New Designator=REL24
Change Component Designator: Old Designator=T? New Designator=T1
Change Component Designator: Old Designator=T? New Designator=T2
Change Component Designator: Old Designator=T? New Designator=T3
Change Component Designator: Old Designator=T? New Designator=T4
Change Component Designator: Old Designator=T? New Designator=T5
Change Component Designator: Old Designator=T? New Designator=T6
Change Component Designator: Old Designator=T? New Designator=T7
Change Component Designator: Old Designator=T? New Designator=T8
Change Component Designator: Old Designator=T? New Designator=T9
Change Component Designator: Old Designator=U? New Designator=U1
Change Component Designator: Old Designator=U? New Designator=U2
Change Component Designator: Old Designator=X? New Designator=X1
