Added Component: Designator=C1(RAD-0.3)
Added Component: Designator=C2(CAPR5-4X5)
Added Component: Designator=IC1(PCBComponent_1)
Added Component: Designator=P1(SMB_V-RJ45)
Added Component: Designator=R1(Res50)
Added Component: Designator=S1(PB-2pin)
Added Component: Designator=U1(My_TO-220)
Added Component: Designator=U2(LM35-TO92)
Added Component: Designator=U3(My_40P6)
Added Pin To Net: NetName=3.3V Pin=C2-1
Added Pin To Net: NetName=3.3V Pin=IC1-1
Added Pin To Net: NetName=3.3V Pin=IC1-5
Added Pin To Net: NetName=3.3V Pin=U1-3
Added Net: Name=3.3V
Added Pin To Net: NetName=GND Pin=IC1-3
Added Pin To Net: NetName=GND Pin=IC1-6
Added Pin To Net: NetName=GND Pin=P1-2
Added Pin To Net: NetName=GND Pin=P1-2
Added Pin To Net: NetName=GND Pin=P1-2
Added Pin To Net: NetName=GND Pin=P1-2
Added Pin To Net: NetName=GND Pin=S1-1
Added Pin To Net: NetName=GND Pin=U1-2
Added Pin To Net: NetName=GND Pin=U2-3
Added Pin To Net: NetName=GND Pin=U3-11
Added Pin To Net: NetName=GND Pin=U3-31
Added Net: Name=GND
Added Pin To Net: NetName=NetC1_1 Pin=C1-1
Added Pin To Net: NetName=NetC1_1 Pin=C2-2
Added Net: Name=NetC1_1
Added Pin To Net: NetName=NetIC1_2 Pin=IC1-2
Added Pin To Net: NetName=NetIC1_2 Pin=U3-14
Added Net: Name=NetIC1_2
Added Pin To Net: NetName=NetIC1_4 Pin=IC1-4
Added Pin To Net: NetName=NetIC1_4 Pin=U3-15
Added Net: Name=NetIC1_4
Added Pin To Net: NetName=NetIC1_8 Pin=P1-1
Added Net: Name=NetIC1_8
Added Pin To Net: NetName=NetR1_1 Pin=R1-1
Added Pin To Net: NetName=NetR1_1 Pin=S1-2
Added Pin To Net: NetName=NetR1_1 Pin=U3-9
Added Net: Name=NetR1_1
Added Pin To Net: NetName=NetU2_2 Pin=U2-2
Added Pin To Net: NetName=NetU2_2 Pin=U3-40
Added Net: Name=NetU2_2
Added Pin To Net: NetName=VCC Pin=C1-2
Added Pin To Net: NetName=VCC Pin=R1-2
Added Pin To Net: NetName=VCC Pin=U1-1
Added Pin To Net: NetName=VCC Pin=U2-1
Added Pin To Net: NetName=VCC Pin=U3-10
Added Pin To Net: NetName=VCC Pin=U3-30
Added Pin To Net: NetName=VCC Pin=U3-32
Added Net: Name=VCC
Added Class: Name=SheetMain
Added Room: Name=SheetMain
