Added Component: Designator=C1(RB7.6-15)
Added Component: Designator=D1(SMC)
Added Component: Designator=D2(LED-1)
Added Component: Designator=D3(3.2X1.6X1.1)
Added Component: Designator=D4(3.2X1.6X1.1)
Added Component: Designator=D5(3.2X1.6X1.1)
Added Component: Designator=D6(3.2X1.6X1.1)
Added Component: Designator=D7(3.2X1.6X1.1)
Added Component: Designator=D8(3.2X1.6X1.1)
Added Component: Designator=D9(3.2X1.6X1.1)
Added Component: Designator=D10(3.2X1.6X1.1)
Added Component: Designator=D11(3.2X1.6X1.1)
Added Component: Designator=D12(3.2X1.6X1.1)
Added Component: Designator=D13(3.2X1.6X1.1)
Added Component: Designator=D14(3.2X1.6X1.1)
Added Component: Designator=P1(HDR1X2)
Added Component: Designator=R1(AXIAL-0.3)
Added Component: Designator=R2(AXIAL-0.3)
Added Component: Designator=U1(28P3)
Added Component: Designator=VR1(D2PAK_N)
Added Pin To Net: NetName=GND Pin=C1-2
Added Pin To Net: NetName=GND Pin=D2-2
Added Pin To Net: NetName=GND Pin=P1-1
Added Pin To Net: NetName=GND Pin=R2-1
Added Pin To Net: NetName=GND Pin=U1-8
Added Pin To Net: NetName=GND Pin=U1-22
Added Pin To Net: NetName=GND Pin=VR1-2
Added Net: Name=GND
Added Pin To Net: NetName=NetD1_1 Pin=D1-1
Added Pin To Net: NetName=NetD1_1 Pin=P1-2
Added Net: Name=NetD1_1
Added Pin To Net: NetName=NetD1_2 Pin=D1-2
Added Pin To Net: NetName=NetD1_2 Pin=VR1-1
Added Net: Name=NetD1_2
Added Pin To Net: NetName=NetD2_1 Pin=D2-1
Added Pin To Net: NetName=NetD2_1 Pin=R1-1
Added Net: Name=NetD2_1
Added Pin To Net: NetName=NetD3_1 Pin=D3-1
Added Pin To Net: NetName=NetD3_1 Pin=U1-14
Added Net: Name=NetD3_1
Added Pin To Net: NetName=NetD3_2 Pin=D3-2
Added Pin To Net: NetName=NetD3_2 Pin=D4-2
Added Pin To Net: NetName=NetD3_2 Pin=D5-2
Added Pin To Net: NetName=NetD3_2 Pin=D6-2
Added Pin To Net: NetName=NetD3_2 Pin=D7-2
Added Pin To Net: NetName=NetD3_2 Pin=D8-2
Added Pin To Net: NetName=NetD3_2 Pin=D9-2
Added Pin To Net: NetName=NetD3_2 Pin=D10-2
Added Pin To Net: NetName=NetD3_2 Pin=D11-2
Added Pin To Net: NetName=NetD3_2 Pin=D12-2
Added Pin To Net: NetName=NetD3_2 Pin=D13-2
Added Pin To Net: NetName=NetD3_2 Pin=D14-2
Added Pin To Net: NetName=NetD3_2 Pin=R2-2
Added Net: Name=NetD3_2
Added Pin To Net: NetName=NetD4_1 Pin=D4-1
Added Pin To Net: NetName=NetD4_1 Pin=U1-15
Added Net: Name=NetD4_1
Added Pin To Net: NetName=NetD5_1 Pin=D5-1
Added Pin To Net: NetName=NetD5_1 Pin=U1-16
Added Net: Name=NetD5_1
Added Pin To Net: NetName=NetD6_1 Pin=D6-1
Added Pin To Net: NetName=NetD6_1 Pin=U1-17
Added Net: Name=NetD6_1
Added Pin To Net: NetName=NetD7_1 Pin=D7-1
Added Pin To Net: NetName=NetD7_1 Pin=U1-18
Added Net: Name=NetD7_1
Added Pin To Net: NetName=NetD8_1 Pin=D8-1
Added Pin To Net: NetName=NetD8_1 Pin=U1-19
Added Net: Name=NetD8_1
Added Pin To Net: NetName=NetD9_1 Pin=D9-1
Added Pin To Net: NetName=NetD9_1 Pin=U1-9
Added Net: Name=NetD9_1
Added Pin To Net: NetName=NetD10_1 Pin=D10-1
Added Pin To Net: NetName=NetD10_1 Pin=U1-10
Added Net: Name=NetD10_1
Added Pin To Net: NetName=NetD11_1 Pin=D11-1
Added Pin To Net: NetName=NetD11_1 Pin=U1-2
Added Net: Name=NetD11_1
Added Pin To Net: NetName=NetD12_1 Pin=D12-1
Added Pin To Net: NetName=NetD12_1 Pin=U1-3
Added Net: Name=NetD12_1
Added Pin To Net: NetName=NetD13_1 Pin=D13-1
Added Pin To Net: NetName=NetD13_1 Pin=U1-4
Added Net: Name=NetD13_1
Added Pin To Net: NetName=NetD14_1 Pin=D14-1
Added Pin To Net: NetName=NetD14_1 Pin=U1-5
Added Net: Name=NetD14_1
Added Pin To Net: NetName=VCC Pin=C1-1
Added Pin To Net: NetName=VCC Pin=R1-2
Added Pin To Net: NetName=VCC Pin=U1-7
Added Pin To Net: NetName=VCC Pin=U1-20
Added Pin To Net: NetName=VCC Pin=U1-21
Added Pin To Net: NetName=VCC Pin=VR1-3
Added Net: Name=VCC
Added Class: Name=WLB_DOC
Added Room: Name=WLB_DOC
